This file contains any messages produced by compilers while
running configure, to aid debugging if configure makes a mistake.

It was created by configure, which was
generated by GNU Autoconf 2.68.  Invocation command line was

  $ ./configure --disable-option-checking --prefix=/usr/local CXX=arm-arago-linux-gnueabi-g++ CC=arm-arago-linux-gnueabi-gcc --build=i686-pc-linux-gnu --host=arm-linux CXXFLAGS=-I/usr/local/srtp2_arm/include LDFLAGS=-L/usr/local/srtp2_arm/lib LIBS=-lsrtp2 --disable-sdl build_alias=i686-pc-linux-gnu host_alias=arm-linux --cache-file=/dev/null --srcdir=.

## --------- ##
## Platform. ##
## --------- ##

hostname = sdt-SMBIOS
uname -m = x86_64
uname -r = 3.16.0-30-generic
uname -s = Linux
uname -v = #40~14.04.1-Ubuntu SMP Thu Jan 15 17:43:14 UTC 2015

/usr/bin/uname -p = unknown
/bin/uname -X     = unknown

/bin/arch              = unknown
/usr/bin/arch -k       = unknown
/usr/convex/getsysinfo = unknown
/usr/bin/hostinfo      = unknown
/bin/machine           = unknown
/usr/bin/oslevel       = unknown
/bin/universe          = unknown

PATH: /root/anaconda2/bin
PATH: /usr/local/sbin
PATH: /usr/local/bin
PATH: /usr/sbin
PATH: /usr/bin
PATH: /sbin
PATH: /bin
PATH: /usr/games
PATH: /usr/local/games
PATH: /usr/local/dvrrdk/DVRRDK_04.00.00.03/ti_tools/cgt_a8/arago/linux-devkit/bin
PATH: /usr/local/ffmpeg/bin
PATH: /usr/local/ssl_x86_64/bin
PATH: /usr/local/valgrind/bin
PATH: /usr/local/Gmssl_x86_64/bin
PATH: /home/lee/mem_leak_check/gcc-linaro-arm-linux-gnueabihf-4.8-2013.10_linux/bin
PATH: /root/CodeSourcery/Sourcery_G++_Lite/bin
PATH: /usr/local/dvrrdk/DVRRDK_04.00.00.03/ti_tools/cgt_a8/arago/linux-devkit/bin


## ----------- ##
## Core tests. ##
## ----------- ##

configure:2802: checking for arm-linux-pkg-config
configure:2835: result: no
configure:2845: checking for pkg-config
configure:2863: found /usr/bin/pkg-config
configure:2875: result: /usr/bin/pkg-config
configure:2887: WARNING: using cross tools not prefixed with host triplet
configure:2900: checking pkg-config is at least version 0.9.0
configure:2903: result: yes
configure:2944: checking build system type
configure:2958: result: i686-pc-linux-gnu
configure:2978: checking host system type
configure:2991: result: arm-unknown-linux-gnu
configure:3011: checking target system type
configure:3024: result: arm-unknown-linux-gnu
configure:3241: checking for C++ compiler version
configure:3250: arm-arago-linux-gnueabi-g++ --version >&5
arm-arago-linux-gnueabi-g++ (GCC) 4.5.3 20110311 (prerelease)
Copyright (C) 2010 Free Software Foundation, Inc.
This is free software; see the source for copying conditions.  There is NO
warranty; not even for MERCHANTABILITY or FITNESS FOR A PARTICULAR PURPOSE.

configure:3261: $? = 0
configure:3250: arm-arago-linux-gnueabi-g++ -v >&5
Using built-in specs.
COLLECT_GCC=arm-arago-linux-gnueabi-g++
Target: arm-arago-linux-gnueabi
Configured with: /sim/scratch_a0850442/arago-tmp-arago/work/i686-armv7a-sdk-arago-linux-gnueabi/gcc-cross-sdk-4.5-r41.2+svnr170880/gcc-4_5-branch/configure --build=i686-linux --host=i686-linux --target=arm-arago-linux-gnueabi --prefix=/arago-2011.09/armv7a --exec_prefix=/arago-2011.09/armv7a --bindir=/arago-2011.09/armv7a/bin --sbindir=/arago-2011.09/armv7a/bin --libexecdir=/arago-2011.09/armv7a/libexec --datadir=/arago-2011.09/armv7a/share --sysconfdir=/arago-2011.09/armv7a/etc --sharedstatedir=/arago-2011.09/armv7a/share/com --localstatedir=/arago-2011.09/armv7a/var --libdir=/arago-2011.09/armv7a/lib --includedir=/arago-2011.09/armv7a/include --oldincludedir=/arago-2011.09/armv7a/include --infodir=/arago-2011.09/armv7a/share/info --mandir=/arago-2011.09/armv7a/share/man --enable-largefile --disable-nls --enable-ipv6 --with-gnu-ld --enable-shared --enable-languages=c,c++,objc,fortran --enable-threads=posix --disable-multilib --enable-c99 --enable-long-long --enable-symvers=gnu --enable-libstdcxx-pch --program-prefix=arm-arago-linux-gnueabi- --enable-target-optspace --enable-lto --enable-libssp --disable-bootstrap --disable-libgomp --disable-libmudflap --with-float=softfp --with-sysroot=/arago-2011.09/armv7a/arm-arago-linux-gnueabi --with-build-time-tools=/sim/scratch_a0850442/arago-tmp-arago/sysroots/i686-linux/usr/armv7a/arm-arago-linux-gnueabi/bin --with-build-sysroot=/sim/scratch_a0850442/arago-tmp-arago/sysroots/armv7a-arago-linux-gnueabi --disable-libunwind-exceptions --with-mpfr=/sim/scratch_a0850442/arago-tmp-arago/sysroots/i686-linux/usr --with-system-zlib --enable-__cxa_atexit
Thread model: posix
gcc version 4.5.3 20110311 (prerelease) (GCC) 
configure:3261: $? = 0
configure:3250: arm-arago-linux-gnueabi-g++ -V >&5
arm-arago-linux-gnueabi-g++: '-V' option must have argument
configure:3261: $? = 1
configure:3250: arm-arago-linux-gnueabi-g++ -qversion >&5
arm-arago-linux-gnueabi-g++: unrecognized option '-qversion'
arm-arago-linux-gnueabi-g++: no input files
configure:3261: $? = 1
configure:3281: checking whether the C++ compiler works
configure:3303: arm-arago-linux-gnueabi-g++ -I/usr/local/srtp2_arm/include  -L/usr/local/srtp2_arm/lib conftest.cpp -lsrtp2 >&5
configure:3307: $? = 0
configure:3355: result: yes
configure:3358: checking for C++ compiler default output file name
configure:3360: result: a.out
configure:3366: checking for suffix of executables
configure:3373: arm-arago-linux-gnueabi-g++ -o conftest -I/usr/local/srtp2_arm/include  -L/usr/local/srtp2_arm/lib conftest.cpp -lsrtp2 >&5
configure:3377: $? = 0
configure:3399: result: 
configure:3421: checking whether we are cross compiling
configure:3459: result: yes
configure:3464: checking for suffix of object files
configure:3486: arm-arago-linux-gnueabi-g++ -c -I/usr/local/srtp2_arm/include  conftest.cpp >&5
configure:3490: $? = 0
configure:3511: result: o
configure:3515: checking whether we are using the GNU C++ compiler
configure:3534: arm-arago-linux-gnueabi-g++ -c -I/usr/local/srtp2_arm/include  conftest.cpp >&5
configure:3534: $? = 0
configure:3543: result: yes
configure:3552: checking whether arm-arago-linux-gnueabi-g++ accepts -g
configure:3572: arm-arago-linux-gnueabi-g++ -c -g  conftest.cpp >&5
configure:3572: $? = 0
configure:3613: result: yes
configure:3864: checking for PTLIB
configure:3871: $PKG_CONFIG --exists --print-errors "ptlib >= ${PTLIB_REC_VERSION}"
configure:3874: $? = 0
configure:3887: $PKG_CONFIG --exists --print-errors "ptlib >= ${PTLIB_REC_VERSION}"
configure:3890: $? = 0
configure:3949: result: yes
configure:4069: checking linkable PTLib
configure:4098: arm-arago-linux-gnueabi-g++ -o conftest -I/usr/local/srtp2_arm/include -DPTRACING=1 -D_REENTRANT -fno-exceptions -I/usr/local/include -I/usr/local/Gmssl_arm/include   -felide-constructors -Wreorder  -L/usr/local/srtp2_arm/lib conftest.cpp -L/usr/local/lib -lpt   >&5
/usr/local/dvrrdk/DVRRDK_04.00.00.03/ti_tools/cgt_a8/arago/linux-devkit/bin/../lib/gcc/arm-arago-linux-gnueabi/4.5.3/../../../../arm-arago-linux-gnueabi/bin/ld: cannot find -lpt
collect2: ld returned 1 exit status
configure:4098: $? = 1
configure: failed program was:
| /* confdefs.h */
| #define PACKAGE_NAME ""
| #define PACKAGE_TARNAME ""
| #define PACKAGE_VERSION ""
| #define PACKAGE_STRING ""
| #define PACKAGE_BUGREPORT ""
| #define PACKAGE_URL ""
| /* end confdefs.h.  */
| 
|                             #include <ptbuildopts.h>
|                             #include <ptlib.h>
| int
| main ()
| {
| 
|                               PString str("");
| 
|   ;
|   return 0;
| }
configure:4136: arm-arago-linux-gnueabi-g++ -o conftest -I/usr/local/srtp2_arm/include -DPTRACING=1 -D_REENTRANT -fno-exceptions -I/usr/local/include -I/usr/local/Gmssl_arm/include   -felide-constructors -Wreorder  -L/usr/local/srtp2_arm/lib conftest.cpp -L/usr/local/lib -lpt_d   >&5
/usr/local/dvrrdk/DVRRDK_04.00.00.03/ti_tools/cgt_a8/arago/linux-devkit/bin/../lib/gcc/arm-arago-linux-gnueabi/4.5.3/../../../../arm-arago-linux-gnueabi/bin/ld: warning: libssl.so.1.1, needed by /usr/local/lib/libpt_d.so, not found (try using -rpath or -rpath-link)
/usr/local/dvrrdk/DVRRDK_04.00.00.03/ti_tools/cgt_a8/arago/linux-devkit/bin/../lib/gcc/arm-arago-linux-gnueabi/4.5.3/../../../../arm-arago-linux-gnueabi/bin/ld: warning: libcrypto.so.1.1, needed by /usr/local/lib/libpt_d.so, not found (try using -rpath or -rpath-link)
/usr/local/lib/libpt_d.so: undefined reference to `BIO_ctrl@OPENSSL_1_1_0d'
/usr/local/lib/libpt_d.so: undefined reference to `EC_KEY_get0_group@OPENSSL_1_1_0d'
/usr/local/lib/libpt_d.so: undefined reference to `X509_NAME_oneline@OPENSSL_1_1_0d'
/usr/local/lib/libpt_d.so: undefined reference to `BIO_set_data@OPENSSL_1_1_0d'
/usr/local/lib/libpt_d.so: undefined reference to `BIO_meth_new@OPENSSL_1_1_0d'
/usr/local/lib/libpt_d.so: undefined reference to `SSL_CTX_load_verify_locations@OPENSSL_1_1_0d'
/usr/local/lib/libpt_d.so: undefined reference to `SSL_CTX_set_verify@OPENSSL_1_1_0d'
/usr/local/lib/libpt_d.so: undefined reference to `SSL_CTX_new@OPENSSL_1_1_0d'
/usr/local/lib/libpt_d.so: undefined reference to `SHA1_Init@OPENSSL_1_1_0d'
/usr/local/lib/libpt_d.so: undefined reference to `X509_PUBKEY_get@OPENSSL_1_1_0d'
/usr/local/lib/libpt_d.so: undefined reference to `ERR_put_error@OPENSSL_1_1_0d'
/usr/local/lib/libpt_d.so: undefined reference to `X509_dup@OPENSSL_1_1_0d'
/usr/local/lib/libpt_d.so: undefined reference to `SSL_get_version@OPENSSL_1_1_0d'
/usr/local/lib/libpt_d.so: undefined reference to `BIO_set_flags@OPENSSL_1_1_0d'
/usr/local/lib/libpt_d.so: undefined reference to `BN_bin2bn@OPENSSL_1_1_0d'
/usr/local/lib/libpt_d.so: undefined reference to `BIO_meth_set_ctrl@OPENSSL_1_1_0d'
/usr/local/lib/libpt_d.so: undefined reference to `OBJ_sn2nid@OPENSSL_1_1_0d'
/usr/local/lib/libpt_d.so: undefined reference to `SSL_CTX_set_default_verify_paths@OPENSSL_1_1_0d'
/usr/local/lib/libpt_d.so: undefined reference to `BIO_meth_set_create@OPENSSL_1_1_0d'
/usr/local/lib/libpt_d.so: undefined reference to `X509_PUBKEY_new@OPENSSL_1_1_0d'
/usr/local/lib/libpt_d.so: undefined reference to `BIO_meth_set_destroy@OPENSSL_1_1_0d'
/usr/local/lib/libpt_d.so: undefined reference to `DH_set0_pqg@OPENSSL_1_1_0d'
/usr/local/lib/libpt_d.so: undefined reference to `SSL_CTX_set_quiet_shutdown@OPENSSL_1_1_0d'
/usr/local/lib/libpt_d.so: undefined reference to `SSL_shutdown@OPENSSL_1_1_0d'
/usr/local/lib/libpt_d.so: undefined reference to `X509_set_version@OPENSSL_1_1_0d'
/usr/local/lib/libpt_d.so: undefined reference to `SSL_connect@OPENSSL_1_1_0d'
/usr/local/lib/libpt_d.so: undefined reference to `SSL_CIPHER_get_name@OPENSSL_1_1_0d'
/usr/local/lib/libpt_d.so: undefined reference to `PEM_read_bio_DHparams@OPENSSL_1_1_0d'
/usr/local/lib/libpt_d.so: undefined reference to `i2d_PrivateKey@OPENSSL_1_1_0d'
/usr/local/lib/libpt_d.so: undefined reference to `SSL_get_current_cipher@OPENSSL_1_1_0d'
/usr/local/lib/libpt_d.so: undefined reference to `SSL_get_error@OPENSSL_1_1_0d'
/usr/local/lib/libpt_d.so: undefined reference to `EC_KEY_generate_key@OPENSSL_1_1_0d'
/usr/local/lib/libpt_d.so: undefined reference to `OpenSSL_version@OPENSSL_1_1_0d'
/usr/local/lib/libpt_d.so: undefined reference to `X509_NAME_free@OPENSSL_1_1_0d'
/usr/local/lib/libpt_d.so: undefined reference to `CRYPTO_num_locks@OPENSSL_1_1_0d'
/usr/local/lib/libpt_d.so: undefined reference to `PEM_write_bio_PrivateKey@OPENSSL_1_1_0d'
/usr/local/lib/libpt_d.so: undefined reference to `i2d_PrivateKey_bio@OPENSSL_1_1_0d'
/usr/local/lib/libpt_d.so: undefined reference to `SSL_write@OPENSSL_1_1_0d'
/usr/local/lib/libpt_d.so: undefined reference to `SHA1_Update@OPENSSL_1_1_0d'
/usr/local/lib/libpt_d.so: undefined reference to `SSL_read@OPENSSL_1_1_0d'
/usr/local/lib/libpt_d.so: undefined reference to `SSL_CTX_use_certificate@OPENSSL_1_1_0d'
/usr/local/lib/libpt_d.so: undefined reference to `RAND_seed@OPENSSL_1_1_0d'
/usr/local/lib/libpt_d.so: undefined reference to `BIO_new@OPENSSL_1_1_0d'
/usr/local/lib/libpt_d.so: undefined reference to `SSL_pending@OPENSSL_1_1_0d'
/usr/local/lib/libpt_d.so: undefined reference to `SSL_use_certificate@OPENSSL_1_1_0d'
/usr/local/lib/libpt_d.so: undefined reference to `X509_STORE_CTX_get_current_cert@OPENSSL_1_1_0d'
/usr/local/lib/libpt_d.so: undefined reference to `d2i_DHparams@OPENSSL_1_1_0d'
/usr/local/lib/libpt_d.so: undefined reference to `X509_getm_notAfter@OPENSSL_1_1_0d'
/usr/local/lib/libpt_d.so: undefined reference to `DH_new@OPENSSL_1_1_0d'
/usr/local/lib/libpt_d.so: undefined reference to `BIO_set_init@OPENSSL_1_1_0d'
/usr/local/lib/libpt_d.so: undefined reference to `d2i_AutoPrivateKey@OPENSSL_1_1_0d'
/usr/local/lib/libpt_d.so: undefined reference to `EVP_sm3@OPENSSL_1_1_0d'
/usr/local/lib/libpt_d.so: undefined reference to `X509_set_subject_name@OPENSSL_1_1_0d'
/usr/local/lib/libpt_d.so: undefined reference to `BIO_get_shutdown@OPENSSL_1_1_0d'
/usr/local/lib/libpt_d.so: undefined reference to `EC_GROUP_set_asn1_flag@OPENSSL_1_1_0d'
/usr/local/lib/libpt_d.so: undefined reference to `TLSv1_2_method@OPENSSL_1_1_0d'
/usr/local/lib/libpt_d.so: undefined reference to `EC_KEY_new_by_curve_name@OPENSSL_1_1_0d'
/usr/local/lib/libpt_d.so: undefined reference to `SSL_new@OPENSSL_1_1_0d'
/usr/local/lib/libpt_d.so: undefined reference to `X509_get_subject_name@OPENSSL_1_1_0d'
/usr/local/lib/libpt_d.so: undefined reference to `BIO_meth_set_write@OPENSSL_1_1_0d'
/usr/local/lib/libpt_d.so: undefined reference to `BIO_get_init@OPENSSL_1_1_0d'
/usr/local/lib/libpt_d.so: undefined reference to `X509_get_serialNumber@OPENSSL_1_1_0d'
/usr/local/lib/libpt_d.so: undefined reference to `SSL_CTX_free@OPENSSL_1_1_0d'
/usr/local/lib/libpt_d.so: undefined reference to `i2d_X509@OPENSSL_1_1_0d'
/usr/local/lib/libpt_d.so: undefined reference to `SSL_set_bio@OPENSSL_1_1_0d'
/usr/local/lib/libpt_d.so: undefined reference to `TLSv1_method@OPENSSL_1_1_0d'
/usr/local/lib/libpt_d.so: undefined reference to `ASN1_INTEGER_set@OPENSSL_1_1_0d'
/usr/local/lib/libpt_d.so: undefined reference to `BIO_meth_free@OPENSSL_1_1_0d'
/usr/local/lib/libpt_d.so: undefined reference to `PEM_read_bio_PrivateKey@OPENSSL_1_1_0d'
/usr/local/lib/libpt_d.so: undefined reference to `X509_PUBKEY_free@OPENSSL_1_1_0d'
/usr/local/lib/libpt_d.so: undefined reference to `BIO_get_data@OPENSSL_1_1_0d'
/usr/local/lib/libpt_d.so: undefined reference to `X509_new@OPENSSL_1_1_0d'
/usr/local/lib/libpt_d.so: undefined reference to `i2d_X509_bio@OPENSSL_1_1_0d'
/usr/local/lib/libpt_d.so: undefined reference to `OPENSSL_init_ssl@OPENSSL_1_1_0d'
/usr/local/lib/libpt_d.so: undefined reference to `BIO_meth_set_puts@OPENSSL_1_1_0d'
/usr/local/lib/libpt_d.so: undefined reference to `BIO_clear_flags@OPENSSL_1_1_0d'
/usr/local/lib/libpt_d.so: undefined reference to `X509_NAME_new@OPENSSL_1_1_0d'
/usr/local/lib/libpt_d.so: undefined reference to `OBJ_txt2nid@OPENSSL_1_1_0d'
/usr/local/lib/libpt_d.so: undefined reference to `d2i_X509@OPENSSL_1_1_0d'
/usr/local/lib/libpt_d.so: undefined reference to `EVP_PKEY_new@OPENSSL_1_1_0d'
/usr/local/lib/libpt_d.so: undefined reference to `X509_set_issuer_name@OPENSSL_1_1_0d'
/usr/local/lib/libpt_d.so: undefined reference to `d2i_X509_bio@OPENSSL_1_1_0d'
/usr/local/lib/libpt_d.so: undefined reference to `SSL_CTX_set_cipher_list@OPENSSL_1_1_0d'
/usr/local/lib/libpt_d.so: undefined reference to `ERR_peek_error@OPENSSL_1_1_0d'
/usr/local/lib/libpt_d.so: undefined reference to `SSL_export_keying_material@OPENSSL_1_1_0d'
/usr/local/lib/libpt_d.so: undefined reference to `X509_PUBKEY_set@OPENSSL_1_1_0d'
/usr/local/lib/libpt_d.so: undefined reference to `EVP_PKEY_assign@OPENSSL_1_1_0d'
/usr/local/lib/libpt_d.so: undefined reference to `X509_gmtime_adj@OPENSSL_1_1_0d'
/usr/local/lib/libpt_d.so: undefined reference to `BIO_s_file@OPENSSL_1_1_0d'
/usr/local/lib/libpt_d.so: undefined reference to `X509_free@OPENSSL_1_1_0d'
/usr/local/lib/libpt_d.so: undefined reference to `BIO_free@OPENSSL_1_1_0d'
/usr/local/lib/libpt_d.so: undefined reference to `SSL_CTX_check_private_key@OPENSSL_1_1_0d'
/usr/local/lib/libpt_d.so: undefined reference to `ASN1_d2i_bio@OPENSSL_1_1_0d'
/usr/local/lib/libpt_d.so: undefined reference to `EVP_PKEY_free@OPENSSL_1_1_0d'
/usr/local/lib/libpt_d.so: undefined reference to `PEM_read_bio_X509@OPENSSL_1_1_0d'
/usr/local/lib/libpt_d.so: undefined reference to `X509_getm_notBefore@OPENSSL_1_1_0d'
/usr/local/lib/libpt_d.so: undefined reference to `SSL_CTX_ctrl@OPENSSL_1_1_0d'
/usr/local/lib/libpt_d.so: undefined reference to `SHA1_Final@OPENSSL_1_1_0d'
/usr/local/lib/libpt_d.so: undefined reference to `SSL_CTX_use_PrivateKey@OPENSSL_1_1_0d'
/usr/local/lib/libpt_d.so: undefined reference to `PEM_write_bio_X509@OPENSSL_1_1_0d'
/usr/local/lib/libpt_d.so: undefined reference to `X509_set_pubkey@OPENSSL_1_1_0d'
/usr/local/lib/libpt_d.so: undefined reference to `X509_sign@OPENSSL_1_1_0d'
/usr/local/lib/libpt_d.so: undefined reference to `X509_STORE_CTX_get_error_depth@OPENSSL_1_1_0d'
/usr/local/lib/libpt_d.so: undefined reference to `ERR_error_string@OPENSSL_1_1_0d'
/usr/local/lib/libpt_d.so: undefined reference to `X509_NAME_add_entry_by_NID@OPENSSL_1_1_0d'
/usr/local/lib/libpt_d.so: undefined reference to `SSL_CTX_set_session_id_context@OPENSSL_1_1_0d'
/usr/local/lib/libpt_d.so: undefined reference to `DH_get0_pqg@OPENSSL_1_1_0d'
/usr/local/lib/libpt_d.so: undefined reference to `SSL_accept@OPENSSL_1_1_0d'
/usr/local/lib/libpt_d.so: undefined reference to `BIO_meth_set_gets@OPENSSL_1_1_0d'
/usr/local/lib/libpt_d.so: undefined reference to `DH_free@OPENSSL_1_1_0d'
/usr/local/lib/libpt_d.so: undefined reference to `d2i_PrivateKey_bio@OPENSSL_1_1_0d'
/usr/local/lib/libpt_d.so: undefined reference to `SSL_set_verify@OPENSSL_1_1_0d'
/usr/local/lib/libpt_d.so: undefined reference to `SSL_free@OPENSSL_1_1_0d'
/usr/local/lib/libpt_d.so: undefined reference to `BIO_set_shutdown@OPENSSL_1_1_0d'
/usr/local/lib/libpt_d.so: undefined reference to `BIO_meth_set_read@OPENSSL_1_1_0d'
collect2: ld returned 1 exit status
configure:4136: $? = 1
configure: failed program was:
| /* confdefs.h */
| #define PACKAGE_NAME ""
| #define PACKAGE_TARNAME ""
| #define PACKAGE_VERSION ""
| #define PACKAGE_STRING ""
| #define PACKAGE_BUGREPORT ""
| #define PACKAGE_URL ""
| /* end confdefs.h.  */
| 
|                             #include <ptbuildopts.h>
|                             #include <ptlib.h>
| int
| main ()
| {
| 
|                               PString str("");
| 
|   ;
|   return 0;
| }
configure:4176: arm-arago-linux-gnueabi-g++ -o conftest -I/usr/local/srtp2_arm/include -DPTRACING=1 -D_REENTRANT -fno-exceptions -I/usr/local/include -I/usr/local/Gmssl_arm/include   -felide-constructors -Wreorder  -L/usr/local/srtp2_arm/lib conftest.cpp -L/usr/local/lib -L/usr/local/Gmssl_arm/lib -lpt_s -lpthread -lrt -lssl -lcrypto -lexpat -lresolv -ldl   >&5
/usr/local/dvrrdk/DVRRDK_04.00.00.03/ti_tools/cgt_a8/arago/linux-devkit/bin/../lib/gcc/arm-arago-linux-gnueabi/4.5.3/../../../../arm-arago-linux-gnueabi/bin/ld: cannot find -lpt_s
collect2: ld returned 1 exit status
configure:4176: $? = 1
configure: failed program was:
| /* confdefs.h */
| #define PACKAGE_NAME ""
| #define PACKAGE_TARNAME ""
| #define PACKAGE_VERSION ""
| #define PACKAGE_STRING ""
| #define PACKAGE_BUGREPORT ""
| #define PACKAGE_URL ""
| /* end confdefs.h.  */
| 
|                             #include <ptbuildopts.h>
|                             #include <ptlib.h>
| int
| main ()
| {
| 
|                               PString str("");
| 
|   ;
|   return 0;
| }
configure:4214: arm-arago-linux-gnueabi-g++ -o conftest -I/usr/local/srtp2_arm/include -DPTRACING=1 -D_REENTRANT -fno-exceptions -I/usr/local/include -I/usr/local/Gmssl_arm/include   -felide-constructors -Wreorder  -L/usr/local/srtp2_arm/lib conftest.cpp -L/usr/local/lib -L/usr/local/Gmssl_arm/lib -lpt_d_s -lpthread -lrt -lssl -lcrypto -lexpat -lresolv -ldl   >&5
/usr/local/dvrrdk/DVRRDK_04.00.00.03/ti_tools/cgt_a8/arago/linux-devkit/bin/../lib/gcc/arm-arago-linux-gnueabi/4.5.3/../../../../arm-arago-linux-gnueabi/bin/ld: warning: libStcSkf.so, needed by /usr/local/Gmssl_arm/lib/libssl.so, not found (try using -rpath or -rpath-link)
configure:4214: $? = 0
configure:4225: result: debug, static
configure:4362: checking for C++ compiler version
configure:4371: arm-arago-linux-gnueabi-g++ --version >&5
arm-arago-linux-gnueabi-g++ (GCC) 4.5.3 20110311 (prerelease)
Copyright (C) 2010 Free Software Foundation, Inc.
This is free software; see the source for copying conditions.  There is NO
warranty; not even for MERCHANTABILITY or FITNESS FOR A PARTICULAR PURPOSE.

configure:4382: $? = 0
configure:4371: arm-arago-linux-gnueabi-g++ -v >&5
Using built-in specs.
COLLECT_GCC=arm-arago-linux-gnueabi-g++
Target: arm-arago-linux-gnueabi
Configured with: /sim/scratch_a0850442/arago-tmp-arago/work/i686-armv7a-sdk-arago-linux-gnueabi/gcc-cross-sdk-4.5-r41.2+svnr170880/gcc-4_5-branch/configure --build=i686-linux --host=i686-linux --target=arm-arago-linux-gnueabi --prefix=/arago-2011.09/armv7a --exec_prefix=/arago-2011.09/armv7a --bindir=/arago-2011.09/armv7a/bin --sbindir=/arago-2011.09/armv7a/bin --libexecdir=/arago-2011.09/armv7a/libexec --datadir=/arago-2011.09/armv7a/share --sysconfdir=/arago-2011.09/armv7a/etc --sharedstatedir=/arago-2011.09/armv7a/share/com --localstatedir=/arago-2011.09/armv7a/var --libdir=/arago-2011.09/armv7a/lib --includedir=/arago-2011.09/armv7a/include --oldincludedir=/arago-2011.09/armv7a/include --infodir=/arago-2011.09/armv7a/share/info --mandir=/arago-2011.09/armv7a/share/man --enable-largefile --disable-nls --enable-ipv6 --with-gnu-ld --enable-shared --enable-languages=c,c++,objc,fortran --enable-threads=posix --disable-multilib --enable-c99 --enable-long-long --enable-symvers=gnu --enable-libstdcxx-pch --program-prefix=arm-arago-linux-gnueabi- --enable-target-optspace --enable-lto --enable-libssp --disable-bootstrap --disable-libgomp --disable-libmudflap --with-float=softfp --with-sysroot=/arago-2011.09/armv7a/arm-arago-linux-gnueabi --with-build-time-tools=/sim/scratch_a0850442/arago-tmp-arago/sysroots/i686-linux/usr/armv7a/arm-arago-linux-gnueabi/bin --with-build-sysroot=/sim/scratch_a0850442/arago-tmp-arago/sysroots/armv7a-arago-linux-gnueabi --disable-libunwind-exceptions --with-mpfr=/sim/scratch_a0850442/arago-tmp-arago/sysroots/i686-linux/usr --with-system-zlib --enable-__cxa_atexit
Thread model: posix
gcc version 4.5.3 20110311 (prerelease) (GCC) 
configure:4382: $? = 0
configure:4371: arm-arago-linux-gnueabi-g++ -V >&5
arm-arago-linux-gnueabi-g++: '-V' option must have argument
configure:4382: $? = 1
configure:4371: arm-arago-linux-gnueabi-g++ -qversion >&5
arm-arago-linux-gnueabi-g++: unrecognized option '-qversion'
arm-arago-linux-gnueabi-g++: no input files
configure:4382: $? = 1
configure:4386: checking whether we are using the GNU C++ compiler
configure:4414: result: yes
configure:4423: checking whether arm-arago-linux-gnueabi-g++ accepts -g
configure:4484: result: yes
configure:4515: checking for arm-linux-gcc
configure:4542: result: arm-arago-linux-gnueabi-gcc
configure:4811: checking for C compiler version
configure:4820: arm-arago-linux-gnueabi-gcc --version >&5
arm-arago-linux-gnueabi-gcc (GCC) 4.5.3 20110311 (prerelease)
Copyright (C) 2010 Free Software Foundation, Inc.
This is free software; see the source for copying conditions.  There is NO
warranty; not even for MERCHANTABILITY or FITNESS FOR A PARTICULAR PURPOSE.

configure:4831: $? = 0
configure:4820: arm-arago-linux-gnueabi-gcc -v >&5
Using built-in specs.
COLLECT_GCC=arm-arago-linux-gnueabi-gcc
Target: arm-arago-linux-gnueabi
Configured with: /sim/scratch_a0850442/arago-tmp-arago/work/i686-armv7a-sdk-arago-linux-gnueabi/gcc-cross-sdk-4.5-r41.2+svnr170880/gcc-4_5-branch/configure --build=i686-linux --host=i686-linux --target=arm-arago-linux-gnueabi --prefix=/arago-2011.09/armv7a --exec_prefix=/arago-2011.09/armv7a --bindir=/arago-2011.09/armv7a/bin --sbindir=/arago-2011.09/armv7a/bin --libexecdir=/arago-2011.09/armv7a/libexec --datadir=/arago-2011.09/armv7a/share --sysconfdir=/arago-2011.09/armv7a/etc --sharedstatedir=/arago-2011.09/armv7a/share/com --localstatedir=/arago-2011.09/armv7a/var --libdir=/arago-2011.09/armv7a/lib --includedir=/arago-2011.09/armv7a/include --oldincludedir=/arago-2011.09/armv7a/include --infodir=/arago-2011.09/armv7a/share/info --mandir=/arago-2011.09/armv7a/share/man --enable-largefile --disable-nls --enable-ipv6 --with-gnu-ld --enable-shared --enable-languages=c,c++,objc,fortran --enable-threads=posix --disable-multilib --enable-c99 --enable-long-long --enable-symvers=gnu --enable-libstdcxx-pch --program-prefix=arm-arago-linux-gnueabi- --enable-target-optspace --enable-lto --enable-libssp --disable-bootstrap --disable-libgomp --disable-libmudflap --with-float=softfp --with-sysroot=/arago-2011.09/armv7a/arm-arago-linux-gnueabi --with-build-time-tools=/sim/scratch_a0850442/arago-tmp-arago/sysroots/i686-linux/usr/armv7a/arm-arago-linux-gnueabi/bin --with-build-sysroot=/sim/scratch_a0850442/arago-tmp-arago/sysroots/armv7a-arago-linux-gnueabi --disable-libunwind-exceptions --with-mpfr=/sim/scratch_a0850442/arago-tmp-arago/sysroots/i686-linux/usr --with-system-zlib --enable-__cxa_atexit
Thread model: posix
gcc version 4.5.3 20110311 (prerelease) (GCC) 
configure:4831: $? = 0
configure:4820: arm-arago-linux-gnueabi-gcc -V >&5
arm-arago-linux-gnueabi-gcc: '-V' option must have argument
configure:4831: $? = 1
configure:4820: arm-arago-linux-gnueabi-gcc -qversion >&5
arm-arago-linux-gnueabi-gcc: unrecognized option '-qversion'
arm-arago-linux-gnueabi-gcc: no input files
configure:4831: $? = 1
configure:4835: checking whether we are using the GNU C compiler
configure:4854: arm-arago-linux-gnueabi-gcc -c  -DPTRACING=1 -D_REENTRANT -fno-exceptions -I/usr/local/include -I/usr/local/Gmssl_arm/include    conftest.c >&5
configure:4854: $? = 0
configure:4863: result: yes
configure:4872: checking whether arm-arago-linux-gnueabi-gcc accepts -g
configure:4892: arm-arago-linux-gnueabi-gcc -c -g  conftest.c >&5
configure:4892: $? = 0
configure:4933: result: yes
configure:4950: checking for arm-arago-linux-gnueabi-gcc option to accept ISO C89
configure:5014: arm-arago-linux-gnueabi-gcc  -c  -DPTRACING=1 -D_REENTRANT -fno-exceptions -I/usr/local/include -I/usr/local/Gmssl_arm/include    conftest.c >&5
configure:5014: $? = 0
configure:5027: result: none needed
configure:5061: checking for a BSD-compatible install
configure:5129: result: /usr/bin/install -c
configure:5143: checking for arm-linux-ranlib
configure:5173: result: no
configure:5183: checking for ranlib
configure:5199: found /usr/bin/ranlib
configure:5210: result: ranlib
configure:5235: checking for arm-linux-nm
configure:5265: result: no
configure:5275: checking for nm
configure:5291: found /usr/bin/nm
configure:5302: result: nm
configure:5327: checking for arm-linux-ldd
configure:5357: result: no
configure:5367: checking for ldd
configure:5383: found /usr/bin/ldd
configure:5394: result: ldd
configure:5419: checking for arm-linux-objdump
configure:5449: result: no
configure:5459: checking for objdump
configure:5475: found /usr/bin/objdump
configure:5486: result: objdump
configure:5514: checking how to run the C++ preprocessor
configure:5541: arm-arago-linux-gnueabi-g++ -E  conftest.cpp
configure:5541: $? = 0
configure:5555: arm-arago-linux-gnueabi-g++ -E  conftest.cpp
conftest.cpp:9:28: fatal error: ac_nonexistent.h: No such file or directory
compilation terminated.
configure:5555: $? = 1
configure: failed program was:
| /* confdefs.h */
| #define PACKAGE_NAME ""
| #define PACKAGE_TARNAME ""
| #define PACKAGE_VERSION ""
| #define PACKAGE_STRING ""
| #define PACKAGE_BUGREPORT ""
| #define PACKAGE_URL ""
| /* end confdefs.h.  */
| #include <ac_nonexistent.h>
configure:5580: result: arm-arago-linux-gnueabi-g++ -E
configure:5600: arm-arago-linux-gnueabi-g++ -E  conftest.cpp
configure:5600: $? = 0
configure:5614: arm-arago-linux-gnueabi-g++ -E  conftest.cpp
conftest.cpp:9:28: fatal error: ac_nonexistent.h: No such file or directory
compilation terminated.
configure:5614: $? = 1
configure: failed program was:
| /* confdefs.h */
| #define PACKAGE_NAME ""
| #define PACKAGE_TARNAME ""
| #define PACKAGE_VERSION ""
| #define PACKAGE_STRING ""
| #define PACKAGE_BUGREPORT ""
| #define PACKAGE_URL ""
| /* end confdefs.h.  */
| #include <ac_nonexistent.h>
configure:5643: checking for grep that handles long lines and -e
configure:5701: result: /bin/grep
configure:5706: checking for egrep
configure:5768: result: /bin/grep -E
configure:5773: checking for ANSI C header files
configure:5793: arm-arago-linux-gnueabi-g++ -c -I/usr/local/srtp2_arm/include -felide-constructors -Wreorder -D__STDC_CONSTANT_MACROS  conftest.cpp >&5
configure:5793: $? = 0
configure:5877: result: yes
configure:5890: checking for sys/types.h
configure:5890: arm-arago-linux-gnueabi-g++ -c -I/usr/local/srtp2_arm/include -felide-constructors -Wreorder -D__STDC_CONSTANT_MACROS  conftest.cpp >&5
configure:5890: $? = 0
configure:5890: result: yes
configure:5890: checking for sys/stat.h
configure:5890: arm-arago-linux-gnueabi-g++ -c -I/usr/local/srtp2_arm/include -felide-constructors -Wreorder -D__STDC_CONSTANT_MACROS  conftest.cpp >&5
configure:5890: $? = 0
configure:5890: result: yes
configure:5890: checking for stdlib.h
configure:5890: arm-arago-linux-gnueabi-g++ -c -I/usr/local/srtp2_arm/include -felide-constructors -Wreorder -D__STDC_CONSTANT_MACROS  conftest.cpp >&5
configure:5890: $? = 0
configure:5890: result: yes
configure:5890: checking for string.h
configure:5890: arm-arago-linux-gnueabi-g++ -c -I/usr/local/srtp2_arm/include -felide-constructors -Wreorder -D__STDC_CONSTANT_MACROS  conftest.cpp >&5
configure:5890: $? = 0
configure:5890: result: yes
configure:5890: checking for memory.h
configure:5890: arm-arago-linux-gnueabi-g++ -c -I/usr/local/srtp2_arm/include -felide-constructors -Wreorder -D__STDC_CONSTANT_MACROS  conftest.cpp >&5
configure:5890: $? = 0
configure:5890: result: yes
configure:5890: checking for strings.h
configure:5890: arm-arago-linux-gnueabi-g++ -c -I/usr/local/srtp2_arm/include -felide-constructors -Wreorder -D__STDC_CONSTANT_MACROS  conftest.cpp >&5
configure:5890: $? = 0
configure:5890: result: yes
configure:5890: checking for inttypes.h
configure:5890: arm-arago-linux-gnueabi-g++ -c -I/usr/local/srtp2_arm/include -felide-constructors -Wreorder -D__STDC_CONSTANT_MACROS  conftest.cpp >&5
configure:5890: $? = 0
configure:5890: result: yes
configure:5890: checking for stdint.h
configure:5890: arm-arago-linux-gnueabi-g++ -c -I/usr/local/srtp2_arm/include -felide-constructors -Wreorder -D__STDC_CONSTANT_MACROS  conftest.cpp >&5
configure:5890: $? = 0
configure:5890: result: yes
configure:5890: checking for unistd.h
configure:5890: arm-arago-linux-gnueabi-g++ -c -I/usr/local/srtp2_arm/include -felide-constructors -Wreorder -D__STDC_CONSTANT_MACROS  conftest.cpp >&5
configure:5890: $? = 0
configure:5890: result: yes
configure:5905: checking stddef.h usability
configure:5905: arm-arago-linux-gnueabi-g++ -c -I/usr/local/srtp2_arm/include -felide-constructors -Wreorder -D__STDC_CONSTANT_MACROS  conftest.cpp >&5
configure:5905: $? = 0
configure:5905: result: yes
configure:5905: checking stddef.h presence
configure:5905: arm-arago-linux-gnueabi-g++ -E  conftest.cpp
configure:5905: $? = 0
configure:5905: result: yes
configure:5905: checking for stddef.h
configure:5905: result: yes
configure:5905: checking limits.h usability
configure:5905: arm-arago-linux-gnueabi-g++ -c -I/usr/local/srtp2_arm/include -felide-constructors -Wreorder -D__STDC_CONSTANT_MACROS  conftest.cpp >&5
configure:5905: $? = 0
configure:5905: result: yes
configure:5905: checking limits.h presence
configure:5905: arm-arago-linux-gnueabi-g++ -E  conftest.cpp
configure:5905: $? = 0
configure:5905: result: yes
configure:5905: checking for limits.h
configure:5905: result: yes
configure:5905: checking float.h usability
configure:5905: arm-arago-linux-gnueabi-g++ -c -I/usr/local/srtp2_arm/include -felide-constructors -Wreorder -D__STDC_CONSTANT_MACROS  conftest.cpp >&5
configure:5905: $? = 0
configure:5905: result: yes
configure:5905: checking float.h presence
configure:5905: arm-arago-linux-gnueabi-g++ -E  conftest.cpp
configure:5905: $? = 0
configure:5905: result: yes
configure:5905: checking for float.h
configure:5905: result: yes
configure:5905: checking fcntl.h usability
configure:5905: arm-arago-linux-gnueabi-g++ -c -I/usr/local/srtp2_arm/include -felide-constructors -Wreorder -D__STDC_CONSTANT_MACROS  conftest.cpp >&5
configure:5905: $? = 0
configure:5905: result: yes
configure:5905: checking fcntl.h presence
configure:5905: arm-arago-linux-gnueabi-g++ -E  conftest.cpp
configure:5905: $? = 0
configure:5905: result: yes
configure:5905: checking for fcntl.h
configure:5905: result: yes
configure:5925: checking OPAL Version
configure:5927: result: 3.10.11
configure:5954: checking Plugin install directory
configure:5956: result: /usr/local/lib/opal-3.10.11
configure:6489: checking sys/time.h usability
configure:6489: arm-arago-linux-gnueabi-g++ -c -I/usr/local/srtp2_arm/include -felide-constructors -Wreorder -D__STDC_CONSTANT_MACROS  conftest.cpp >&5
configure:6489: $? = 0
configure:6489: result: yes
configure:6489: checking sys/time.h presence
configure:6489: arm-arago-linux-gnueabi-g++ -E  conftest.cpp
configure:6489: $? = 0
configure:6489: result: yes
configure:6489: checking for sys/time.h
configure:6489: result: yes
configure:6489: checking sys/file.h usability
configure:6489: arm-arago-linux-gnueabi-g++ -c -I/usr/local/srtp2_arm/include -felide-constructors -Wreorder -D__STDC_CONSTANT_MACROS  conftest.cpp >&5
configure:6489: $? = 0
configure:6489: result: yes
configure:6489: checking sys/file.h presence
configure:6489: arm-arago-linux-gnueabi-g++ -E  conftest.cpp
configure:6489: $? = 0
configure:6489: result: yes
configure:6489: checking for sys/file.h
configure:6489: result: yes
configure:6489: checking netinet/in.h usability
configure:6489: arm-arago-linux-gnueabi-g++ -c -I/usr/local/srtp2_arm/include -felide-constructors -Wreorder -D__STDC_CONSTANT_MACROS  conftest.cpp >&5
configure:6489: $? = 0
configure:6489: result: yes
configure:6489: checking netinet/in.h presence
configure:6489: arm-arago-linux-gnueabi-g++ -E  conftest.cpp
configure:6489: $? = 0
configure:6489: result: yes
configure:6489: checking for netinet/in.h
configure:6489: result: yes
configure:6501: checking vfork.h usability
configure:6501: arm-arago-linux-gnueabi-g++ -c -I/usr/local/srtp2_arm/include -felide-constructors -Wreorder -D__STDC_CONSTANT_MACROS  conftest.cpp >&5
conftest.cpp:59:19: fatal error: vfork.h: No such file or directory
compilation terminated.
configure:6501: $? = 1
configure: failed program was:
| /* confdefs.h */
| #define PACKAGE_NAME ""
| #define PACKAGE_TARNAME ""
| #define PACKAGE_VERSION ""
| #define PACKAGE_STRING ""
| #define PACKAGE_BUGREPORT ""
| #define PACKAGE_URL ""
| #define STDC_HEADERS 1
| #define HAVE_SYS_TYPES_H 1
| #define HAVE_SYS_STAT_H 1
| #define HAVE_STDLIB_H 1
| #define HAVE_STRING_H 1
| #define HAVE_MEMORY_H 1
| #define HAVE_STRINGS_H 1
| #define HAVE_INTTYPES_H 1
| #define HAVE_STDINT_H 1
| #define HAVE_UNISTD_H 1
| #define HAVE_STDDEF_H 1
| #define HAVE_LIMITS_H 1
| #define HAVE_FLOAT_H 1
| #define HAVE_FCNTL_H 1
| #define HAVE_SYS_TIME_H 1
| #define HAVE_SYS_FILE_H 1
| #define HAVE_NETINET_IN_H 1
| /* end confdefs.h.  */
| #include <stdio.h>
| #ifdef HAVE_SYS_TYPES_H
| # include <sys/types.h>
| #endif
| #ifdef HAVE_SYS_STAT_H
| # include <sys/stat.h>
| #endif
| #ifdef STDC_HEADERS
| # include <stdlib.h>
| # include <stddef.h>
| #else
| # ifdef HAVE_STDLIB_H
| #  include <stdlib.h>
| # endif
| #endif
| #ifdef HAVE_STRING_H
| # if !defined STDC_HEADERS && defined HAVE_MEMORY_H
| #  include <memory.h>
| # endif
| # include <string.h>
| #endif
| #ifdef HAVE_STRINGS_H
| # include <strings.h>
| #endif
| #ifdef HAVE_INTTYPES_H
| # include <inttypes.h>
| #endif
| #ifdef HAVE_STDINT_H
| # include <stdint.h>
| #endif
| #ifdef HAVE_UNISTD_H
| # include <unistd.h>
| #endif
| #include <vfork.h>
configure:6501: result: no
configure:6501: checking vfork.h presence
configure:6501: arm-arago-linux-gnueabi-g++ -E  conftest.cpp
conftest.cpp:26:19: fatal error: vfork.h: No such file or directory
compilation terminated.
configure:6501: $? = 1
configure: failed program was:
| /* confdefs.h */
| #define PACKAGE_NAME ""
| #define PACKAGE_TARNAME ""
| #define PACKAGE_VERSION ""
| #define PACKAGE_STRING ""
| #define PACKAGE_BUGREPORT ""
| #define PACKAGE_URL ""
| #define STDC_HEADERS 1
| #define HAVE_SYS_TYPES_H 1
| #define HAVE_SYS_STAT_H 1
| #define HAVE_STDLIB_H 1
| #define HAVE_STRING_H 1
| #define HAVE_MEMORY_H 1
| #define HAVE_STRINGS_H 1
| #define HAVE_INTTYPES_H 1
| #define HAVE_STDINT_H 1
| #define HAVE_UNISTD_H 1
| #define HAVE_STDDEF_H 1
| #define HAVE_LIMITS_H 1
| #define HAVE_FLOAT_H 1
| #define HAVE_FCNTL_H 1
| #define HAVE_SYS_TIME_H 1
| #define HAVE_SYS_FILE_H 1
| #define HAVE_NETINET_IN_H 1
| /* end confdefs.h.  */
| #include <vfork.h>
configure:6501: result: no
configure:6501: checking for vfork.h
configure:6501: result: no
configure:6514: checking for fork
configure:6514: arm-arago-linux-gnueabi-g++ -o conftest -I/usr/local/srtp2_arm/include -felide-constructors -Wreorder -D__STDC_CONSTANT_MACROS  -L/usr/local/srtp2_arm/lib conftest.cpp -lsrtp2 >&5
configure:6514: $? = 0
configure:6514: result: yes
configure:6514: checking for vfork
configure:6514: arm-arago-linux-gnueabi-g++ -o conftest -I/usr/local/srtp2_arm/include -felide-constructors -Wreorder -D__STDC_CONSTANT_MACROS  -L/usr/local/srtp2_arm/lib conftest.cpp -lsrtp2 >&5
configure:6514: $? = 0
configure:6514: result: yes
configure:6524: checking for working fork
configure:6556: result: cross
configure:6572: WARNING: result yes guessed because of cross compilation
configure:6577: checking for working vfork
configure:6687: result: yes
configure:6724: checking dlfcn.h usability
configure:6724: arm-arago-linux-gnueabi-g++ -c -I/usr/local/srtp2_arm/include -felide-constructors -Wreorder -D__STDC_CONSTANT_MACROS  conftest.cpp >&5
configure:6724: $? = 0
configure:6724: result: yes
configure:6724: checking dlfcn.h presence
configure:6724: arm-arago-linux-gnueabi-g++ -E  conftest.cpp
configure:6724: $? = 0
configure:6724: result: yes
configure:6724: checking for dlfcn.h
configure:6724: result: yes
configure:6737: checking if dlopen is available
configure:6756: arm-arago-linux-gnueabi-gcc -c  -DPTRACING=1 -D_REENTRANT -fno-exceptions -I/usr/local/include -I/usr/local/Gmssl_arm/include   -fPIC  conftest.c >&5
configure:6756: $? = 0
configure:6766: result: yes
configure:6817: checking for dlopen in -ldl
configure:6842: arm-arago-linux-gnueabi-gcc -o conftest  -DPTRACING=1 -D_REENTRANT -fno-exceptions -I/usr/local/include -I/usr/local/Gmssl_arm/include   -fPIC  -L/usr/local/srtp2_arm/lib conftest.c -ldl  -lsrtp2 >&5
configure:6842: $? = 0
configure:6851: result: yes
configure:6886: checking if linker accepts -Wl,--no-as-needed
configure:6901: result: yes
configure:7054: checking for gsm_create in -lgsm
configure:7079: arm-arago-linux-gnueabi-gcc -o conftest  -DPTRACING=1 -D_REENTRANT -fno-exceptions -I/usr/local/include -I/usr/local/Gmssl_arm/include   -fPIC  -L/usr/local/srtp2_arm/lib conftest.c -lgsm  -lsrtp2 >&5
/usr/local/dvrrdk/DVRRDK_04.00.00.03/ti_tools/cgt_a8/arago/linux-devkit/bin/../lib/gcc/arm-arago-linux-gnueabi/4.5.3/../../../../arm-arago-linux-gnueabi/bin/ld: cannot find -lgsm
collect2: ld returned 1 exit status
configure:7079: $? = 1
configure: failed program was:
| /* confdefs.h */
| #define PACKAGE_NAME ""
| #define PACKAGE_TARNAME ""
| #define PACKAGE_VERSION ""
| #define PACKAGE_STRING ""
| #define PACKAGE_BUGREPORT ""
| #define PACKAGE_URL ""
| #define STDC_HEADERS 1
| #define HAVE_SYS_TYPES_H 1
| #define HAVE_SYS_STAT_H 1
| #define HAVE_STDLIB_H 1
| #define HAVE_STRING_H 1
| #define HAVE_MEMORY_H 1
| #define HAVE_STRINGS_H 1
| #define HAVE_INTTYPES_H 1
| #define HAVE_STDINT_H 1
| #define HAVE_UNISTD_H 1
| #define HAVE_STDDEF_H 1
| #define HAVE_LIMITS_H 1
| #define HAVE_FLOAT_H 1
| #define HAVE_FCNTL_H 1
| #define HAVE_SYS_TIME_H 1
| #define HAVE_SYS_FILE_H 1
| #define HAVE_NETINET_IN_H 1
| #define HAVE_FORK 1
| #define HAVE_VFORK 1
| #define HAVE_WORKING_VFORK 1
| #define HAVE_WORKING_FORK 1
| #define HAVE_DLFCN_H 1
| /* end confdefs.h.  */
| 
| /* Override any GCC internal prototype to avoid an error.
|    Use char because int might match the return type of a GCC
|    builtin and then its argument prototype would still apply.  */
| #ifdef __cplusplus
| extern "C"
| #endif
| char gsm_create ();
| int
| main ()
| {
| return gsm_create ();
|   ;
|   return 0;
| }
configure:7088: result: no
configure:7209: checking how to run the C preprocessor
configure:7240: arm-arago-linux-gnueabi-gcc -E  conftest.c
configure:7240: $? = 0
configure:7254: arm-arago-linux-gnueabi-gcc -E  conftest.c
conftest.c:31:28: fatal error: ac_nonexistent.h: No such file or directory
compilation terminated.
configure:7254: $? = 1
configure: failed program was:
| /* confdefs.h */
| #define PACKAGE_NAME ""
| #define PACKAGE_TARNAME ""
| #define PACKAGE_VERSION ""
| #define PACKAGE_STRING ""
| #define PACKAGE_BUGREPORT ""
| #define PACKAGE_URL ""
| #define STDC_HEADERS 1
| #define HAVE_SYS_TYPES_H 1
| #define HAVE_SYS_STAT_H 1
| #define HAVE_STDLIB_H 1
| #define HAVE_STRING_H 1
| #define HAVE_MEMORY_H 1
| #define HAVE_STRINGS_H 1
| #define HAVE_INTTYPES_H 1
| #define HAVE_STDINT_H 1
| #define HAVE_UNISTD_H 1
| #define HAVE_STDDEF_H 1
| #define HAVE_LIMITS_H 1
| #define HAVE_FLOAT_H 1
| #define HAVE_FCNTL_H 1
| #define HAVE_SYS_TIME_H 1
| #define HAVE_SYS_FILE_H 1
| #define HAVE_NETINET_IN_H 1
| #define HAVE_FORK 1
| #define HAVE_VFORK 1
| #define HAVE_WORKING_VFORK 1
| #define HAVE_WORKING_FORK 1
| #define HAVE_DLFCN_H 1
| /* end confdefs.h.  */
| #include <ac_nonexistent.h>
configure:7279: result: arm-arago-linux-gnueabi-gcc -E
configure:7299: arm-arago-linux-gnueabi-gcc -E  conftest.c
configure:7299: $? = 0
configure:7313: arm-arago-linux-gnueabi-gcc -E  conftest.c
conftest.c:31:28: fatal error: ac_nonexistent.h: No such file or directory
compilation terminated.
configure:7313: $? = 1
configure: failed program was:
| /* confdefs.h */
| #define PACKAGE_NAME ""
| #define PACKAGE_TARNAME ""
| #define PACKAGE_VERSION ""
| #define PACKAGE_STRING ""
| #define PACKAGE_BUGREPORT ""
| #define PACKAGE_URL ""
| #define STDC_HEADERS 1
| #define HAVE_SYS_TYPES_H 1
| #define HAVE_SYS_STAT_H 1
| #define HAVE_STDLIB_H 1
| #define HAVE_STRING_H 1
| #define HAVE_MEMORY_H 1
| #define HAVE_STRINGS_H 1
| #define HAVE_INTTYPES_H 1
| #define HAVE_STDINT_H 1
| #define HAVE_UNISTD_H 1
| #define HAVE_STDDEF_H 1
| #define HAVE_LIMITS_H 1
| #define HAVE_FLOAT_H 1
| #define HAVE_FCNTL_H 1
| #define HAVE_SYS_TIME_H 1
| #define HAVE_SYS_FILE_H 1
| #define HAVE_NETINET_IN_H 1
| #define HAVE_FORK 1
| #define HAVE_VFORK 1
| #define HAVE_WORKING_VFORK 1
| #define HAVE_WORKING_FORK 1
| #define HAVE_DLFCN_H 1
| /* end confdefs.h.  */
| #include <ac_nonexistent.h>
configure:7355: checking if iLBC is installed
configure:7360: checking for iLBC_encode in -lilbc
configure:7385: arm-arago-linux-gnueabi-gcc -o conftest  -DPTRACING=1 -D_REENTRANT -fno-exceptions -I/usr/local/include -I/usr/local/Gmssl_arm/include   -fPIC  -L/usr/local/srtp2_arm/lib conftest.c -lilbc  -lsrtp2 -lilbc >&5
/usr/local/dvrrdk/DVRRDK_04.00.00.03/ti_tools/cgt_a8/arago/linux-devkit/bin/../lib/gcc/arm-arago-linux-gnueabi/4.5.3/../../../../arm-arago-linux-gnueabi/bin/ld: cannot find -lilbc
collect2: ld returned 1 exit status
configure:7385: $? = 1
configure: failed program was:
| /* confdefs.h */
| #define PACKAGE_NAME ""
| #define PACKAGE_TARNAME ""
| #define PACKAGE_VERSION ""
| #define PACKAGE_STRING ""
| #define PACKAGE_BUGREPORT ""
| #define PACKAGE_URL ""
| #define STDC_HEADERS 1
| #define HAVE_SYS_TYPES_H 1
| #define HAVE_SYS_STAT_H 1
| #define HAVE_STDLIB_H 1
| #define HAVE_STRING_H 1
| #define HAVE_MEMORY_H 1
| #define HAVE_STRINGS_H 1
| #define HAVE_INTTYPES_H 1
| #define HAVE_STDINT_H 1
| #define HAVE_UNISTD_H 1
| #define HAVE_STDDEF_H 1
| #define HAVE_LIMITS_H 1
| #define HAVE_FLOAT_H 1
| #define HAVE_FCNTL_H 1
| #define HAVE_SYS_TIME_H 1
| #define HAVE_SYS_FILE_H 1
| #define HAVE_NETINET_IN_H 1
| #define HAVE_FORK 1
| #define HAVE_VFORK 1
| #define HAVE_WORKING_VFORK 1
| #define HAVE_WORKING_FORK 1
| #define HAVE_DLFCN_H 1
| /* end confdefs.h.  */
| 
| /* Override any GCC internal prototype to avoid an error.
|    Use char because int might match the return type of a GCC
|    builtin and then its argument prototype would still apply.  */
| #ifdef __cplusplus
| extern "C"
| #endif
| char iLBC_encode ();
| int
| main ()
| {
| return iLBC_encode ();
|   ;
|   return 0;
| }
configure:7394: result: no
configure:7430: checking System iLBC
configure:7432: result: no
configure:7607: creating ./config.status

## ---------------------- ##
## Running config.status. ##
## ---------------------- ##

This file was extended by config.status, which was
generated by GNU Autoconf 2.68.  Invocation command line was

  CONFIG_FILES    = 
  CONFIG_HEADERS  = 
  CONFIG_LINKS    = 
  CONFIG_COMMANDS = 
  $ ./config.status 

on sdt-SMBIOS

config.status:814: creating audio/GSM0610/Makefile
config.status:814: creating audio/gsm-amr/Makefile
config.status:814: creating audio/iLBC/Makefile
config.status:814: creating audio/Speex/libspeex/speex_config_types.h
configure:8647: checking size of short
configure:8652: arm-arago-linux-gnueabi-gcc -c   conftest.c >&5
configure:8652: $? = 0
configure:8652: arm-arago-linux-gnueabi-gcc -c   conftest.c >&5
conftest.c: In function 'main':
conftest.c:67:12: error: size of array 'test_array' is negative
configure:8652: $? = 1
configure: failed program was:
| /* confdefs.h */
| #define PACKAGE_NAME ""
| #define PACKAGE_TARNAME ""
| #define PACKAGE_VERSION ""
| #define PACKAGE_STRING ""
| #define PACKAGE_BUGREPORT ""
| #define PACKAGE_URL ""
| #define STDC_HEADERS 1
| #define HAVE_SYS_TYPES_H 1
| #define HAVE_SYS_STAT_H 1
| #define HAVE_STDLIB_H 1
| #define HAVE_STRING_H 1
| #define HAVE_MEMORY_H 1
| #define HAVE_STRINGS_H 1
| #define HAVE_INTTYPES_H 1
| #define HAVE_STDINT_H 1
| #define HAVE_UNISTD_H 1
| #define HAVE_STDDEF_H 1
| #define HAVE_LIMITS_H 1
| #define HAVE_FLOAT_H 1
| #define HAVE_FCNTL_H 1
| #define HAVE_SYS_TIME_H 1
| #define HAVE_SYS_FILE_H 1
| #define HAVE_NETINET_IN_H 1
| #define HAVE_FORK 1
| #define HAVE_VFORK 1
| #define HAVE_WORKING_VFORK 1
| #define HAVE_WORKING_FORK 1
| #define HAVE_DLFCN_H 1
| /* end confdefs.h.  */
| #include <stdio.h>
| #ifdef HAVE_SYS_TYPES_H
| # include <sys/types.h>
| #endif
| #ifdef HAVE_SYS_STAT_H
| # include <sys/stat.h>
| #endif
| #ifdef STDC_HEADERS
| # include <stdlib.h>
| # include <stddef.h>
| #else
| # ifdef HAVE_STDLIB_H
| #  include <stdlib.h>
| # endif
| #endif
| #ifdef HAVE_STRING_H
| # if !defined STDC_HEADERS && defined HAVE_MEMORY_H
| #  include <memory.h>
| # endif
| # include <string.h>
| #endif
| #ifdef HAVE_STRINGS_H
| # include <strings.h>
| #endif
| #ifdef HAVE_INTTYPES_H
| # include <inttypes.h>
| #endif
| #ifdef HAVE_STDINT_H
| # include <stdint.h>
| #endif
| #ifdef HAVE_UNISTD_H
| # include <unistd.h>
| #endif
| int
| main ()
| {
| static int test_array [1 - 2 * !(((long int) (sizeof (short))) <= 0)];
| test_array [0] = 0
| 
|   ;
|   return 0;
| }
configure:8652: arm-arago-linux-gnueabi-gcc -c   conftest.c >&5
conftest.c: In function 'main':
conftest.c:67:12: error: size of array 'test_array' is negative
configure:8652: $? = 1
configure: failed program was:
| /* confdefs.h */
| #define PACKAGE_NAME ""
| #define PACKAGE_TARNAME ""
| #define PACKAGE_VERSION ""
| #define PACKAGE_STRING ""
| #define PACKAGE_BUGREPORT ""
| #define PACKAGE_URL ""
| #define STDC_HEADERS 1
| #define HAVE_SYS_TYPES_H 1
| #define HAVE_SYS_STAT_H 1
| #define HAVE_STDLIB_H 1
| #define HAVE_STRING_H 1
| #define HAVE_MEMORY_H 1
| #define HAVE_STRINGS_H 1
| #define HAVE_INTTYPES_H 1
| #define HAVE_STDINT_H 1
| #define HAVE_UNISTD_H 1
| #define HAVE_STDDEF_H 1
| #define HAVE_LIMITS_H 1
| #define HAVE_FLOAT_H 1
| #define HAVE_FCNTL_H 1
| #define HAVE_SYS_TIME_H 1
| #define HAVE_SYS_FILE_H 1
| #define HAVE_NETINET_IN_H 1
| #define HAVE_FORK 1
| #define HAVE_VFORK 1
| #define HAVE_WORKING_VFORK 1
| #define HAVE_WORKING_FORK 1
| #define HAVE_DLFCN_H 1
| /* end confdefs.h.  */
| #include <stdio.h>
| #ifdef HAVE_SYS_TYPES_H
| # include <sys/types.h>
| #endif
| #ifdef HAVE_SYS_STAT_H
| # include <sys/stat.h>
| #endif
| #ifdef STDC_HEADERS
| # include <stdlib.h>
| # include <stddef.h>
| #else
| # ifdef HAVE_STDLIB_H
| #  include <stdlib.h>
| # endif
| #endif
| #ifdef HAVE_STRING_H
| # if !defined STDC_HEADERS && defined HAVE_MEMORY_H
| #  include <memory.h>
| # endif
| # include <string.h>
| #endif
| #ifdef HAVE_STRINGS_H
| # include <strings.h>
| #endif
| #ifdef HAVE_INTTYPES_H
| # include <inttypes.h>
| #endif
| #ifdef HAVE_STDINT_H
| # include <stdint.h>
| #endif
| #ifdef HAVE_UNISTD_H
| # include <unistd.h>
| #endif
| int
| main ()
| {
| static int test_array [1 - 2 * !(((long int) (sizeof (short))) <= 1)];
| test_array [0] = 0
| 
|   ;
|   return 0;
| }
configure:8652: arm-arago-linux-gnueabi-gcc -c   conftest.c >&5
configure:8652: $? = 0
configure:8652: arm-arago-linux-gnueabi-gcc -c   conftest.c >&5
configure:8652: $? = 0
configure:8666: result: 2
configure:8680: checking size of int
configure:8685: arm-arago-linux-gnueabi-gcc -c   conftest.c >&5
configure:8685: $? = 0
configure:8685: arm-arago-linux-gnueabi-gcc -c   conftest.c >&5
conftest.c: In function 'main':
conftest.c:68:12: error: size of array 'test_array' is negative
configure:8685: $? = 1
configure: failed program was:
| /* confdefs.h */
| #define PACKAGE_NAME ""
| #define PACKAGE_TARNAME ""
| #define PACKAGE_VERSION ""
| #define PACKAGE_STRING ""
| #define PACKAGE_BUGREPORT ""
| #define PACKAGE_URL ""
| #define STDC_HEADERS 1
| #define HAVE_SYS_TYPES_H 1
| #define HAVE_SYS_STAT_H 1
| #define HAVE_STDLIB_H 1
| #define HAVE_STRING_H 1
| #define HAVE_MEMORY_H 1
| #define HAVE_STRINGS_H 1
| #define HAVE_INTTYPES_H 1
| #define HAVE_STDINT_H 1
| #define HAVE_UNISTD_H 1
| #define HAVE_STDDEF_H 1
| #define HAVE_LIMITS_H 1
| #define HAVE_FLOAT_H 1
| #define HAVE_FCNTL_H 1
| #define HAVE_SYS_TIME_H 1
| #define HAVE_SYS_FILE_H 1
| #define HAVE_NETINET_IN_H 1
| #define HAVE_FORK 1
| #define HAVE_VFORK 1
| #define HAVE_WORKING_VFORK 1
| #define HAVE_WORKING_FORK 1
| #define HAVE_DLFCN_H 1
| #define SIZEOF_SHORT 2
| /* end confdefs.h.  */
| #include <stdio.h>
| #ifdef HAVE_SYS_TYPES_H
| # include <sys/types.h>
| #endif
| #ifdef HAVE_SYS_STAT_H
| # include <sys/stat.h>
| #endif
| #ifdef STDC_HEADERS
| # include <stdlib.h>
| # include <stddef.h>
| #else
| # ifdef HAVE_STDLIB_H
| #  include <stdlib.h>
| # endif
| #endif
| #ifdef HAVE_STRING_H
| # if !defined STDC_HEADERS && defined HAVE_MEMORY_H
| #  include <memory.h>
| # endif
| # include <string.h>
| #endif
| #ifdef HAVE_STRINGS_H
| # include <strings.h>
| #endif
| #ifdef HAVE_INTTYPES_H
| # include <inttypes.h>
| #endif
| #ifdef HAVE_STDINT_H
| # include <stdint.h>
| #endif
| #ifdef HAVE_UNISTD_H
| # include <unistd.h>
| #endif
| int
| main ()
| {
| static int test_array [1 - 2 * !(((long int) (sizeof (int))) <= 0)];
| test_array [0] = 0
| 
|   ;
|   return 0;
| }
configure:8685: arm-arago-linux-gnueabi-gcc -c   conftest.c >&5
conftest.c: In function 'main':
conftest.c:68:12: error: size of array 'test_array' is negative
configure:8685: $? = 1
configure: failed program was:
| /* confdefs.h */
| #define PACKAGE_NAME ""
| #define PACKAGE_TARNAME ""
| #define PACKAGE_VERSION ""
| #define PACKAGE_STRING ""
| #define PACKAGE_BUGREPORT ""
| #define PACKAGE_URL ""
| #define STDC_HEADERS 1
| #define HAVE_SYS_TYPES_H 1
| #define HAVE_SYS_STAT_H 1
| #define HAVE_STDLIB_H 1
| #define HAVE_STRING_H 1
| #define HAVE_MEMORY_H 1
| #define HAVE_STRINGS_H 1
| #define HAVE_INTTYPES_H 1
| #define HAVE_STDINT_H 1
| #define HAVE_UNISTD_H 1
| #define HAVE_STDDEF_H 1
| #define HAVE_LIMITS_H 1
| #define HAVE_FLOAT_H 1
| #define HAVE_FCNTL_H 1
| #define HAVE_SYS_TIME_H 1
| #define HAVE_SYS_FILE_H 1
| #define HAVE_NETINET_IN_H 1
| #define HAVE_FORK 1
| #define HAVE_VFORK 1
| #define HAVE_WORKING_VFORK 1
| #define HAVE_WORKING_FORK 1
| #define HAVE_DLFCN_H 1
| #define SIZEOF_SHORT 2
| /* end confdefs.h.  */
| #include <stdio.h>
| #ifdef HAVE_SYS_TYPES_H
| # include <sys/types.h>
| #endif
| #ifdef HAVE_SYS_STAT_H
| # include <sys/stat.h>
| #endif
| #ifdef STDC_HEADERS
| # include <stdlib.h>
| # include <stddef.h>
| #else
| # ifdef HAVE_STDLIB_H
| #  include <stdlib.h>
| # endif
| #endif
| #ifdef HAVE_STRING_H
| # if !defined STDC_HEADERS && defined HAVE_MEMORY_H
| #  include <memory.h>
| # endif
| # include <string.h>
| #endif
| #ifdef HAVE_STRINGS_H
| # include <strings.h>
| #endif
| #ifdef HAVE_INTTYPES_H
| # include <inttypes.h>
| #endif
| #ifdef HAVE_STDINT_H
| # include <stdint.h>
| #endif
| #ifdef HAVE_UNISTD_H
| # include <unistd.h>
| #endif
| int
| main ()
| {
| static int test_array [1 - 2 * !(((long int) (sizeof (int))) <= 1)];
| test_array [0] = 0
| 
|   ;
|   return 0;
| }
configure:8685: arm-arago-linux-gnueabi-gcc -c   conftest.c >&5
conftest.c: In function 'main':
conftest.c:68:12: error: size of array 'test_array' is negative
configure:8685: $? = 1
configure: failed program was:
| /* confdefs.h */
| #define PACKAGE_NAME ""
| #define PACKAGE_TARNAME ""
| #define PACKAGE_VERSION ""
| #define PACKAGE_STRING ""
| #define PACKAGE_BUGREPORT ""
| #define PACKAGE_URL ""
| #define STDC_HEADERS 1
| #define HAVE_SYS_TYPES_H 1
| #define HAVE_SYS_STAT_H 1
| #define HAVE_STDLIB_H 1
| #define HAVE_STRING_H 1
| #define HAVE_MEMORY_H 1
| #define HAVE_STRINGS_H 1
| #define HAVE_INTTYPES_H 1
| #define HAVE_STDINT_H 1
| #define HAVE_UNISTD_H 1
| #define HAVE_STDDEF_H 1
| #define HAVE_LIMITS_H 1
| #define HAVE_FLOAT_H 1
| #define HAVE_FCNTL_H 1
| #define HAVE_SYS_TIME_H 1
| #define HAVE_SYS_FILE_H 1
| #define HAVE_NETINET_IN_H 1
| #define HAVE_FORK 1
| #define HAVE_VFORK 1
| #define HAVE_WORKING_VFORK 1
| #define HAVE_WORKING_FORK 1
| #define HAVE_DLFCN_H 1
| #define SIZEOF_SHORT 2
| /* end confdefs.h.  */
| #include <stdio.h>
| #ifdef HAVE_SYS_TYPES_H
| # include <sys/types.h>
| #endif
| #ifdef HAVE_SYS_STAT_H
| # include <sys/stat.h>
| #endif
| #ifdef STDC_HEADERS
| # include <stdlib.h>
| # include <stddef.h>
| #else
| # ifdef HAVE_STDLIB_H
| #  include <stdlib.h>
| # endif
| #endif
| #ifdef HAVE_STRING_H
| # if !defined STDC_HEADERS && defined HAVE_MEMORY_H
| #  include <memory.h>
| # endif
| # include <string.h>
| #endif
| #ifdef HAVE_STRINGS_H
| # include <strings.h>
| #endif
| #ifdef HAVE_INTTYPES_H
| # include <inttypes.h>
| #endif
| #ifdef HAVE_STDINT_H
| # include <stdint.h>
| #endif
| #ifdef HAVE_UNISTD_H
| # include <unistd.h>
| #endif
| int
| main ()
| {
| static int test_array [1 - 2 * !(((long int) (sizeof (int))) <= 3)];
| test_array [0] = 0
| 
|   ;
|   return 0;
| }
configure:8685: arm-arago-linux-gnueabi-gcc -c   conftest.c >&5
configure:8685: $? = 0
configure:8685: arm-arago-linux-gnueabi-gcc -c   conftest.c >&5
configure:8685: $? = 0
configure:8685: arm-arago-linux-gnueabi-gcc -c   conftest.c >&5
configure:8685: $? = 0
configure:8699: result: 4
configure:8713: checking size of long
configure:8718: arm-arago-linux-gnueabi-gcc -c   conftest.c >&5
configure:8718: $? = 0
configure:8718: arm-arago-linux-gnueabi-gcc -c   conftest.c >&5
conftest.c: In function 'main':
conftest.c:69:12: error: size of array 'test_array' is negative
configure:8718: $? = 1
configure: failed program was:
| /* confdefs.h */
| #define PACKAGE_NAME ""
| #define PACKAGE_TARNAME ""
| #define PACKAGE_VERSION ""
| #define PACKAGE_STRING ""
| #define PACKAGE_BUGREPORT ""
| #define PACKAGE_URL ""
| #define STDC_HEADERS 1
| #define HAVE_SYS_TYPES_H 1
| #define HAVE_SYS_STAT_H 1
| #define HAVE_STDLIB_H 1
| #define HAVE_STRING_H 1
| #define HAVE_MEMORY_H 1
| #define HAVE_STRINGS_H 1
| #define HAVE_INTTYPES_H 1
| #define HAVE_STDINT_H 1
| #define HAVE_UNISTD_H 1
| #define HAVE_STDDEF_H 1
| #define HAVE_LIMITS_H 1
| #define HAVE_FLOAT_H 1
| #define HAVE_FCNTL_H 1
| #define HAVE_SYS_TIME_H 1
| #define HAVE_SYS_FILE_H 1
| #define HAVE_NETINET_IN_H 1
| #define HAVE_FORK 1
| #define HAVE_VFORK 1
| #define HAVE_WORKING_VFORK 1
| #define HAVE_WORKING_FORK 1
| #define HAVE_DLFCN_H 1
| #define SIZEOF_SHORT 2
| #define SIZEOF_INT 4
| /* end confdefs.h.  */
| #include <stdio.h>
| #ifdef HAVE_SYS_TYPES_H
| # include <sys/types.h>
| #endif
| #ifdef HAVE_SYS_STAT_H
| # include <sys/stat.h>
| #endif
| #ifdef STDC_HEADERS
| # include <stdlib.h>
| # include <stddef.h>
| #else
| # ifdef HAVE_STDLIB_H
| #  include <stdlib.h>
| # endif
| #endif
| #ifdef HAVE_STRING_H
| # if !defined STDC_HEADERS && defined HAVE_MEMORY_H
| #  include <memory.h>
| # endif
| # include <string.h>
| #endif
| #ifdef HAVE_STRINGS_H
| # include <strings.h>
| #endif
| #ifdef HAVE_INTTYPES_H
| # include <inttypes.h>
| #endif
| #ifdef HAVE_STDINT_H
| # include <stdint.h>
| #endif
| #ifdef HAVE_UNISTD_H
| # include <unistd.h>
| #endif
| int
| main ()
| {
| static int test_array [1 - 2 * !(((long int) (sizeof (long))) <= 0)];
| test_array [0] = 0
| 
|   ;
|   return 0;
| }
configure:8718: arm-arago-linux-gnueabi-gcc -c   conftest.c >&5
conftest.c: In function 'main':
conftest.c:69:12: error: size of array 'test_array' is negative
configure:8718: $? = 1
configure: failed program was:
| /* confdefs.h */
| #define PACKAGE_NAME ""
| #define PACKAGE_TARNAME ""
| #define PACKAGE_VERSION ""
| #define PACKAGE_STRING ""
| #define PACKAGE_BUGREPORT ""
| #define PACKAGE_URL ""
| #define STDC_HEADERS 1
| #define HAVE_SYS_TYPES_H 1
| #define HAVE_SYS_STAT_H 1
| #define HAVE_STDLIB_H 1
| #define HAVE_STRING_H 1
| #define HAVE_MEMORY_H 1
| #define HAVE_STRINGS_H 1
| #define HAVE_INTTYPES_H 1
| #define HAVE_STDINT_H 1
| #define HAVE_UNISTD_H 1
| #define HAVE_STDDEF_H 1
| #define HAVE_LIMITS_H 1
| #define HAVE_FLOAT_H 1
| #define HAVE_FCNTL_H 1
| #define HAVE_SYS_TIME_H 1
| #define HAVE_SYS_FILE_H 1
| #define HAVE_NETINET_IN_H 1
| #define HAVE_FORK 1
| #define HAVE_VFORK 1
| #define HAVE_WORKING_VFORK 1
| #define HAVE_WORKING_FORK 1
| #define HAVE_DLFCN_H 1
| #define SIZEOF_SHORT 2
| #define SIZEOF_INT 4
| /* end confdefs.h.  */
| #include <stdio.h>
| #ifdef HAVE_SYS_TYPES_H
| # include <sys/types.h>
| #endif
| #ifdef HAVE_SYS_STAT_H
| # include <sys/stat.h>
| #endif
| #ifdef STDC_HEADERS
| # include <stdlib.h>
| # include <stddef.h>
| #else
| # ifdef HAVE_STDLIB_H
| #  include <stdlib.h>
| # endif
| #endif
| #ifdef HAVE_STRING_H
| # if !defined STDC_HEADERS && defined HAVE_MEMORY_H
| #  include <memory.h>
| # endif
| # include <string.h>
| #endif
| #ifdef HAVE_STRINGS_H
| # include <strings.h>
| #endif
| #ifdef HAVE_INTTYPES_H
| # include <inttypes.h>
| #endif
| #ifdef HAVE_STDINT_H
| # include <stdint.h>
| #endif
| #ifdef HAVE_UNISTD_H
| # include <unistd.h>
| #endif
| int
| main ()
| {
| static int test_array [1 - 2 * !(((long int) (sizeof (long))) <= 1)];
| test_array [0] = 0
| 
|   ;
|   return 0;
| }
configure:8718: arm-arago-linux-gnueabi-gcc -c   conftest.c >&5
conftest.c: In function 'main':
conftest.c:69:12: error: size of array 'test_array' is negative
configure:8718: $? = 1
configure: failed program was:
| /* confdefs.h */
| #define PACKAGE_NAME ""
| #define PACKAGE_TARNAME ""
| #define PACKAGE_VERSION ""
| #define PACKAGE_STRING ""
| #define PACKAGE_BUGREPORT ""
| #define PACKAGE_URL ""
| #define STDC_HEADERS 1
| #define HAVE_SYS_TYPES_H 1
| #define HAVE_SYS_STAT_H 1
| #define HAVE_STDLIB_H 1
| #define HAVE_STRING_H 1
| #define HAVE_MEMORY_H 1
| #define HAVE_STRINGS_H 1
| #define HAVE_INTTYPES_H 1
| #define HAVE_STDINT_H 1
| #define HAVE_UNISTD_H 1
| #define HAVE_STDDEF_H 1
| #define HAVE_LIMITS_H 1
| #define HAVE_FLOAT_H 1
| #define HAVE_FCNTL_H 1
| #define HAVE_SYS_TIME_H 1
| #define HAVE_SYS_FILE_H 1
| #define HAVE_NETINET_IN_H 1
| #define HAVE_FORK 1
| #define HAVE_VFORK 1
| #define HAVE_WORKING_VFORK 1
| #define HAVE_WORKING_FORK 1
| #define HAVE_DLFCN_H 1
| #define SIZEOF_SHORT 2
| #define SIZEOF_INT 4
| /* end confdefs.h.  */
| #include <stdio.h>
| #ifdef HAVE_SYS_TYPES_H
| # include <sys/types.h>
| #endif
| #ifdef HAVE_SYS_STAT_H
| # include <sys/stat.h>
| #endif
| #ifdef STDC_HEADERS
| # include <stdlib.h>
| # include <stddef.h>
| #else
| # ifdef HAVE_STDLIB_H
| #  include <stdlib.h>
| # endif
| #endif
| #ifdef HAVE_STRING_H
| # if !defined STDC_HEADERS && defined HAVE_MEMORY_H
| #  include <memory.h>
| # endif
| # include <string.h>
| #endif
| #ifdef HAVE_STRINGS_H
| # include <strings.h>
| #endif
| #ifdef HAVE_INTTYPES_H
| # include <inttypes.h>
| #endif
| #ifdef HAVE_STDINT_H
| # include <stdint.h>
| #endif
| #ifdef HAVE_UNISTD_H
| # include <unistd.h>
| #endif
| int
| main ()
| {
| static int test_array [1 - 2 * !(((long int) (sizeof (long))) <= 3)];
| test_array [0] = 0
| 
|   ;
|   return 0;
| }
configure:8718: arm-arago-linux-gnueabi-gcc -c   conftest.c >&5
configure:8718: $? = 0
configure:8718: arm-arago-linux-gnueabi-gcc -c   conftest.c >&5
configure:8718: $? = 0
configure:8718: arm-arago-linux-gnueabi-gcc -c   conftest.c >&5
configure:8718: $? = 0
configure:8732: result: 4
configure:8746: checking size of long long
configure:8751: arm-arago-linux-gnueabi-gcc -c   conftest.c >&5
configure:8751: $? = 0
configure:8751: arm-arago-linux-gnueabi-gcc -c   conftest.c >&5
conftest.c: In function 'main':
conftest.c:70:12: error: size of array 'test_array' is negative
configure:8751: $? = 1
configure: failed program was:
| /* confdefs.h */
| #define PACKAGE_NAME ""
| #define PACKAGE_TARNAME ""
| #define PACKAGE_VERSION ""
| #define PACKAGE_STRING ""
| #define PACKAGE_BUGREPORT ""
| #define PACKAGE_URL ""
| #define STDC_HEADERS 1
| #define HAVE_SYS_TYPES_H 1
| #define HAVE_SYS_STAT_H 1
| #define HAVE_STDLIB_H 1
| #define HAVE_STRING_H 1
| #define HAVE_MEMORY_H 1
| #define HAVE_STRINGS_H 1
| #define HAVE_INTTYPES_H 1
| #define HAVE_STDINT_H 1
| #define HAVE_UNISTD_H 1
| #define HAVE_STDDEF_H 1
| #define HAVE_LIMITS_H 1
| #define HAVE_FLOAT_H 1
| #define HAVE_FCNTL_H 1
| #define HAVE_SYS_TIME_H 1
| #define HAVE_SYS_FILE_H 1
| #define HAVE_NETINET_IN_H 1
| #define HAVE_FORK 1
| #define HAVE_VFORK 1
| #define HAVE_WORKING_VFORK 1
| #define HAVE_WORKING_FORK 1
| #define HAVE_DLFCN_H 1
| #define SIZEOF_SHORT 2
| #define SIZEOF_INT 4
| #define SIZEOF_LONG 4
| /* end confdefs.h.  */
| #include <stdio.h>
| #ifdef HAVE_SYS_TYPES_H
| # include <sys/types.h>
| #endif
| #ifdef HAVE_SYS_STAT_H
| # include <sys/stat.h>
| #endif
| #ifdef STDC_HEADERS
| # include <stdlib.h>
| # include <stddef.h>
| #else
| # ifdef HAVE_STDLIB_H
| #  include <stdlib.h>
| # endif
| #endif
| #ifdef HAVE_STRING_H
| # if !defined STDC_HEADERS && defined HAVE_MEMORY_H
| #  include <memory.h>
| # endif
| # include <string.h>
| #endif
| #ifdef HAVE_STRINGS_H
| # include <strings.h>
| #endif
| #ifdef HAVE_INTTYPES_H
| # include <inttypes.h>
| #endif
| #ifdef HAVE_STDINT_H
| # include <stdint.h>
| #endif
| #ifdef HAVE_UNISTD_H
| # include <unistd.h>
| #endif
| int
| main ()
| {
| static int test_array [1 - 2 * !(((long int) (sizeof (long long))) <= 0)];
| test_array [0] = 0
| 
|   ;
|   return 0;
| }
configure:8751: arm-arago-linux-gnueabi-gcc -c   conftest.c >&5
conftest.c: In function 'main':
conftest.c:70:12: error: size of array 'test_array' is negative
configure:8751: $? = 1
configure: failed program was:
| /* confdefs.h */
| #define PACKAGE_NAME ""
| #define PACKAGE_TARNAME ""
| #define PACKAGE_VERSION ""
| #define PACKAGE_STRING ""
| #define PACKAGE_BUGREPORT ""
| #define PACKAGE_URL ""
| #define STDC_HEADERS 1
| #define HAVE_SYS_TYPES_H 1
| #define HAVE_SYS_STAT_H 1
| #define HAVE_STDLIB_H 1
| #define HAVE_STRING_H 1
| #define HAVE_MEMORY_H 1
| #define HAVE_STRINGS_H 1
| #define HAVE_INTTYPES_H 1
| #define HAVE_STDINT_H 1
| #define HAVE_UNISTD_H 1
| #define HAVE_STDDEF_H 1
| #define HAVE_LIMITS_H 1
| #define HAVE_FLOAT_H 1
| #define HAVE_FCNTL_H 1
| #define HAVE_SYS_TIME_H 1
| #define HAVE_SYS_FILE_H 1
| #define HAVE_NETINET_IN_H 1
| #define HAVE_FORK 1
| #define HAVE_VFORK 1
| #define HAVE_WORKING_VFORK 1
| #define HAVE_WORKING_FORK 1
| #define HAVE_DLFCN_H 1
| #define SIZEOF_SHORT 2
| #define SIZEOF_INT 4
| #define SIZEOF_LONG 4
| /* end confdefs.h.  */
| #include <stdio.h>
| #ifdef HAVE_SYS_TYPES_H
| # include <sys/types.h>
| #endif
| #ifdef HAVE_SYS_STAT_H
| # include <sys/stat.h>
| #endif
| #ifdef STDC_HEADERS
| # include <stdlib.h>
| # include <stddef.h>
| #else
| # ifdef HAVE_STDLIB_H
| #  include <stdlib.h>
| # endif
| #endif
| #ifdef HAVE_STRING_H
| # if !defined STDC_HEADERS && defined HAVE_MEMORY_H
| #  include <memory.h>
| # endif
| # include <string.h>
| #endif
| #ifdef HAVE_STRINGS_H
| # include <strings.h>
| #endif
| #ifdef HAVE_INTTYPES_H
| # include <inttypes.h>
| #endif
| #ifdef HAVE_STDINT_H
| # include <stdint.h>
| #endif
| #ifdef HAVE_UNISTD_H
| # include <unistd.h>
| #endif
| int
| main ()
| {
| static int test_array [1 - 2 * !(((long int) (sizeof (long long))) <= 1)];
| test_array [0] = 0
| 
|   ;
|   return 0;
| }
configure:8751: arm-arago-linux-gnueabi-gcc -c   conftest.c >&5
conftest.c: In function 'main':
conftest.c:70:12: error: size of array 'test_array' is negative
configure:8751: $? = 1
configure: failed program was:
| /* confdefs.h */
| #define PACKAGE_NAME ""
| #define PACKAGE_TARNAME ""
| #define PACKAGE_VERSION ""
| #define PACKAGE_STRING ""
| #define PACKAGE_BUGREPORT ""
| #define PACKAGE_URL ""
| #define STDC_HEADERS 1
| #define HAVE_SYS_TYPES_H 1
| #define HAVE_SYS_STAT_H 1
| #define HAVE_STDLIB_H 1
| #define HAVE_STRING_H 1
| #define HAVE_MEMORY_H 1
| #define HAVE_STRINGS_H 1
| #define HAVE_INTTYPES_H 1
| #define HAVE_STDINT_H 1
| #define HAVE_UNISTD_H 1
| #define HAVE_STDDEF_H 1
| #define HAVE_LIMITS_H 1
| #define HAVE_FLOAT_H 1
| #define HAVE_FCNTL_H 1
| #define HAVE_SYS_TIME_H 1
| #define HAVE_SYS_FILE_H 1
| #define HAVE_NETINET_IN_H 1
| #define HAVE_FORK 1
| #define HAVE_VFORK 1
| #define HAVE_WORKING_VFORK 1
| #define HAVE_WORKING_FORK 1
| #define HAVE_DLFCN_H 1
| #define SIZEOF_SHORT 2
| #define SIZEOF_INT 4
| #define SIZEOF_LONG 4
| /* end confdefs.h.  */
| #include <stdio.h>
| #ifdef HAVE_SYS_TYPES_H
| # include <sys/types.h>
| #endif
| #ifdef HAVE_SYS_STAT_H
| # include <sys/stat.h>
| #endif
| #ifdef STDC_HEADERS
| # include <stdlib.h>
| # include <stddef.h>
| #else
| # ifdef HAVE_STDLIB_H
| #  include <stdlib.h>
| # endif
| #endif
| #ifdef HAVE_STRING_H
| # if !defined STDC_HEADERS && defined HAVE_MEMORY_H
| #  include <memory.h>
| # endif
| # include <string.h>
| #endif
| #ifdef HAVE_STRINGS_H
| # include <strings.h>
| #endif
| #ifdef HAVE_INTTYPES_H
| # include <inttypes.h>
| #endif
| #ifdef HAVE_STDINT_H
| # include <stdint.h>
| #endif
| #ifdef HAVE_UNISTD_H
| # include <unistd.h>
| #endif
| int
| main ()
| {
| static int test_array [1 - 2 * !(((long int) (sizeof (long long))) <= 3)];
| test_array [0] = 0
| 
|   ;
|   return 0;
| }
configure:8751: arm-arago-linux-gnueabi-gcc -c   conftest.c >&5
conftest.c: In function 'main':
conftest.c:70:12: error: size of array 'test_array' is negative
configure:8751: $? = 1
configure: failed program was:
| /* confdefs.h */
| #define PACKAGE_NAME ""
| #define PACKAGE_TARNAME ""
| #define PACKAGE_VERSION ""
| #define PACKAGE_STRING ""
| #define PACKAGE_BUGREPORT ""
| #define PACKAGE_URL ""
| #define STDC_HEADERS 1
| #define HAVE_SYS_TYPES_H 1
| #define HAVE_SYS_STAT_H 1
| #define HAVE_STDLIB_H 1
| #define HAVE_STRING_H 1
| #define HAVE_MEMORY_H 1
| #define HAVE_STRINGS_H 1
| #define HAVE_INTTYPES_H 1
| #define HAVE_STDINT_H 1
| #define HAVE_UNISTD_H 1
| #define HAVE_STDDEF_H 1
| #define HAVE_LIMITS_H 1
| #define HAVE_FLOAT_H 1
| #define HAVE_FCNTL_H 1
| #define HAVE_SYS_TIME_H 1
| #define HAVE_SYS_FILE_H 1
| #define HAVE_NETINET_IN_H 1
| #define HAVE_FORK 1
| #define HAVE_VFORK 1
| #define HAVE_WORKING_VFORK 1
| #define HAVE_WORKING_FORK 1
| #define HAVE_DLFCN_H 1
| #define SIZEOF_SHORT 2
| #define SIZEOF_INT 4
| #define SIZEOF_LONG 4
| /* end confdefs.h.  */
| #include <stdio.h>
| #ifdef HAVE_SYS_TYPES_H
| # include <sys/types.h>
| #endif
| #ifdef HAVE_SYS_STAT_H
| # include <sys/stat.h>
| #endif
| #ifdef STDC_HEADERS
| # include <stdlib.h>
| # include <stddef.h>
| #else
| # ifdef HAVE_STDLIB_H
| #  include <stdlib.h>
| # endif
| #endif
| #ifdef HAVE_STRING_H
| # if !defined STDC_HEADERS && defined HAVE_MEMORY_H
| #  include <memory.h>
| # endif
| # include <string.h>
| #endif
| #ifdef HAVE_STRINGS_H
| # include <strings.h>
| #endif
| #ifdef HAVE_INTTYPES_H
| # include <inttypes.h>
| #endif
| #ifdef HAVE_STDINT_H
| # include <stdint.h>
| #endif
| #ifdef HAVE_UNISTD_H
| # include <unistd.h>
| #endif
| int
| main ()
| {
| static int test_array [1 - 2 * !(((long int) (sizeof (long long))) <= 7)];
| test_array [0] = 0
| 
|   ;
|   return 0;
| }
configure:8751: arm-arago-linux-gnueabi-gcc -c   conftest.c >&5
configure:8751: $? = 0
configure:8751: arm-arago-linux-gnueabi-gcc -c   conftest.c >&5
configure:8751: $? = 0
configure:8751: arm-arago-linux-gnueabi-gcc -c   conftest.c >&5
configure:8751: $? = 0
configure:8751: arm-arago-linux-gnueabi-gcc -c   conftest.c >&5
configure:8751: $? = 0
configure:8765: result: 8
configure:8800: checking internal Speex version
configure:8811: result: 1.1.11.1
configure:8898: checking whether system Speex or internal Speex is more recent
configure:8902: checking for SPEEX
configure:8909: $PKG_CONFIG --exists --print-errors "speex >= $SPEEX_INTERNAL_VERSION"
Package speex was not found in the pkg-config search path.
Perhaps you should add the directory containing `speex.pc'
to the PKG_CONFIG_PATH environment variable
No package 'speex' found
configure:8912: $? = 1
configure:8925: $PKG_CONFIG --exists --print-errors "speex >= $SPEEX_INTERNAL_VERSION"
Package speex was not found in the pkg-config search path.
Perhaps you should add the directory containing `speex.pc'
to the PKG_CONFIG_PATH environment variable
No package 'speex' found
configure:8928: $? = 1
configure:8941: result: no
No package 'speex' found
configure:8959: result: internal Speex version is more recent than system Speex or system Speex not found
configure:9172: checking for CELT
configure:9179: $PKG_CONFIG --exists --print-errors "celt"
Package celt was not found in the pkg-config search path.
Perhaps you should add the directory containing `celt.pc'
to the PKG_CONFIG_PATH environment variable
No package 'celt' found
configure:9182: $? = 1
configure:9195: $PKG_CONFIG --exists --print-errors "celt"
Package celt was not found in the pkg-config search path.
Perhaps you should add the directory containing `celt.pc'
to the PKG_CONFIG_PATH environment variable
No package 'celt' found
configure:9198: $? = 1
configure:9211: result: no
No package 'celt' found
configure:9322: checking default to full capabilities at empty fmtp lines
configure:9324: result: yes
configure:9347: checking for LIBAVCODEC
configure:9354: $PKG_CONFIG --exists --print-errors "libavcodec >= 51.11.0"
configure:9357: $? = 0
configure:9370: $PKG_CONFIG --exists --print-errors "libavcodec >= 51.11.0"
configure:9373: $? = 0
configure:9416: result: yes
configure:9425: checking filename of libavcodec library
configure:9440: result: cannot determine - using defaults
configure:9466: checking libavcodec source
configure:9485: result: disabled
configure:9492: checking for LIBAVUTIL
configure:9499: $PKG_CONFIG --exists --print-errors "libavutil"
configure:9502: $? = 0
configure:9515: $PKG_CONFIG --exists --print-errors "libavutil"
configure:9518: $? = 0
configure:9577: result: yes
configure:9583: checking filename of libavutil library
configure:9598: result: cannot determine - using defaults
configure:9616: checking if libavcodec has rtp_mode
configure:9632: arm-arago-linux-gnueabi-gcc -c  -DPTRACING=1 -D_REENTRANT -fno-exceptions -I/usr/local/include -I/usr/local/Gmssl_arm/include   -fPIC  conftest.c >&5
conftest.c:38:38: fatal error: libavcodec/avcodec.h: No such file or directory
compilation terminated.
configure:9632: $? = 1
configure: failed program was:
| /* confdefs.h */
| #define PACKAGE_NAME ""
| #define PACKAGE_TARNAME ""
| #define PACKAGE_VERSION ""
| #define PACKAGE_STRING ""
| #define PACKAGE_BUGREPORT ""
| #define PACKAGE_URL ""
| #define STDC_HEADERS 1
| #define HAVE_SYS_TYPES_H 1
| #define HAVE_SYS_STAT_H 1
| #define HAVE_STDLIB_H 1
| #define HAVE_STRING_H 1
| #define HAVE_MEMORY_H 1
| #define HAVE_STRINGS_H 1
| #define HAVE_INTTYPES_H 1
| #define HAVE_STDINT_H 1
| #define HAVE_UNISTD_H 1
| #define HAVE_STDDEF_H 1
| #define HAVE_LIMITS_H 1
| #define HAVE_FLOAT_H 1
| #define HAVE_FCNTL_H 1
| #define HAVE_SYS_TIME_H 1
| #define HAVE_SYS_FILE_H 1
| #define HAVE_NETINET_IN_H 1
| #define HAVE_FORK 1
| #define HAVE_VFORK 1
| #define HAVE_WORKING_VFORK 1
| #define HAVE_WORKING_FORK 1
| #define HAVE_DLFCN_H 1
| #define SIZEOF_SHORT 2
| #define SIZEOF_INT 4
| #define SIZEOF_LONG 4
| #define SIZEOF_LONG_LONG 8
| #define DEFAULT_TO_FULL_CAPABILITIES 1
| #define HAVE_LIBAVCODEC 1
| /* end confdefs.h.  */
| 
|       #include "libavcodec/avcodec.h"
| int
| main ()
| {
| AVCodecContext c; c.rtp_mode = 1;
| 
|   ;
|   return 0;
| }
| 
configure:9640: result: no
configure:9647: checking if libavutil has AV_PICTURE_TYPE_NONE
configure:9665: arm-arago-linux-gnueabi-gcc -c  -DPTRACING=1 -D_REENTRANT -fno-exceptions -I/usr/local/include -I/usr/local/Gmssl_arm/include   -fPIC    conftest.c >&5
conftest.c:38:38: fatal error: libavcodec/avcodec.h: No such file or directory
compilation terminated.
configure:9665: $? = 1
configure: failed program was:
| /* confdefs.h */
| #define PACKAGE_NAME ""
| #define PACKAGE_TARNAME ""
| #define PACKAGE_VERSION ""
| #define PACKAGE_STRING ""
| #define PACKAGE_BUGREPORT ""
| #define PACKAGE_URL ""
| #define STDC_HEADERS 1
| #define HAVE_SYS_TYPES_H 1
| #define HAVE_SYS_STAT_H 1
| #define HAVE_STDLIB_H 1
| #define HAVE_STRING_H 1
| #define HAVE_MEMORY_H 1
| #define HAVE_STRINGS_H 1
| #define HAVE_INTTYPES_H 1
| #define HAVE_STDINT_H 1
| #define HAVE_UNISTD_H 1
| #define HAVE_STDDEF_H 1
| #define HAVE_LIMITS_H 1
| #define HAVE_FLOAT_H 1
| #define HAVE_FCNTL_H 1
| #define HAVE_SYS_TIME_H 1
| #define HAVE_SYS_FILE_H 1
| #define HAVE_NETINET_IN_H 1
| #define HAVE_FORK 1
| #define HAVE_VFORK 1
| #define HAVE_WORKING_VFORK 1
| #define HAVE_WORKING_FORK 1
| #define HAVE_DLFCN_H 1
| #define SIZEOF_SHORT 2
| #define SIZEOF_INT 4
| #define SIZEOF_LONG 4
| #define SIZEOF_LONG_LONG 8
| #define DEFAULT_TO_FULL_CAPABILITIES 1
| #define HAVE_LIBAVCODEC 1
| /* end confdefs.h.  */
| 
|       #include "libavcodec/avcodec.h"
|           #include <libavutil/avutil.h>
| int
| main ()
| {
| enum AVPictureType t = AV_PICTURE_TYPE_NONE;
| 
|   ;
|   return 0;
| }
| 
configure:9672: result: no
configure:9674: checking if libavutil has AVPictureType
configure:9690: arm-arago-linux-gnueabi-gcc -c  -DPTRACING=1 -D_REENTRANT -fno-exceptions -I/usr/local/include -I/usr/local/Gmssl_arm/include   -fPIC    conftest.c >&5
conftest.c:38:42: fatal error: libavcodec/avcodec.h: No such file or directory
compilation terminated.
configure:9690: $? = 1
configure: failed program was:
| /* confdefs.h */
| #define PACKAGE_NAME ""
| #define PACKAGE_TARNAME ""
| #define PACKAGE_VERSION ""
| #define PACKAGE_STRING ""
| #define PACKAGE_BUGREPORT ""
| #define PACKAGE_URL ""
| #define STDC_HEADERS 1
| #define HAVE_SYS_TYPES_H 1
| #define HAVE_SYS_STAT_H 1
| #define HAVE_STDLIB_H 1
| #define HAVE_STRING_H 1
| #define HAVE_MEMORY_H 1
| #define HAVE_STRINGS_H 1
| #define HAVE_INTTYPES_H 1
| #define HAVE_STDINT_H 1
| #define HAVE_UNISTD_H 1
| #define HAVE_STDDEF_H 1
| #define HAVE_LIMITS_H 1
| #define HAVE_FLOAT_H 1
| #define HAVE_FCNTL_H 1
| #define HAVE_SYS_TIME_H 1
| #define HAVE_SYS_FILE_H 1
| #define HAVE_NETINET_IN_H 1
| #define HAVE_FORK 1
| #define HAVE_VFORK 1
| #define HAVE_WORKING_VFORK 1
| #define HAVE_WORKING_FORK 1
| #define HAVE_DLFCN_H 1
| #define SIZEOF_SHORT 2
| #define SIZEOF_INT 4
| #define SIZEOF_LONG 4
| #define SIZEOF_LONG_LONG 8
| #define DEFAULT_TO_FULL_CAPABILITIES 1
| #define HAVE_LIBAVCODEC 1
| /* end confdefs.h.  */
| 
|           #include "libavcodec/avcodec.h"
| int
| main ()
| {
| enum AVPictureType t;
| 
|   ;
|   return 0;
| }
| 
configure:9699: result: no
configure:9744: checking for X264
configure:9751: $PKG_CONFIG --exists --print-errors "x264 >= 0.102"
configure:9754: $? = 0
configure:9767: $PKG_CONFIG --exists --print-errors "x264 >= 0.102"
configure:9770: $? = 0
configure:9811: result: yes
configure:9818: checking filename of libx264 library
configure:9833: result: cannot determine - using defaults
configure:9860: x264 static linking disabled
configure:9896: checking for THEORA
configure:9903: $PKG_CONFIG --exists --print-errors "theora"
configure:9906: $? = 0
configure:9919: $PKG_CONFIG --exists --print-errors "theora"
configure:9922: $? = 0
configure:9963: result: yes
configure:10045: checking IXJ
configure:10047: result: no
configure:10088: checking enable voicetronix vpb
configure:10090: result: no
configure:10120: checking for fax_free in -lspandsp
configure:10145: arm-arago-linux-gnueabi-gcc -o conftest  -DPTRACING=1 -D_REENTRANT -fno-exceptions -I/usr/local/include -I/usr/local/Gmssl_arm/include   -fPIC    -L/usr/local/srtp2_arm/lib conftest.c -lspandsp  -lsrtp2 -lspandsp >&5
/usr/local/dvrrdk/DVRRDK_04.00.00.03/ti_tools/cgt_a8/arago/linux-devkit/bin/../lib/gcc/arm-arago-linux-gnueabi/4.5.3/../../../../arm-arago-linux-gnueabi/bin/ld: cannot find -lspandsp
collect2: ld returned 1 exit status
configure:10145: $? = 1
configure: failed program was:
| /* confdefs.h */
| #define PACKAGE_NAME ""
| #define PACKAGE_TARNAME ""
| #define PACKAGE_VERSION ""
| #define PACKAGE_STRING ""
| #define PACKAGE_BUGREPORT ""
| #define PACKAGE_URL ""
| #define STDC_HEADERS 1
| #define HAVE_SYS_TYPES_H 1
| #define HAVE_SYS_STAT_H 1
| #define HAVE_STDLIB_H 1
| #define HAVE_STRING_H 1
| #define HAVE_MEMORY_H 1
| #define HAVE_STRINGS_H 1
| #define HAVE_INTTYPES_H 1
| #define HAVE_STDINT_H 1
| #define HAVE_UNISTD_H 1
| #define HAVE_STDDEF_H 1
| #define HAVE_LIMITS_H 1
| #define HAVE_FLOAT_H 1
| #define HAVE_FCNTL_H 1
| #define HAVE_SYS_TIME_H 1
| #define HAVE_SYS_FILE_H 1
| #define HAVE_NETINET_IN_H 1
| #define HAVE_FORK 1
| #define HAVE_VFORK 1
| #define HAVE_WORKING_VFORK 1
| #define HAVE_WORKING_FORK 1
| #define HAVE_DLFCN_H 1
| #define SIZEOF_SHORT 2
| #define SIZEOF_INT 4
| #define SIZEOF_LONG 4
| #define SIZEOF_LONG_LONG 8
| #define DEFAULT_TO_FULL_CAPABILITIES 1
| #define HAVE_LIBAVCODEC 1
| #define AV_PICTURE_TYPE_NONE 0
| /* end confdefs.h.  */
| 
| /* Override any GCC internal prototype to avoid an error.
|    Use char because int might match the return type of a GCC
|    builtin and then its argument prototype would still apply.  */
| #ifdef __cplusplus
| extern "C"
| #endif
| char fax_free ();
| int
| main ()
| {
| return fax_free ();
|   ;
|   return 0;
| }
configure:10154: result: no
configure:10298: checking for posix_memalign
configure:10316: arm-arago-linux-gnueabi-g++ -c -I/usr/local/srtp2_arm/include -felide-constructors -Wreorder -D__STDC_CONSTANT_MACROS  conftest.cpp >&5
configure:10316: $? = 0
configure:10317: result: yes
configure:10459: creating ./config.status

## ---------------------- ##
## Running config.status. ##
## ---------------------- ##

This file was extended by config.status, which was
generated by GNU Autoconf 2.68.  Invocation command line was

  CONFIG_FILES    = 
  CONFIG_HEADERS  = 
  CONFIG_LINKS    = 
  CONFIG_COMMANDS = 
  $ ./config.status 

on sdt-SMBIOS

config.status:929: creating audio/GSM0610/Makefile
config.status:929: creating audio/gsm-amr/Makefile
config.status:929: creating audio/iLBC/Makefile
config.status:929: creating audio/Speex/libspeex/speex_config_types.h
config.status:929: creating audio/Speex/Makefile
config.status:929: creating audio/G722/Makefile
config.status:929: creating audio/G.722.1/Makefile
config.status:929: creating audio/G.722.2/Makefile
config.status:929: creating audio/G726/Makefile
config.status:929: creating audio/LPC_10/Makefile
config.status:929: creating audio/IMA_ADPCM/Makefile
config.status:929: creating video/H.261-vic/Makefile
config.status:929: creating video/H.263-1998/Makefile
config.status:929: creating video/MPEG4-ffmpeg/Makefile
config.status:929: creating video/H.264/Makefile
config.status:929: creating video/H.264/gpl/Makefile
config.status:929: creating video/THEORA/Makefile
config.status:929: creating Makefile
config.status:929: creating plugin-inc.mak
config.status:929: creating plugin-config.h
config.status:1104: plugin-config.h is unchanged

## ---------------- ##
## Cache variables. ##
## ---------------- ##

ac_cv_build=i686-pc-linux-gnu
ac_cv_c_compiler_gnu=yes
ac_cv_cxx_compiler_gnu=yes
ac_cv_env_CCC_set=
ac_cv_env_CCC_value=
ac_cv_env_CC_set=set
ac_cv_env_CC_value=arm-arago-linux-gnueabi-gcc
ac_cv_env_CELT_CFLAGS_set=
ac_cv_env_CELT_CFLAGS_value=
ac_cv_env_CELT_LIBS_set=
ac_cv_env_CELT_LIBS_value=
ac_cv_env_CFLAGS_set=
ac_cv_env_CFLAGS_value=
ac_cv_env_CPPFLAGS_set=
ac_cv_env_CPPFLAGS_value=
ac_cv_env_CPP_set=
ac_cv_env_CPP_value=
ac_cv_env_CXXCPP_set=
ac_cv_env_CXXCPP_value=
ac_cv_env_CXXFLAGS_set=set
ac_cv_env_CXXFLAGS_value=-I/usr/local/srtp2_arm/include
ac_cv_env_CXX_set=set
ac_cv_env_CXX_value=arm-arago-linux-gnueabi-g++
ac_cv_env_LDFLAGS_set=set
ac_cv_env_LDFLAGS_value=-L/usr/local/srtp2_arm/lib
ac_cv_env_LIBAVCODEC_CFLAGS_set=
ac_cv_env_LIBAVCODEC_CFLAGS_value=
ac_cv_env_LIBAVCODEC_LIBS_set=
ac_cv_env_LIBAVCODEC_LIBS_value=
ac_cv_env_LIBAVUTIL_CFLAGS_set=
ac_cv_env_LIBAVUTIL_CFLAGS_value=
ac_cv_env_LIBAVUTIL_LIBS_set=
ac_cv_env_LIBAVUTIL_LIBS_value=
ac_cv_env_LIBS_set=set
ac_cv_env_LIBS_value=-lsrtp2
ac_cv_env_PKG_CONFIG_LIBDIR_set=
ac_cv_env_PKG_CONFIG_LIBDIR_value=
ac_cv_env_PKG_CONFIG_PATH_set=
ac_cv_env_PKG_CONFIG_PATH_value=
ac_cv_env_PKG_CONFIG_set=
ac_cv_env_PKG_CONFIG_value=
ac_cv_env_PTLIBDIR_set=
ac_cv_env_PTLIBDIR_value=
ac_cv_env_PTLIB_CFLAGS_set=
ac_cv_env_PTLIB_CFLAGS_value=
ac_cv_env_PTLIB_LIBS_set=
ac_cv_env_PTLIB_LIBS_value=
ac_cv_env_SPEEX_CFLAGS_set=
ac_cv_env_SPEEX_CFLAGS_value=
ac_cv_env_SPEEX_LIBS_set=
ac_cv_env_SPEEX_LIBS_value=
ac_cv_env_THEORA_CFLAGS_set=
ac_cv_env_THEORA_CFLAGS_value=
ac_cv_env_THEORA_LIBS_set=
ac_cv_env_THEORA_LIBS_value=
ac_cv_env_X264_CFLAGS_set=
ac_cv_env_X264_CFLAGS_value=
ac_cv_env_X264_LIBS_set=
ac_cv_env_X264_LIBS_value=
ac_cv_env_build_alias_set=set
ac_cv_env_build_alias_value=i686-pc-linux-gnu
ac_cv_env_host_alias_set=set
ac_cv_env_host_alias_value=arm-linux
ac_cv_env_target_alias_set=
ac_cv_env_target_alias_value=
ac_cv_func_fork=yes
ac_cv_func_fork_works=yes
ac_cv_func_vfork=yes
ac_cv_func_vfork_works=yes
ac_cv_header_dlfcn_h=yes
ac_cv_header_fcntl_h=yes
ac_cv_header_float_h=yes
ac_cv_header_inttypes_h=yes
ac_cv_header_limits_h=yes
ac_cv_header_memory_h=yes
ac_cv_header_netinet_in_h=yes
ac_cv_header_stdc=yes
ac_cv_header_stddef_h=yes
ac_cv_header_stdint_h=yes
ac_cv_header_stdlib_h=yes
ac_cv_header_string_h=yes
ac_cv_header_strings_h=yes
ac_cv_header_sys_file_h=yes
ac_cv_header_sys_stat_h=yes
ac_cv_header_sys_time_h=yes
ac_cv_header_sys_types_h=yes
ac_cv_header_unistd_h=yes
ac_cv_header_vfork_h=no
ac_cv_host=arm-unknown-linux-gnu
ac_cv_lib_dl_dlopen=yes
ac_cv_lib_gsm_gsm_create=no
ac_cv_lib_ilbc_iLBC_encode=no
ac_cv_lib_spandsp_fax_free=no
ac_cv_objext=o
ac_cv_path_EGREP='/bin/grep -E'
ac_cv_path_GREP=/bin/grep
ac_cv_path_ac_pt_PKG_CONFIG=/usr/bin/pkg-config
ac_cv_path_install='/usr/bin/install -c'
ac_cv_prog_CC=arm-arago-linux-gnueabi-gcc
ac_cv_prog_CPP='arm-arago-linux-gnueabi-gcc -E'
ac_cv_prog_CXXCPP='arm-arago-linux-gnueabi-g++ -E'
ac_cv_prog_ac_ct_LDD=ldd
ac_cv_prog_ac_ct_NM=nm
ac_cv_prog_ac_ct_OBJDUMP=objdump
ac_cv_prog_ac_ct_RANLIB=ranlib
ac_cv_prog_cc_c89=
ac_cv_prog_cc_g=yes
ac_cv_prog_cxx_g=yes
ac_cv_sizeof_int=4
ac_cv_sizeof_long=4
ac_cv_sizeof_long_long=8
ac_cv_sizeof_short=2
ac_cv_target=arm-unknown-linux-gnu
pkg_cv_LIBAVCODEC_CFLAGS=' '
pkg_cv_LIBAVCODEC_LIBS='-lavcodec  '
pkg_cv_LIBAVUTIL_CFLAGS=' '
pkg_cv_LIBAVUTIL_LIBS='-lavutil  '
pkg_cv_PTLIB_CFLAGS='-DPTRACING=1 -D_REENTRANT -fno-exceptions -I/usr/local/include -I/usr/local/Gmssl_arm/include  '
pkg_cv_PTLIB_LIBS='-L/usr/local/lib -lpt  '
pkg_cv_THEORA_CFLAGS=' '
pkg_cv_THEORA_LIBS='-ltheora -logg  '
pkg_cv_X264_CFLAGS='-I/usr/local/include  '
pkg_cv_X264_LIBS='-L/usr/local/lib -lx264  '

## ----------------- ##
## Output variables. ##
## ----------------- ##

AC_PLUGIN_DIR='opal-3.10.11/codecs/audio'
CC='arm-arago-linux-gnueabi-gcc'
CELT_CFLAGS=''
CELT_LIBS=''
CFLAGS=' -DPTRACING=1 -D_REENTRANT -fno-exceptions -I/usr/local/include -I/usr/local/Gmssl_arm/include   -fPIC  '
CPP='arm-arago-linux-gnueabi-gcc -E'
CPPFLAGS=''
CXX='arm-arago-linux-gnueabi-g++'
CXXCPP='arm-arago-linux-gnueabi-g++ -E'
CXXFLAGS='-I/usr/local/srtp2_arm/include -felide-constructors -Wreorder -D__STDC_CONSTANT_MACROS'
DEFAULT_TO_FULL_CAPABILITIES='yes'
DEFS='-DHAVE_CONFIG_H'
DL_LIBS='-ldl'
ECHO_C=''
ECHO_N='-n'
ECHO_T=''
EGREP='/bin/grep -E'
EXEEXT=''
FAX_PLUGIN_DIR='opal-3.10.11/fax'
GREP='/bin/grep'
GSM_CFLAGS=''
GSM_LIBS=''
GSM_SYSTEM='no'
HAVE_LIBAVCODEC='yes'
HAVE_LIBAVCODEC_RTP_MODE=''
HAVE_LIBDL='yes'
HAVE_VPB='no'
ILBC_CFLAGS=''
ILBC_LIBS=''
ILBC_SYSTEM='no'
INSTALL_DATA='${INSTALL} -m 644'
INSTALL_PROGRAM='${INSTALL}'
INSTALL_SCRIPT='${INSTALL}'
IS_H264_LICENSED='no'
LDD='ldd'
LDFLAGS='-L/usr/local/srtp2_arm/lib'
LDSO='-shared -Wl,-soname,$(SONAME)'
LIBAVCODEC_CFLAGS=' '
LIBAVCODEC_LIBS='-lavcodec  '
LIBAVCODEC_LIB_NAME=''
LIBAVCODEC_SOURCE_DIR=''
LIBAVUTIL_CFLAGS=' '
LIBAVUTIL_LIBS='-lavutil  '
LIBAVUTIL_LIB_NAME=''
LIBOBJS=''
LIBS='-lsrtp2'
LID_PLUGIN_DIR='opal-3.10.11/lid'
LTLIBOBJS=''
MACHTYPE='arm'
NM='nm'
OBJDUMP='objdump'
OBJEXT='o'
OSTYPE='linux'
PACKAGE_BUGREPORT=''
PACKAGE_NAME=''
PACKAGE_STRING=''
PACKAGE_TARNAME=''
PACKAGE_URL=''
PACKAGE_VERSION=''
PATH_SEPARATOR=':'
PKG_CONFIG='/usr/bin/pkg-config'
PKG_CONFIG_LIBDIR=''
PKG_CONFIG_PATH=''
PLUGINDIR='/home/lee/sm_for_certify/sanweixinan/crypto_voip_sm/crypto_opal/opal-3.10.11_arm/plugins'
PLUGINEXT='so'
PTLIBDIR=''
PTLIB_CFLAGS='-DPTRACING=1 -D_REENTRANT -fno-exceptions -I/usr/local/include -I/usr/local/Gmssl_arm/include  '
PTLIB_LIBS='-L/usr/local/lib -lpt  '
RANLIB='ranlib'
SHELL='/bin/sh'
SIZE16='short'
SIZE32='int'
SPANDSP_CFLAGS=''
SPANDSP_LIBS=''
SPEEX_CFLAGS=''
SPEEX_LIBS=''
SPEEX_SYSTEM='no'
SUBDIRS=' audio/GSM0610 audio/gsm-amr audio/iLBC audio/Speex audio/G722 audio/G.722.1 audio/G.722.2 audio/G726 audio/LPC_10 audio/IMA_ADPCM video/H.261-vic video/H.263-1998 video/MPEG4-ffmpeg video/H.264 video/THEORA'
THEORA_CFLAGS=' '
THEORA_LIBS='-ltheora -logg  '
VC_PLUGIN_DIR='opal-3.10.11/codecs/video'
WIN32='no'
X264_CFLAGS='-I/usr/local/include  '
X264_LIBS='-L/usr/local/lib -lx264  '
X264_LIB_NAME=''
ac_ct_CC=''
ac_ct_CXX=''
bindir='${exec_prefix}/bin'
build='i686-pc-linux-gnu'
build_alias='i686-pc-linux-gnu'
build_cpu='i686'
build_os='linux-gnu'
build_vendor='pc'
datadir='${datarootdir}'
datarootdir='${prefix}/share'
docdir='${datarootdir}/doc/${PACKAGE}'
dvidir='${docdir}'
exec_prefix='${prefix}'
host='arm-unknown-linux-gnu'
host_alias='arm-linux'
host_cpu='arm'
host_os='linux-gnu'
host_vendor='unknown'
htmldir='${docdir}'
includedir='${prefix}/include'
infodir='${datarootdir}/info'
libdir='${exec_prefix}/lib'
libexecdir='${exec_prefix}/libexec'
localedir='${datarootdir}/locale'
localstatedir='${prefix}/var'
mandir='${datarootdir}/man'
oldincludedir='/usr/include'
pdfdir='${docdir}'
prefix='/usr/local'
program_transform_name='s,x,x,'
psdir='${docdir}'
sbindir='${exec_prefix}/sbin'
sharedstatedir='${prefix}/com'
sysconfdir='${prefix}/etc'
target='arm-unknown-linux-gnu'
target_alias=''
target_cpu='arm'
target_os='linux-gnu'
target_vendor='unknown'

## ----------- ##
## confdefs.h. ##
## ----------- ##

/* confdefs.h */
#define PACKAGE_NAME ""
#define PACKAGE_TARNAME ""
#define PACKAGE_VERSION ""
#define PACKAGE_STRING ""
#define PACKAGE_BUGREPORT ""
#define PACKAGE_URL ""
#define STDC_HEADERS 1
#define HAVE_SYS_TYPES_H 1
#define HAVE_SYS_STAT_H 1
#define HAVE_STDLIB_H 1
#define HAVE_STRING_H 1
#define HAVE_MEMORY_H 1
#define HAVE_STRINGS_H 1
#define HAVE_INTTYPES_H 1
#define HAVE_STDINT_H 1
#define HAVE_UNISTD_H 1
#define HAVE_STDDEF_H 1
#define HAVE_LIMITS_H 1
#define HAVE_FLOAT_H 1
#define HAVE_FCNTL_H 1
#define HAVE_SYS_TIME_H 1
#define HAVE_SYS_FILE_H 1
#define HAVE_NETINET_IN_H 1
#define HAVE_FORK 1
#define HAVE_VFORK 1
#define HAVE_WORKING_VFORK 1
#define HAVE_WORKING_FORK 1
#define HAVE_DLFCN_H 1
#define SIZEOF_SHORT 2
#define SIZEOF_INT 4
#define SIZEOF_LONG 4
#define SIZEOF_LONG_LONG 8
#define DEFAULT_TO_FULL_CAPABILITIES 1
#define HAVE_LIBAVCODEC 1
#define AV_PICTURE_TYPE_NONE 0
#define HAVE_POSIX_MEMALIGN 1

configure: exit 0
