This file contains any messages produced by compilers while
running configure, to aid debugging if configure makes a mistake.

It was created by configure, which was
generated by GNU Autoconf 2.68.  Invocation command line was

  $ ./configure CXX=arm-arago-linux-gnueabi-g++ CC=arm-arago-linux-gnueabi-gcc --build=i686-pc-linux-gnu --host=arm-linux --target=arm-linux --disable-sdl OPENSSL_CFLAGS=-I/usr/local/ssl/include LDFLAGS=-L/usr/local/ssl/lib OPENSSL_LIBS=-lssl -lcrypto

## --------- ##
## Platform. ##
## --------- ##

hostname = sdt-SMBIOS
uname -m = x86_64
uname -r = 3.16.0-30-generic
uname -s = Linux
uname -v = #40~14.04.1-Ubuntu SMP Thu Jan 15 17:43:14 UTC 2015

/usr/bin/uname -p = unknown
/bin/uname -X     = unknown

/bin/arch              = unknown
/usr/bin/arch -k       = unknown
/usr/convex/getsysinfo = unknown
/usr/bin/hostinfo      = unknown
/bin/machine           = unknown
/usr/bin/oslevel       = unknown
/bin/universe          = unknown

PATH: /root/anaconda2/bin
PATH: /usr/local/sbin
PATH: /usr/local/bin
PATH: /usr/sbin
PATH: /usr/bin
PATH: /sbin
PATH: /bin
PATH: /usr/games
PATH: /usr/local/games
PATH: /usr/local/dvrrdk/DVRRDK_04.00.00.03/ti_tools/cgt_a8/arago/linux-devkit/bin
PATH: /usr/local/ffmpeg/bin
PATH: /usr/local/ssl_x86_64/bin
PATH: /usr/local/valgrind/bin
PATH: /root/CodeSourcery/Sourcery_G++_Lite/bin
PATH: /usr/local/dvrrdk/DVRRDK_04.00.00.03/ti_tools/cgt_a8/arago/linux-devkit/bin
PATH: /usr/local/dvrrdk/DVRRDK_04.00.00.03/ti_tools/cgt_a8/arago/linux-devkit/bin
PATH: /usr/local/ffmpeg/bin
PATH: /usr/local/ssl_x86_64/bin
PATH: /usr/local/valgrind/bin


## ----------- ##
## Core tests. ##
## ----------- ##

configure:2901: checking for arm-linux-pkg-config
configure:2934: result: no
configure:2944: checking for pkg-config
configure:2962: found /usr/bin/pkg-config
configure:2974: result: /usr/bin/pkg-config
configure:2986: WARNING: using cross tools not prefixed with host triplet
configure:2999: checking pkg-config is at least version 0.9.0
configure:3002: result: yes
configure:3022: checking for arm-linux-gcc
configure:3049: result: arm-arago-linux-gnueabi-gcc
configure:3318: checking for C compiler version
configure:3327: arm-arago-linux-gnueabi-gcc --version >&5
arm-arago-linux-gnueabi-gcc (GCC) 4.5.3 20110311 (prerelease)
Copyright (C) 2010 Free Software Foundation, Inc.
This is free software; see the source for copying conditions.  There is NO
warranty; not even for MERCHANTABILITY or FITNESS FOR A PARTICULAR PURPOSE.

configure:3338: $? = 0
configure:3327: arm-arago-linux-gnueabi-gcc -v >&5
Using built-in specs.
COLLECT_GCC=arm-arago-linux-gnueabi-gcc
Target: arm-arago-linux-gnueabi
Configured with: /sim/scratch_a0850442/arago-tmp-arago/work/i686-armv7a-sdk-arago-linux-gnueabi/gcc-cross-sdk-4.5-r41.2+svnr170880/gcc-4_5-branch/configure --build=i686-linux --host=i686-linux --target=arm-arago-linux-gnueabi --prefix=/arago-2011.09/armv7a --exec_prefix=/arago-2011.09/armv7a --bindir=/arago-2011.09/armv7a/bin --sbindir=/arago-2011.09/armv7a/bin --libexecdir=/arago-2011.09/armv7a/libexec --datadir=/arago-2011.09/armv7a/share --sysconfdir=/arago-2011.09/armv7a/etc --sharedstatedir=/arago-2011.09/armv7a/share/com --localstatedir=/arago-2011.09/armv7a/var --libdir=/arago-2011.09/armv7a/lib --includedir=/arago-2011.09/armv7a/include --oldincludedir=/arago-2011.09/armv7a/include --infodir=/arago-2011.09/armv7a/share/info --mandir=/arago-2011.09/armv7a/share/man --enable-largefile --disable-nls --enable-ipv6 --with-gnu-ld --enable-shared --enable-languages=c,c++,objc,fortran --enable-threads=posix --disable-multilib --enable-c99 --enable-long-long --enable-symvers=gnu --enable-libstdcxx-pch --program-prefix=arm-arago-linux-gnueabi- --enable-target-optspace --enable-lto --enable-libssp --disable-bootstrap --disable-libgomp --disable-libmudflap --with-float=softfp --with-sysroot=/arago-2011.09/armv7a/arm-arago-linux-gnueabi --with-build-time-tools=/sim/scratch_a0850442/arago-tmp-arago/sysroots/i686-linux/usr/armv7a/arm-arago-linux-gnueabi/bin --with-build-sysroot=/sim/scratch_a0850442/arago-tmp-arago/sysroots/armv7a-arago-linux-gnueabi --disable-libunwind-exceptions --with-mpfr=/sim/scratch_a0850442/arago-tmp-arago/sysroots/i686-linux/usr --with-system-zlib --enable-__cxa_atexit
Thread model: posix
gcc version 4.5.3 20110311 (prerelease) (GCC) 
configure:3338: $? = 0
configure:3327: arm-arago-linux-gnueabi-gcc -V >&5
arm-arago-linux-gnueabi-gcc: '-V' option must have argument
configure:3338: $? = 1
configure:3327: arm-arago-linux-gnueabi-gcc -qversion >&5
arm-arago-linux-gnueabi-gcc: unrecognized option '-qversion'
arm-arago-linux-gnueabi-gcc: no input files
configure:3338: $? = 1
configure:3358: checking whether the C compiler works
configure:3380: arm-arago-linux-gnueabi-gcc   -L/usr/local/ssl/lib conftest.c  >&5
configure:3384: $? = 0
configure:3432: result: yes
configure:3435: checking for C compiler default output file name
configure:3437: result: a.out
configure:3443: checking for suffix of executables
configure:3450: arm-arago-linux-gnueabi-gcc -o conftest   -L/usr/local/ssl/lib conftest.c  >&5
configure:3454: $? = 0
configure:3476: result: 
configure:3498: checking whether we are cross compiling
configure:3536: result: yes
configure:3541: checking for suffix of object files
configure:3563: arm-arago-linux-gnueabi-gcc -c   conftest.c >&5
configure:3567: $? = 0
configure:3588: result: o
configure:3592: checking whether we are using the GNU C compiler
configure:3611: arm-arago-linux-gnueabi-gcc -c   conftest.c >&5
configure:3611: $? = 0
configure:3620: result: yes
configure:3629: checking whether arm-arago-linux-gnueabi-gcc accepts -g
configure:3649: arm-arago-linux-gnueabi-gcc -c -g  conftest.c >&5
configure:3649: $? = 0
configure:3690: result: yes
configure:3707: checking for arm-arago-linux-gnueabi-gcc option to accept ISO C89
configure:3771: arm-arago-linux-gnueabi-gcc  -c -g -O2  conftest.c >&5
configure:3771: $? = 0
configure:3784: result: none needed
configure:3916: checking for C++ compiler version
configure:3925: arm-arago-linux-gnueabi-g++ --version >&5
arm-arago-linux-gnueabi-g++ (GCC) 4.5.3 20110311 (prerelease)
Copyright (C) 2010 Free Software Foundation, Inc.
This is free software; see the source for copying conditions.  There is NO
warranty; not even for MERCHANTABILITY or FITNESS FOR A PARTICULAR PURPOSE.

configure:3936: $? = 0
configure:3925: arm-arago-linux-gnueabi-g++ -v >&5
Using built-in specs.
COLLECT_GCC=arm-arago-linux-gnueabi-g++
Target: arm-arago-linux-gnueabi
Configured with: /sim/scratch_a0850442/arago-tmp-arago/work/i686-armv7a-sdk-arago-linux-gnueabi/gcc-cross-sdk-4.5-r41.2+svnr170880/gcc-4_5-branch/configure --build=i686-linux --host=i686-linux --target=arm-arago-linux-gnueabi --prefix=/arago-2011.09/armv7a --exec_prefix=/arago-2011.09/armv7a --bindir=/arago-2011.09/armv7a/bin --sbindir=/arago-2011.09/armv7a/bin --libexecdir=/arago-2011.09/armv7a/libexec --datadir=/arago-2011.09/armv7a/share --sysconfdir=/arago-2011.09/armv7a/etc --sharedstatedir=/arago-2011.09/armv7a/share/com --localstatedir=/arago-2011.09/armv7a/var --libdir=/arago-2011.09/armv7a/lib --includedir=/arago-2011.09/armv7a/include --oldincludedir=/arago-2011.09/armv7a/include --infodir=/arago-2011.09/armv7a/share/info --mandir=/arago-2011.09/armv7a/share/man --enable-largefile --disable-nls --enable-ipv6 --with-gnu-ld --enable-shared --enable-languages=c,c++,objc,fortran --enable-threads=posix --disable-multilib --enable-c99 --enable-long-long --enable-symvers=gnu --enable-libstdcxx-pch --program-prefix=arm-arago-linux-gnueabi- --enable-target-optspace --enable-lto --enable-libssp --disable-bootstrap --disable-libgomp --disable-libmudflap --with-float=softfp --with-sysroot=/arago-2011.09/armv7a/arm-arago-linux-gnueabi --with-build-time-tools=/sim/scratch_a0850442/arago-tmp-arago/sysroots/i686-linux/usr/armv7a/arm-arago-linux-gnueabi/bin --with-build-sysroot=/sim/scratch_a0850442/arago-tmp-arago/sysroots/armv7a-arago-linux-gnueabi --disable-libunwind-exceptions --with-mpfr=/sim/scratch_a0850442/arago-tmp-arago/sysroots/i686-linux/usr --with-system-zlib --enable-__cxa_atexit
Thread model: posix
gcc version 4.5.3 20110311 (prerelease) (GCC) 
configure:3936: $? = 0
configure:3925: arm-arago-linux-gnueabi-g++ -V >&5
arm-arago-linux-gnueabi-g++: '-V' option must have argument
configure:3936: $? = 1
configure:3925: arm-arago-linux-gnueabi-g++ -qversion >&5
arm-arago-linux-gnueabi-g++: unrecognized option '-qversion'
arm-arago-linux-gnueabi-g++: no input files
configure:3936: $? = 1
configure:3940: checking whether we are using the GNU C++ compiler
configure:3959: arm-arago-linux-gnueabi-g++ -c   conftest.cpp >&5
configure:3959: $? = 0
configure:3968: result: yes
configure:3977: checking whether arm-arago-linux-gnueabi-g++ accepts -g
configure:3997: arm-arago-linux-gnueabi-g++ -c -g  conftest.cpp >&5
configure:3997: $? = 0
configure:4038: result: yes
configure:4142: PTLib version is 2.10.11
configure:4268: checking build system type
configure:4282: result: i686-pc-linux-gnu
configure:4302: checking host system type
configure:4315: result: arm-unknown-linux-gnu
configure:4335: checking target system type
configure:4348: result: arm-unknown-linux-gnu
configure:4389: checking for swab
configure:4389: arm-arago-linux-gnueabi-g++ -o conftest -g -O2  -L/usr/local/ssl/lib conftest.cpp  >&5
configure:4389: $? = 0
configure:4389: result: yes
configure:4675: WARNING: "CPU arm not recognized - proceed with caution!"
configure:4703: OSTYPE set to linux
configure:4705: OSRELEASE set to "3.16.0-30-generic"
configure:4707: MACHTYPE set to arm
configure:4753: gcc version is 4.5.3
configure:4759: checking checking if pragma implementation should be used
configure:4771: result: no
configure:4775: checking checking if precompiled headers available
configure:4791: result: no
configure:4820: checking how to run the C++ preprocessor
configure:4847: arm-arago-linux-gnueabi-g++ -E  conftest.cpp
configure:4847: $? = 0
configure:4861: arm-arago-linux-gnueabi-g++ -E  conftest.cpp
conftest.cpp:17:28: fatal error: ac_nonexistent.h: No such file or directory
compilation terminated.
configure:4861: $? = 1
configure: failed program was:
| /* confdefs.h */
| #define PACKAGE_NAME ""
| #define PACKAGE_TARNAME ""
| #define PACKAGE_VERSION ""
| #define PACKAGE_STRING ""
| #define PACKAGE_BUGREPORT ""
| #define PACKAGE_URL ""
| #define PTLIB_MAJOR 2
| #define PTLIB_MINOR 10
| #define PTLIB_BUILD 11
| #define PTLIB_VERSION "2.10.11"
| #define P_PTHREADS 1
| #define USE_SYSTEM_SWAB /**/
| #define P_LINUX "3.16.0-30-generic"
| #define P_SHAREDLIBEXT $SHAREDLIBEXT
| /* end confdefs.h.  */
| #include <ac_nonexistent.h>
configure:4886: result: arm-arago-linux-gnueabi-g++ -E
configure:4906: arm-arago-linux-gnueabi-g++ -E  conftest.cpp
configure:4906: $? = 0
configure:4920: arm-arago-linux-gnueabi-g++ -E  conftest.cpp
conftest.cpp:17:28: fatal error: ac_nonexistent.h: No such file or directory
compilation terminated.
configure:4920: $? = 1
configure: failed program was:
| /* confdefs.h */
| #define PACKAGE_NAME ""
| #define PACKAGE_TARNAME ""
| #define PACKAGE_VERSION ""
| #define PACKAGE_STRING ""
| #define PACKAGE_BUGREPORT ""
| #define PACKAGE_URL ""
| #define PTLIB_MAJOR 2
| #define PTLIB_MINOR 10
| #define PTLIB_BUILD 11
| #define PTLIB_VERSION "2.10.11"
| #define P_PTHREADS 1
| #define USE_SYSTEM_SWAB /**/
| #define P_LINUX "3.16.0-30-generic"
| #define P_SHAREDLIBEXT $SHAREDLIBEXT
| /* end confdefs.h.  */
| #include <ac_nonexistent.h>
configure:4949: checking for grep that handles long lines and -e
configure:5007: result: /bin/grep
configure:5012: checking for egrep
configure:5074: result: /bin/grep -E
configure:5079: checking for ANSI C header files
configure:5099: arm-arago-linux-gnueabi-g++ -c -g -O2  conftest.cpp >&5
configure:5099: $? = 0
configure:5183: result: yes
configure:5196: checking for sys/types.h
configure:5196: arm-arago-linux-gnueabi-g++ -c -g -O2  conftest.cpp >&5
configure:5196: $? = 0
configure:5196: result: yes
configure:5196: checking for sys/stat.h
configure:5196: arm-arago-linux-gnueabi-g++ -c -g -O2  conftest.cpp >&5
configure:5196: $? = 0
configure:5196: result: yes
configure:5196: checking for stdlib.h
configure:5196: arm-arago-linux-gnueabi-g++ -c -g -O2  conftest.cpp >&5
configure:5196: $? = 0
configure:5196: result: yes
configure:5196: checking for string.h
configure:5196: arm-arago-linux-gnueabi-g++ -c -g -O2  conftest.cpp >&5
configure:5196: $? = 0
configure:5196: result: yes
configure:5196: checking for memory.h
configure:5196: arm-arago-linux-gnueabi-g++ -c -g -O2  conftest.cpp >&5
configure:5196: $? = 0
configure:5196: result: yes
configure:5196: checking for strings.h
configure:5196: arm-arago-linux-gnueabi-g++ -c -g -O2  conftest.cpp >&5
configure:5196: $? = 0
configure:5196: result: yes
configure:5196: checking for inttypes.h
configure:5196: arm-arago-linux-gnueabi-g++ -c -g -O2  conftest.cpp >&5
configure:5196: $? = 0
configure:5196: result: yes
configure:5196: checking for stdint.h
configure:5196: arm-arago-linux-gnueabi-g++ -c -g -O2  conftest.cpp >&5
configure:5196: $? = 0
configure:5196: result: yes
configure:5196: checking for unistd.h
configure:5196: arm-arago-linux-gnueabi-g++ -c -g -O2  conftest.cpp >&5
configure:5196: $? = 0
configure:5196: result: yes
configure:5208: checking whether byte ordering is bigendian
configure:5223: arm-arago-linux-gnueabi-g++ -c -g -O2  conftest.cpp >&5
conftest.cpp:28:9: error: expected unqualified-id before 'not' token
configure:5223: $? = 1
configure: failed program was:
| /* confdefs.h */
| #define PACKAGE_NAME ""
| #define PACKAGE_TARNAME ""
| #define PACKAGE_VERSION ""
| #define PACKAGE_STRING ""
| #define PACKAGE_BUGREPORT ""
| #define PACKAGE_URL ""
| #define PTLIB_MAJOR 2
| #define PTLIB_MINOR 10
| #define PTLIB_BUILD 11
| #define PTLIB_VERSION "2.10.11"
| #define P_PTHREADS 1
| #define USE_SYSTEM_SWAB /**/
| #define P_LINUX "3.16.0-30-generic"
| #define P_SHAREDLIBEXT $SHAREDLIBEXT
| #define STDC_HEADERS 1
| #define HAVE_SYS_TYPES_H 1
| #define HAVE_SYS_STAT_H 1
| #define HAVE_STDLIB_H 1
| #define HAVE_STRING_H 1
| #define HAVE_MEMORY_H 1
| #define HAVE_STRINGS_H 1
| #define HAVE_INTTYPES_H 1
| #define HAVE_STDINT_H 1
| #define HAVE_UNISTD_H 1
| /* end confdefs.h.  */
| #ifndef __APPLE_CC__
| 	       not a universal capable compiler
| 	     #endif
| 	     typedef int dummy;
| 
configure:5268: arm-arago-linux-gnueabi-g++ -c -g -O2  conftest.cpp >&5
configure:5268: $? = 0
configure:5286: arm-arago-linux-gnueabi-g++ -c -g -O2  conftest.cpp >&5
conftest.cpp: In function 'int main()':
conftest.cpp:34:8: error: 'big' was not declared in this scope
conftest.cpp:34:12: error: expected ';' before 'endian'
configure:5286: $? = 1
configure: failed program was:
| /* confdefs.h */
| #define PACKAGE_NAME ""
| #define PACKAGE_TARNAME ""
| #define PACKAGE_VERSION ""
| #define PACKAGE_STRING ""
| #define PACKAGE_BUGREPORT ""
| #define PACKAGE_URL ""
| #define PTLIB_MAJOR 2
| #define PTLIB_MINOR 10
| #define PTLIB_BUILD 11
| #define PTLIB_VERSION "2.10.11"
| #define P_PTHREADS 1
| #define USE_SYSTEM_SWAB /**/
| #define P_LINUX "3.16.0-30-generic"
| #define P_SHAREDLIBEXT $SHAREDLIBEXT
| #define STDC_HEADERS 1
| #define HAVE_SYS_TYPES_H 1
| #define HAVE_SYS_STAT_H 1
| #define HAVE_STDLIB_H 1
| #define HAVE_STRING_H 1
| #define HAVE_MEMORY_H 1
| #define HAVE_STRINGS_H 1
| #define HAVE_INTTYPES_H 1
| #define HAVE_STDINT_H 1
| #define HAVE_UNISTD_H 1
| /* end confdefs.h.  */
| #include <sys/types.h>
| 		#include <sys/param.h>
| 
| int
| main ()
| {
| #if BYTE_ORDER != BIG_ENDIAN
| 		 not big endian
| 		#endif
| 
|   ;
|   return 0;
| }
configure:5414: result: no
configure:5445: Default extension for C++ files is cpp
configure:5455: checking if compiler accepts -felide-constructors
configure:5470: result: yes
configure:5478: checking if linker accepts -Wreorder
configure:5493: result: yes
configure:5503: checking if debug build accepts -g3 -ggdb -O0
configure:5518: result: yes
configure:5528: checking if compiler uses RTTI by default
configure:5554: arm-arago-linux-gnueabi-g++ -c -g -O2  conftest.cpp >&5
configure:5554: $? = 0
configure:5561: result: yes
configure:5580: checking size of int
configure:5585: arm-arago-linux-gnueabi-g++ -c -g -O2  conftest.cpp >&5
configure:5585: $? = 0
configure:5585: arm-arago-linux-gnueabi-g++ -c -g -O2  conftest.cpp >&5
conftest.cpp: In function 'int main()':
conftest.cpp:64:67: error: size of array 'test_array' is negative
configure:5585: $? = 1
configure: failed program was:
| /* confdefs.h */
| #define PACKAGE_NAME ""
| #define PACKAGE_TARNAME ""
| #define PACKAGE_VERSION ""
| #define PACKAGE_STRING ""
| #define PACKAGE_BUGREPORT ""
| #define PACKAGE_URL ""
| #define PTLIB_MAJOR 2
| #define PTLIB_MINOR 10
| #define PTLIB_BUILD 11
| #define PTLIB_VERSION "2.10.11"
| #define P_PTHREADS 1
| #define USE_SYSTEM_SWAB /**/
| #define P_LINUX "3.16.0-30-generic"
| #define P_SHAREDLIBEXT $SHAREDLIBEXT
| #define STDC_HEADERS 1
| #define HAVE_SYS_TYPES_H 1
| #define HAVE_SYS_STAT_H 1
| #define HAVE_STDLIB_H 1
| #define HAVE_STRING_H 1
| #define HAVE_MEMORY_H 1
| #define HAVE_STRINGS_H 1
| #define HAVE_INTTYPES_H 1
| #define HAVE_STDINT_H 1
| #define HAVE_UNISTD_H 1
| #define PBYTE_ORDER PLITTLE_ENDIAN
| /* end confdefs.h.  */
| #include <stdio.h>
| #ifdef HAVE_SYS_TYPES_H
| # include <sys/types.h>
| #endif
| #ifdef HAVE_SYS_STAT_H
| # include <sys/stat.h>
| #endif
| #ifdef STDC_HEADERS
| # include <stdlib.h>
| # include <stddef.h>
| #else
| # ifdef HAVE_STDLIB_H
| #  include <stdlib.h>
| # endif
| #endif
| #ifdef HAVE_STRING_H
| # if !defined STDC_HEADERS && defined HAVE_MEMORY_H
| #  include <memory.h>
| # endif
| # include <string.h>
| #endif
| #ifdef HAVE_STRINGS_H
| # include <strings.h>
| #endif
| #ifdef HAVE_INTTYPES_H
| # include <inttypes.h>
| #endif
| #ifdef HAVE_STDINT_H
| # include <stdint.h>
| #endif
| #ifdef HAVE_UNISTD_H
| # include <unistd.h>
| #endif
| int
| main ()
| {
| static int test_array [1 - 2 * !(((long int) (sizeof (int))) <= 0)];
| test_array [0] = 0
| 
|   ;
|   return 0;
| }
configure:5585: arm-arago-linux-gnueabi-g++ -c -g -O2  conftest.cpp >&5
conftest.cpp: In function 'int main()':
conftest.cpp:64:67: error: size of array 'test_array' is negative
configure:5585: $? = 1
configure: failed program was:
| /* confdefs.h */
| #define PACKAGE_NAME ""
| #define PACKAGE_TARNAME ""
| #define PACKAGE_VERSION ""
| #define PACKAGE_STRING ""
| #define PACKAGE_BUGREPORT ""
| #define PACKAGE_URL ""
| #define PTLIB_MAJOR 2
| #define PTLIB_MINOR 10
| #define PTLIB_BUILD 11
| #define PTLIB_VERSION "2.10.11"
| #define P_PTHREADS 1
| #define USE_SYSTEM_SWAB /**/
| #define P_LINUX "3.16.0-30-generic"
| #define P_SHAREDLIBEXT $SHAREDLIBEXT
| #define STDC_HEADERS 1
| #define HAVE_SYS_TYPES_H 1
| #define HAVE_SYS_STAT_H 1
| #define HAVE_STDLIB_H 1
| #define HAVE_STRING_H 1
| #define HAVE_MEMORY_H 1
| #define HAVE_STRINGS_H 1
| #define HAVE_INTTYPES_H 1
| #define HAVE_STDINT_H 1
| #define HAVE_UNISTD_H 1
| #define PBYTE_ORDER PLITTLE_ENDIAN
| /* end confdefs.h.  */
| #include <stdio.h>
| #ifdef HAVE_SYS_TYPES_H
| # include <sys/types.h>
| #endif
| #ifdef HAVE_SYS_STAT_H
| # include <sys/stat.h>
| #endif
| #ifdef STDC_HEADERS
| # include <stdlib.h>
| # include <stddef.h>
| #else
| # ifdef HAVE_STDLIB_H
| #  include <stdlib.h>
| # endif
| #endif
| #ifdef HAVE_STRING_H
| # if !defined STDC_HEADERS && defined HAVE_MEMORY_H
| #  include <memory.h>
| # endif
| # include <string.h>
| #endif
| #ifdef HAVE_STRINGS_H
| # include <strings.h>
| #endif
| #ifdef HAVE_INTTYPES_H
| # include <inttypes.h>
| #endif
| #ifdef HAVE_STDINT_H
| # include <stdint.h>
| #endif
| #ifdef HAVE_UNISTD_H
| # include <unistd.h>
| #endif
| int
| main ()
| {
| static int test_array [1 - 2 * !(((long int) (sizeof (int))) <= 1)];
| test_array [0] = 0
| 
|   ;
|   return 0;
| }
configure:5585: arm-arago-linux-gnueabi-g++ -c -g -O2  conftest.cpp >&5
conftest.cpp: In function 'int main()':
conftest.cpp:64:67: error: size of array 'test_array' is negative
configure:5585: $? = 1
configure: failed program was:
| /* confdefs.h */
| #define PACKAGE_NAME ""
| #define PACKAGE_TARNAME ""
| #define PACKAGE_VERSION ""
| #define PACKAGE_STRING ""
| #define PACKAGE_BUGREPORT ""
| #define PACKAGE_URL ""
| #define PTLIB_MAJOR 2
| #define PTLIB_MINOR 10
| #define PTLIB_BUILD 11
| #define PTLIB_VERSION "2.10.11"
| #define P_PTHREADS 1
| #define USE_SYSTEM_SWAB /**/
| #define P_LINUX "3.16.0-30-generic"
| #define P_SHAREDLIBEXT $SHAREDLIBEXT
| #define STDC_HEADERS 1
| #define HAVE_SYS_TYPES_H 1
| #define HAVE_SYS_STAT_H 1
| #define HAVE_STDLIB_H 1
| #define HAVE_STRING_H 1
| #define HAVE_MEMORY_H 1
| #define HAVE_STRINGS_H 1
| #define HAVE_INTTYPES_H 1
| #define HAVE_STDINT_H 1
| #define HAVE_UNISTD_H 1
| #define PBYTE_ORDER PLITTLE_ENDIAN
| /* end confdefs.h.  */
| #include <stdio.h>
| #ifdef HAVE_SYS_TYPES_H
| # include <sys/types.h>
| #endif
| #ifdef HAVE_SYS_STAT_H
| # include <sys/stat.h>
| #endif
| #ifdef STDC_HEADERS
| # include <stdlib.h>
| # include <stddef.h>
| #else
| # ifdef HAVE_STDLIB_H
| #  include <stdlib.h>
| # endif
| #endif
| #ifdef HAVE_STRING_H
| # if !defined STDC_HEADERS && defined HAVE_MEMORY_H
| #  include <memory.h>
| # endif
| # include <string.h>
| #endif
| #ifdef HAVE_STRINGS_H
| # include <strings.h>
| #endif
| #ifdef HAVE_INTTYPES_H
| # include <inttypes.h>
| #endif
| #ifdef HAVE_STDINT_H
| # include <stdint.h>
| #endif
| #ifdef HAVE_UNISTD_H
| # include <unistd.h>
| #endif
| int
| main ()
| {
| static int test_array [1 - 2 * !(((long int) (sizeof (int))) <= 3)];
| test_array [0] = 0
| 
|   ;
|   return 0;
| }
configure:5585: arm-arago-linux-gnueabi-g++ -c -g -O2  conftest.cpp >&5
configure:5585: $? = 0
configure:5585: arm-arago-linux-gnueabi-g++ -c -g -O2  conftest.cpp >&5
configure:5585: $? = 0
configure:5585: arm-arago-linux-gnueabi-g++ -c -g -O2  conftest.cpp >&5
configure:5585: $? = 0
configure:5599: result: 4
configure:5613: checking for long double with more range or precision than double
configure:5648: arm-arago-linux-gnueabi-g++ -c -g -O2  conftest.cpp >&5
conftest.cpp: In function 'int main()':
conftest.cpp:50:5: error: size of array 'test_array' is negative
configure:5648: $? = 1
configure: failed program was:
| /* confdefs.h */
| #define PACKAGE_NAME ""
| #define PACKAGE_TARNAME ""
| #define PACKAGE_VERSION ""
| #define PACKAGE_STRING ""
| #define PACKAGE_BUGREPORT ""
| #define PACKAGE_URL ""
| #define PTLIB_MAJOR 2
| #define PTLIB_MINOR 10
| #define PTLIB_BUILD 11
| #define PTLIB_VERSION "2.10.11"
| #define P_PTHREADS 1
| #define USE_SYSTEM_SWAB /**/
| #define P_LINUX "3.16.0-30-generic"
| #define P_SHAREDLIBEXT $SHAREDLIBEXT
| #define STDC_HEADERS 1
| #define HAVE_SYS_TYPES_H 1
| #define HAVE_SYS_STAT_H 1
| #define HAVE_STDLIB_H 1
| #define HAVE_STRING_H 1
| #define HAVE_MEMORY_H 1
| #define HAVE_STRINGS_H 1
| #define HAVE_INTTYPES_H 1
| #define HAVE_STDINT_H 1
| #define HAVE_UNISTD_H 1
| #define PBYTE_ORDER PLITTLE_ENDIAN
| #define SIZEOF_INT 4
| /* end confdefs.h.  */
| #include <float.h>
| 	    long double const a[] =
| 	      {
| 		 0.0L, DBL_MIN, DBL_MAX, DBL_EPSILON,
| 		 LDBL_MIN, LDBL_MAX, LDBL_EPSILON
| 	      };
| 	    long double
| 	    f (long double x)
| 	    {
| 	       return ((x + (unsigned long int) 10) * (-1 / x) + a[0]
| 			+ (x ? f (x) : 'c'));
| 	    }
| 
| int
| main ()
| {
| static int test_array [1 - 2 * !((0 < ((DBL_MAX_EXP < LDBL_MAX_EXP)
| 		   + (DBL_MANT_DIG < LDBL_MANT_DIG)
| 		   - (LDBL_MAX_EXP < DBL_MAX_EXP)
| 		   - (LDBL_MANT_DIG < DBL_MANT_DIG)))
| 	    && (int) LDBL_EPSILON == 0
| 	  )];
| test_array [0] = 0
| 
|   ;
|   return 0;
| }
configure:5655: result: no
configure:5679: checking for flex
configure:5697: found /usr/bin/flex
configure:5709: result: /usr/bin/flex
configure:5724: checking for arm-linux-ar
configure:5754: result: no
configure:5764: checking for ar
configure:5780: found /usr/bin/ar
configure:5791: result: ar
configure:5910: checking for bison
configure:5928: found /usr/local/bin/bison
configure:5940: result: /usr/local/bin/bison
configure:5952: checking if readdir_r has 2 parms
configure:5966: arm-arago-linux-gnueabi-g++ -c -g -O2  conftest.cpp >&5
conftest.cpp: In function 'int main()':
conftest.cpp:35:42: error: too few arguments to function 'int readdir_r(DIR*, dirent*, dirent**)'
/usr/local/dvrrdk/DVRRDK_04.00.00.03/ti_tools/cgt_a8/arago/linux-devkit/bin/../arm-arago-linux-gnueabi/usr/include/dirent.h:184:12: note: declared here
configure:5966: $? = 1
configure: failed program was:
| /* confdefs.h */
| #define PACKAGE_NAME ""
| #define PACKAGE_TARNAME ""
| #define PACKAGE_VERSION ""
| #define PACKAGE_STRING ""
| #define PACKAGE_BUGREPORT ""
| #define PACKAGE_URL ""
| #define PTLIB_MAJOR 2
| #define PTLIB_MINOR 10
| #define PTLIB_BUILD 11
| #define PTLIB_VERSION "2.10.11"
| #define P_PTHREADS 1
| #define USE_SYSTEM_SWAB /**/
| #define P_LINUX "3.16.0-30-generic"
| #define P_SHAREDLIBEXT $SHAREDLIBEXT
| #define STDC_HEADERS 1
| #define HAVE_SYS_TYPES_H 1
| #define HAVE_SYS_STAT_H 1
| #define HAVE_STDLIB_H 1
| #define HAVE_STRING_H 1
| #define HAVE_MEMORY_H 1
| #define HAVE_STRINGS_H 1
| #define HAVE_INTTYPES_H 1
| #define HAVE_STDINT_H 1
| #define HAVE_UNISTD_H 1
| #define PBYTE_ORDER PLITTLE_ENDIAN
| #define SIZEOF_INT 4
| #define PNO_LONG_DOUBLE /**/
| /* end confdefs.h.  */
| #define _POSIX_PTHREAD_SEMANTICS
|                 #include <dirent.h>
| int
| main ()
| {
| DIR *s; struct dirent * e; readdir_r(s, e);
|   ;
|   return 0;
| }
configure:5976: result: no
configure:5978: checking if readdir_r has 3 parms
configure:5991: arm-arago-linux-gnueabi-g++ -c -g -O2  conftest.cpp >&5
configure:5991: $? = 0
configure:5998: result: yes
configure:6024: PTRACE and all trace logging included
configure:6041: Using ANSI C++ bool for PBoolean: (PFalse=false PTrue=true)
configure:6050: checking for recvmsg
configure:6065: arm-arago-linux-gnueabi-g++ -c -g -O2  conftest.cpp >&5
configure:6065: $? = 0
configure:6070: result: yes
configure:6081: checking for IPV6_ADD_MEMBERSHIP
configure:6094: arm-arago-linux-gnueabi-g++ -c -g -O2  conftest.cpp >&5
configure:6094: $? = 0
configure:6099: result: yes
configure:6110: checking for NetLink support
configure:6130: arm-arago-linux-gnueabi-g++ -c -g -O2  conftest.cpp >&5
configure:6130: $? = 0
configure:6135: result: yes
configure:6146: checking if using STL streams
configure:6159: arm-arago-linux-gnueabi-g++ -c -g -O2  conftest.cpp >&5
configure:6159: $? = 0
configure:6164: result: yes
configure:6184: checking if atomic integer available
configure:6201: arm-arago-linux-gnueabi-g++ -c -g -O2  conftest.cpp >&5
conftest.cpp:36:28: fatal error: bits/atomicity.h: No such file or directory
compilation terminated.
configure:6201: $? = 1
configure: failed program was:
| /* confdefs.h */
| #define PACKAGE_NAME ""
| #define PACKAGE_TARNAME ""
| #define PACKAGE_VERSION ""
| #define PACKAGE_STRING ""
| #define PACKAGE_BUGREPORT ""
| #define PACKAGE_URL ""
| #define PTLIB_MAJOR 2
| #define PTLIB_MINOR 10
| #define PTLIB_BUILD 11
| #define PTLIB_VERSION "2.10.11"
| #define P_PTHREADS 1
| #define USE_SYSTEM_SWAB /**/
| #define P_LINUX "3.16.0-30-generic"
| #define P_SHAREDLIBEXT $SHAREDLIBEXT
| #define STDC_HEADERS 1
| #define HAVE_SYS_TYPES_H 1
| #define HAVE_SYS_STAT_H 1
| #define HAVE_STDLIB_H 1
| #define HAVE_STRING_H 1
| #define HAVE_MEMORY_H 1
| #define HAVE_STRINGS_H 1
| #define HAVE_INTTYPES_H 1
| #define HAVE_STDINT_H 1
| #define HAVE_UNISTD_H 1
| #define PBYTE_ORDER PLITTLE_ENDIAN
| #define SIZEOF_INT 4
| #define PNO_LONG_DOUBLE /**/
| #define P_HAS_POSIX_READDIR_R 3
| #define P_USE_STANDARD_CXX_BOOL 1
| #define P_HAS_RECVMSG 1
| #define P_HAS_IPV6_ADD_MEMBERSHIP 1
| #define P_HAS_NETLINK 1
| #define P_HAS_STL_STREAMS 1
| /* end confdefs.h.  */
| #include <bits/atomicity.h>
| int
| main ()
| {
| _Atomic_word val;
|   ;
|   return 0;
| }
configure:6215: arm-arago-linux-gnueabi-g++ -c -g -O2  conftest.cpp >&5
configure:6215: $? = 0
configure:6223: result: yes
configure:6225: checking if __exchange_and_add is in __gnu_cxx namespace
configure:6256: arm-arago-linux-gnueabi-g++ -c -g -O2  conftest.cpp >&5
configure:6256: $? = 0
configure:6262: result: yes
configure:6299: arm-arago-linux-gnueabi-g++ -c -g -O2  conftest.cpp >&5
configure:6299: $? = 0
configure:6303: checking if Unix semaphores are available
configure:6308: result: yes
configure:6359: checking for pthread_create in -lpthread
configure:6384: arm-arago-linux-gnueabi-g++ -o conftest -g -O2  -L/usr/local/ssl/lib conftest.cpp -lpthread   >&5
configure:6384: $? = 0
configure:6393: result: yes
configure:6418: checking for clock_gettime in -lrt
configure:6443: arm-arago-linux-gnueabi-g++ -o conftest -g -O2  -L/usr/local/ssl/lib conftest.cpp -lrt   >&5
configure:6443: $? = 0
configure:6452: result: yes
configure:6471: checking if pthread_mutex_timedlock is available
configure:6484: arm-arago-linux-gnueabi-g++ -c -g -O2  conftest.cpp >&5
configure:6484: $? = 0
configure:6491: result: yes
configure:6501: checking for sem_timedwait in -lpthread
configure:6526: arm-arago-linux-gnueabi-g++ -o conftest -g -O2  -L/usr/local/ssl/lib conftest.cpp -lpthread   >&5
configure:6526: $? = 0
configure:6535: result: yes
configure:6544: checking if sem_timedwait is compilable
configure:6557: arm-arago-linux-gnueabi-g++ -c -g -O2  conftest.cpp >&5
configure:6557: $? = 0
configure:6567: result: yes
configure:6577: checking if recursive mutexes are available
configure:6590: arm-arago-linux-gnueabi-g++ -c -g -O2  conftest.cpp >&5
configure:6590: $? = 0
configure:6595: result: PTHREAD_MUTEX_RECURSIVE_NP
configure:6629: checking if setpgrp takes no parameters
configure:6642: arm-arago-linux-gnueabi-g++ -c -g -O2  conftest.cpp >&5
configure:6642: $? = 0
configure:6647: result: yes
configure:6662: checking regex.h usability
configure:6662: arm-arago-linux-gnueabi-g++ -c -g -O2  conftest.cpp >&5
configure:6662: $? = 0
configure:6662: result: yes
configure:6662: checking regex.h presence
configure:6662: arm-arago-linux-gnueabi-g++ -E  conftest.cpp
configure:6662: $? = 0
configure:6662: result: yes
configure:6662: checking for regex.h
configure:6662: result: yes
configure:6683: checking for regcomp
configure:6683: arm-arago-linux-gnueabi-g++ -o conftest -g -O2  -L/usr/local/ssl/lib conftest.cpp  >&5
configure:6683: $? = 0
configure:6683: result: yes
configure:6764: checking dlfcn.h usability
configure:6764: arm-arago-linux-gnueabi-g++ -c -g -O2  conftest.cpp >&5
configure:6764: $? = 0
configure:6764: result: yes
configure:6764: checking dlfcn.h presence
configure:6764: arm-arago-linux-gnueabi-g++ -E  conftest.cpp
configure:6764: $? = 0
configure:6764: result: yes
configure:6764: checking for dlfcn.h
configure:6764: result: yes
configure:6777: checking if dlopen is available
configure:6796: arm-arago-linux-gnueabi-gcc -c -g -O2  conftest.c >&5
configure:6796: $? = 0
configure:6806: result: yes
configure:6857: checking for dlopen in -ldl
configure:6882: arm-arago-linux-gnueabi-gcc -o conftest -g -O2  -L/usr/local/ssl/lib conftest.c -ldl   >&5
configure:6882: $? = 0
configure:6891: result: yes
configure:6920: checking enable plugin support
configure:6956: result: yes
configure:6970: checking where plugins are being installed
configure:6999: result: /usr/local/lib/ptlib-2.10.11
configure:7013: checking enable samples build
configure:7053: result: no
configure:7082: checking how to run the C preprocessor
configure:7113: arm-arago-linux-gnueabi-gcc -E  conftest.c
configure:7113: $? = 0
configure:7127: arm-arago-linux-gnueabi-gcc -E  conftest.c
conftest.c:49:28: fatal error: ac_nonexistent.h: No such file or directory
compilation terminated.
configure:7127: $? = 1
configure: failed program was:
| /* confdefs.h */
| #define PACKAGE_NAME ""
| #define PACKAGE_TARNAME ""
| #define PACKAGE_VERSION ""
| #define PACKAGE_STRING ""
| #define PACKAGE_BUGREPORT ""
| #define PACKAGE_URL ""
| #define PTLIB_MAJOR 2
| #define PTLIB_MINOR 10
| #define PTLIB_BUILD 11
| #define PTLIB_VERSION "2.10.11"
| #define P_PTHREADS 1
| #define USE_SYSTEM_SWAB /**/
| #define P_LINUX "3.16.0-30-generic"
| #define P_SHAREDLIBEXT $SHAREDLIBEXT
| #define STDC_HEADERS 1
| #define HAVE_SYS_TYPES_H 1
| #define HAVE_SYS_STAT_H 1
| #define HAVE_STDLIB_H 1
| #define HAVE_STRING_H 1
| #define HAVE_MEMORY_H 1
| #define HAVE_STRINGS_H 1
| #define HAVE_INTTYPES_H 1
| #define HAVE_STDINT_H 1
| #define HAVE_UNISTD_H 1
| #define PBYTE_ORDER PLITTLE_ENDIAN
| #define SIZEOF_INT 4
| #define PNO_LONG_DOUBLE /**/
| #define P_HAS_POSIX_READDIR_R 3
| #define P_USE_STANDARD_CXX_BOOL 1
| #define P_HAS_RECVMSG 1
| #define P_HAS_IPV6_ADD_MEMBERSHIP 1
| #define P_HAS_NETLINK 1
| #define P_HAS_STL_STREAMS 1
| #define P_HAS_ATOMIC_INT 1
| #define P_NEEDS_GNU_CXX_NAMESPACE 1
| #define P_HAS_SEMAPHORES 1
| #define P_PTHREADS_XPG6 1
| #define P_HAS_SEMAPHORES_XPG6 1
| #define P_HAS_RECURSIVE_MUTEX 1
| #define P_SETPGRP_NOPARM 1
| #define HAVE_REGEX_H 1
| #define P_REGEX 1
| #define HAVE_DLFCN_H 1
| #define P_DYNALINK 1
| #define P_PLUGINS 1
| #define P_DEFAULT_PLUGIN_DIR "/usr/local/lib/ptlib-2.10.11"
| /* end confdefs.h.  */
| #include <ac_nonexistent.h>
configure:7152: result: arm-arago-linux-gnueabi-gcc -E
configure:7172: arm-arago-linux-gnueabi-gcc -E  conftest.c
configure:7172: $? = 0
configure:7186: arm-arago-linux-gnueabi-gcc -E  conftest.c
conftest.c:49:28: fatal error: ac_nonexistent.h: No such file or directory
compilation terminated.
configure:7186: $? = 1
configure: failed program was:
| /* confdefs.h */
| #define PACKAGE_NAME ""
| #define PACKAGE_TARNAME ""
| #define PACKAGE_VERSION ""
| #define PACKAGE_STRING ""
| #define PACKAGE_BUGREPORT ""
| #define PACKAGE_URL ""
| #define PTLIB_MAJOR 2
| #define PTLIB_MINOR 10
| #define PTLIB_BUILD 11
| #define PTLIB_VERSION "2.10.11"
| #define P_PTHREADS 1
| #define USE_SYSTEM_SWAB /**/
| #define P_LINUX "3.16.0-30-generic"
| #define P_SHAREDLIBEXT $SHAREDLIBEXT
| #define STDC_HEADERS 1
| #define HAVE_SYS_TYPES_H 1
| #define HAVE_SYS_STAT_H 1
| #define HAVE_STDLIB_H 1
| #define HAVE_STRING_H 1
| #define HAVE_MEMORY_H 1
| #define HAVE_STRINGS_H 1
| #define HAVE_INTTYPES_H 1
| #define HAVE_STDINT_H 1
| #define HAVE_UNISTD_H 1
| #define PBYTE_ORDER PLITTLE_ENDIAN
| #define SIZEOF_INT 4
| #define PNO_LONG_DOUBLE /**/
| #define P_HAS_POSIX_READDIR_R 3
| #define P_USE_STANDARD_CXX_BOOL 1
| #define P_HAS_RECVMSG 1
| #define P_HAS_IPV6_ADD_MEMBERSHIP 1
| #define P_HAS_NETLINK 1
| #define P_HAS_STL_STREAMS 1
| #define P_HAS_ATOMIC_INT 1
| #define P_NEEDS_GNU_CXX_NAMESPACE 1
| #define P_HAS_SEMAPHORES 1
| #define P_PTHREADS_XPG6 1
| #define P_HAS_SEMAPHORES_XPG6 1
| #define P_HAS_RECURSIVE_MUTEX 1
| #define P_SETPGRP_NOPARM 1
| #define HAVE_REGEX_H 1
| #define P_REGEX 1
| #define HAVE_DLFCN_H 1
| #define P_DYNALINK 1
| #define P_PLUGINS 1
| #define P_DEFAULT_PLUGIN_DIR "/usr/local/lib/ptlib-2.10.11"
| /* end confdefs.h.  */
| #include <ac_nonexistent.h>
configure:7219: checking for res_ninit
configure:7219: arm-arago-linux-gnueabi-gcc -o conftest -g -O2  -L/usr/local/ssl/lib conftest.c  >&5
/tmp/ccczSFxP.o: In function `main':
/home/lee/sm_for_certify/sanweixinan/crypto_voip_sm/crypto_opal/ptlib-2.10.11_arm/conftest.c:83: undefined reference to `res_ninit'
collect2: ld returned 1 exit status
configure:7219: $? = 1
configure: failed program was:
| /* confdefs.h */
| #define PACKAGE_NAME ""
| #define PACKAGE_TARNAME ""
| #define PACKAGE_VERSION ""
| #define PACKAGE_STRING ""
| #define PACKAGE_BUGREPORT ""
| #define PACKAGE_URL ""
| #define PTLIB_MAJOR 2
| #define PTLIB_MINOR 10
| #define PTLIB_BUILD 11
| #define PTLIB_VERSION "2.10.11"
| #define P_PTHREADS 1
| #define USE_SYSTEM_SWAB /**/
| #define P_LINUX "3.16.0-30-generic"
| #define P_SHAREDLIBEXT $SHAREDLIBEXT
| #define STDC_HEADERS 1
| #define HAVE_SYS_TYPES_H 1
| #define HAVE_SYS_STAT_H 1
| #define HAVE_STDLIB_H 1
| #define HAVE_STRING_H 1
| #define HAVE_MEMORY_H 1
| #define HAVE_STRINGS_H 1
| #define HAVE_INTTYPES_H 1
| #define HAVE_STDINT_H 1
| #define HAVE_UNISTD_H 1
| #define PBYTE_ORDER PLITTLE_ENDIAN
| #define SIZEOF_INT 4
| #define PNO_LONG_DOUBLE /**/
| #define P_HAS_POSIX_READDIR_R 3
| #define P_USE_STANDARD_CXX_BOOL 1
| #define P_HAS_RECVMSG 1
| #define P_HAS_IPV6_ADD_MEMBERSHIP 1
| #define P_HAS_NETLINK 1
| #define P_HAS_STL_STREAMS 1
| #define P_HAS_ATOMIC_INT 1
| #define P_NEEDS_GNU_CXX_NAMESPACE 1
| #define P_HAS_SEMAPHORES 1
| #define P_PTHREADS_XPG6 1
| #define P_HAS_SEMAPHORES_XPG6 1
| #define P_HAS_RECURSIVE_MUTEX 1
| #define P_SETPGRP_NOPARM 1
| #define HAVE_REGEX_H 1
| #define P_REGEX 1
| #define HAVE_DLFCN_H 1
| #define P_DYNALINK 1
| #define P_PLUGINS 1
| #define P_DEFAULT_PLUGIN_DIR "/usr/local/lib/ptlib-2.10.11"
| /* end confdefs.h.  */
| /* Define res_ninit to an innocuous variant, in case <limits.h> declares res_ninit.
|    For example, HP-UX 11i <limits.h> declares gettimeofday.  */
| #define res_ninit innocuous_res_ninit
| 
| /* System header to define __stub macros and hopefully few prototypes,
|     which can conflict with char res_ninit (); below.
|     Prefer <limits.h> to <assert.h> if __STDC__ is defined, since
|     <limits.h> exists even on freestanding compilers.  */
| 
| #ifdef __STDC__
| # include <limits.h>
| #else
| # include <assert.h>
| #endif
| 
| #undef res_ninit
| 
| /* Override any GCC internal prototype to avoid an error.
|    Use char because int might match the return type of a GCC
|    builtin and then its argument prototype would still apply.  */
| #ifdef __cplusplus
| extern "C"
| #endif
| char res_ninit ();
| /* The GNU C library defines this for functions which it implements
|     to always fail with ENOSYS.  Some functions are actually named
|     something starting with __ and the normal name is an alias.  */
| #if defined __stub_res_ninit || defined __stub___res_ninit
| choke me
| #endif
| 
| int
| main ()
| {
| return res_ninit ();
|   ;
|   return 0;
| }
configure:7219: result: no
configure:7229: checking for res_ninit in -lresolv
configure:7245: arm-arago-linux-gnueabi-gcc -o conftest -g -O2  -L/usr/local/ssl/lib conftest.c  -lresolv >&5
configure:7245: $? = 0
configure:7255: result: yes
configure:7485: checking for sasl_version in -lsasl2
configure:7510: arm-arago-linux-gnueabi-gcc -o conftest -g -O2  -L/usr/local/ssl/lib conftest.c -lsasl2   >&5
/usr/local/dvrrdk/DVRRDK_04.00.00.03/ti_tools/cgt_a8/arago/linux-devkit/bin/../lib/gcc/arm-arago-linux-gnueabi/4.5.3/../../../../arm-arago-linux-gnueabi/bin/ld: cannot find -lsasl2
collect2: ld returned 1 exit status
configure:7510: $? = 1
configure: failed program was:
| /* confdefs.h */
| #define PACKAGE_NAME ""
| #define PACKAGE_TARNAME ""
| #define PACKAGE_VERSION ""
| #define PACKAGE_STRING ""
| #define PACKAGE_BUGREPORT ""
| #define PACKAGE_URL ""
| #define PTLIB_MAJOR 2
| #define PTLIB_MINOR 10
| #define PTLIB_BUILD 11
| #define PTLIB_VERSION "2.10.11"
| #define P_PTHREADS 1
| #define USE_SYSTEM_SWAB /**/
| #define P_LINUX "3.16.0-30-generic"
| #define P_SHAREDLIBEXT $SHAREDLIBEXT
| #define STDC_HEADERS 1
| #define HAVE_SYS_TYPES_H 1
| #define HAVE_SYS_STAT_H 1
| #define HAVE_STDLIB_H 1
| #define HAVE_STRING_H 1
| #define HAVE_MEMORY_H 1
| #define HAVE_STRINGS_H 1
| #define HAVE_INTTYPES_H 1
| #define HAVE_STDINT_H 1
| #define HAVE_UNISTD_H 1
| #define PBYTE_ORDER PLITTLE_ENDIAN
| #define SIZEOF_INT 4
| #define PNO_LONG_DOUBLE /**/
| #define P_HAS_POSIX_READDIR_R 3
| #define P_USE_STANDARD_CXX_BOOL 1
| #define P_HAS_RECVMSG 1
| #define P_HAS_IPV6_ADD_MEMBERSHIP 1
| #define P_HAS_NETLINK 1
| #define P_HAS_STL_STREAMS 1
| #define P_HAS_ATOMIC_INT 1
| #define P_NEEDS_GNU_CXX_NAMESPACE 1
| #define P_HAS_SEMAPHORES 1
| #define P_PTHREADS_XPG6 1
| #define P_HAS_SEMAPHORES_XPG6 1
| #define P_HAS_RECURSIVE_MUTEX 1
| #define P_SETPGRP_NOPARM 1
| #define HAVE_REGEX_H 1
| #define P_REGEX 1
| #define HAVE_DLFCN_H 1
| #define P_DYNALINK 1
| #define P_PLUGINS 1
| #define P_DEFAULT_PLUGIN_DIR "/usr/local/lib/ptlib-2.10.11"
| #define P_DNS 1
| #define P_HAS_RES_NINIT 1
| /* end confdefs.h.  */
| 
| /* Override any GCC internal prototype to avoid an error.
|    Use char because int might match the return type of a GCC
|    builtin and then its argument prototype would still apply.  */
| #ifdef __cplusplus
| extern "C"
| #endif
| char sasl_version ();
| int
| main ()
| {
| return sasl_version ();
|   ;
|   return 0;
| }
configure:7519: result: no
configure:7527: checking for sasl_client_out in -lsasl
configure:7552: arm-arago-linux-gnueabi-gcc -o conftest -g -O2  -L/usr/local/ssl/lib conftest.c -lsasl   >&5
/usr/local/dvrrdk/DVRRDK_04.00.00.03/ti_tools/cgt_a8/arago/linux-devkit/bin/../lib/gcc/arm-arago-linux-gnueabi/4.5.3/../../../../arm-arago-linux-gnueabi/bin/ld: cannot find -lsasl
collect2: ld returned 1 exit status
configure:7552: $? = 1
configure: failed program was:
| /* confdefs.h */
| #define PACKAGE_NAME ""
| #define PACKAGE_TARNAME ""
| #define PACKAGE_VERSION ""
| #define PACKAGE_STRING ""
| #define PACKAGE_BUGREPORT ""
| #define PACKAGE_URL ""
| #define PTLIB_MAJOR 2
| #define PTLIB_MINOR 10
| #define PTLIB_BUILD 11
| #define PTLIB_VERSION "2.10.11"
| #define P_PTHREADS 1
| #define USE_SYSTEM_SWAB /**/
| #define P_LINUX "3.16.0-30-generic"
| #define P_SHAREDLIBEXT $SHAREDLIBEXT
| #define STDC_HEADERS 1
| #define HAVE_SYS_TYPES_H 1
| #define HAVE_SYS_STAT_H 1
| #define HAVE_STDLIB_H 1
| #define HAVE_STRING_H 1
| #define HAVE_MEMORY_H 1
| #define HAVE_STRINGS_H 1
| #define HAVE_INTTYPES_H 1
| #define HAVE_STDINT_H 1
| #define HAVE_UNISTD_H 1
| #define PBYTE_ORDER PLITTLE_ENDIAN
| #define SIZEOF_INT 4
| #define PNO_LONG_DOUBLE /**/
| #define P_HAS_POSIX_READDIR_R 3
| #define P_USE_STANDARD_CXX_BOOL 1
| #define P_HAS_RECVMSG 1
| #define P_HAS_IPV6_ADD_MEMBERSHIP 1
| #define P_HAS_NETLINK 1
| #define P_HAS_STL_STREAMS 1
| #define P_HAS_ATOMIC_INT 1
| #define P_NEEDS_GNU_CXX_NAMESPACE 1
| #define P_HAS_SEMAPHORES 1
| #define P_PTHREADS_XPG6 1
| #define P_HAS_SEMAPHORES_XPG6 1
| #define P_HAS_RECURSIVE_MUTEX 1
| #define P_SETPGRP_NOPARM 1
| #define HAVE_REGEX_H 1
| #define P_REGEX 1
| #define HAVE_DLFCN_H 1
| #define P_DYNALINK 1
| #define P_PLUGINS 1
| #define P_DEFAULT_PLUGIN_DIR "/usr/local/lib/ptlib-2.10.11"
| #define P_DNS 1
| #define P_HAS_RES_NINIT 1
| /* end confdefs.h.  */
| 
| /* Override any GCC internal prototype to avoid an error.
|    Use char because int might match the return type of a GCC
|    builtin and then its argument prototype would still apply.  */
| #ifdef __cplusplus
| extern "C"
| #endif
| char sasl_client_out ();
| int
| main ()
| {
| return sasl_client_out ();
|   ;
|   return 0;
| }
configure:7561: result: no
configure:7572: checking if <sasl.h> works
configure:7585: arm-arago-linux-gnueabi-gcc -c -g -O2  conftest.c >&5
conftest.c:51:18: fatal error: sasl.h: No such file or directory
compilation terminated.
configure:7585: $? = 1
configure: failed program was:
| /* confdefs.h */
| #define PACKAGE_NAME ""
| #define PACKAGE_TARNAME ""
| #define PACKAGE_VERSION ""
| #define PACKAGE_STRING ""
| #define PACKAGE_BUGREPORT ""
| #define PACKAGE_URL ""
| #define PTLIB_MAJOR 2
| #define PTLIB_MINOR 10
| #define PTLIB_BUILD 11
| #define PTLIB_VERSION "2.10.11"
| #define P_PTHREADS 1
| #define USE_SYSTEM_SWAB /**/
| #define P_LINUX "3.16.0-30-generic"
| #define P_SHAREDLIBEXT $SHAREDLIBEXT
| #define STDC_HEADERS 1
| #define HAVE_SYS_TYPES_H 1
| #define HAVE_SYS_STAT_H 1
| #define HAVE_STDLIB_H 1
| #define HAVE_STRING_H 1
| #define HAVE_MEMORY_H 1
| #define HAVE_STRINGS_H 1
| #define HAVE_INTTYPES_H 1
| #define HAVE_STDINT_H 1
| #define HAVE_UNISTD_H 1
| #define PBYTE_ORDER PLITTLE_ENDIAN
| #define SIZEOF_INT 4
| #define PNO_LONG_DOUBLE /**/
| #define P_HAS_POSIX_READDIR_R 3
| #define P_USE_STANDARD_CXX_BOOL 1
| #define P_HAS_RECVMSG 1
| #define P_HAS_IPV6_ADD_MEMBERSHIP 1
| #define P_HAS_NETLINK 1
| #define P_HAS_STL_STREAMS 1
| #define P_HAS_ATOMIC_INT 1
| #define P_NEEDS_GNU_CXX_NAMESPACE 1
| #define P_HAS_SEMAPHORES 1
| #define P_PTHREADS_XPG6 1
| #define P_HAS_SEMAPHORES_XPG6 1
| #define P_HAS_RECURSIVE_MUTEX 1
| #define P_SETPGRP_NOPARM 1
| #define HAVE_REGEX_H 1
| #define P_REGEX 1
| #define HAVE_DLFCN_H 1
| #define P_DYNALINK 1
| #define P_PLUGINS 1
| #define P_DEFAULT_PLUGIN_DIR "/usr/local/lib/ptlib-2.10.11"
| #define P_DNS 1
| #define P_HAS_RES_NINIT 1
| /* end confdefs.h.  */
| #include <sasl.h>
| int
| main ()
| {
|  int v = SASL_LOG_PASS;
|   ;
|   return 0;
| }
configure:7594: result: no
configure:7601: checking if <sasl/sasl.h> works
configure:7614: arm-arago-linux-gnueabi-gcc -c -g -O2  conftest.c >&5
conftest.c:51:24: fatal error: sasl/sasl.h: No such file or directory
compilation terminated.
configure:7614: $? = 1
configure: failed program was:
| /* confdefs.h */
| #define PACKAGE_NAME ""
| #define PACKAGE_TARNAME ""
| #define PACKAGE_VERSION ""
| #define PACKAGE_STRING ""
| #define PACKAGE_BUGREPORT ""
| #define PACKAGE_URL ""
| #define PTLIB_MAJOR 2
| #define PTLIB_MINOR 10
| #define PTLIB_BUILD 11
| #define PTLIB_VERSION "2.10.11"
| #define P_PTHREADS 1
| #define USE_SYSTEM_SWAB /**/
| #define P_LINUX "3.16.0-30-generic"
| #define P_SHAREDLIBEXT $SHAREDLIBEXT
| #define STDC_HEADERS 1
| #define HAVE_SYS_TYPES_H 1
| #define HAVE_SYS_STAT_H 1
| #define HAVE_STDLIB_H 1
| #define HAVE_STRING_H 1
| #define HAVE_MEMORY_H 1
| #define HAVE_STRINGS_H 1
| #define HAVE_INTTYPES_H 1
| #define HAVE_STDINT_H 1
| #define HAVE_UNISTD_H 1
| #define PBYTE_ORDER PLITTLE_ENDIAN
| #define SIZEOF_INT 4
| #define PNO_LONG_DOUBLE /**/
| #define P_HAS_POSIX_READDIR_R 3
| #define P_USE_STANDARD_CXX_BOOL 1
| #define P_HAS_RECVMSG 1
| #define P_HAS_IPV6_ADD_MEMBERSHIP 1
| #define P_HAS_NETLINK 1
| #define P_HAS_STL_STREAMS 1
| #define P_HAS_ATOMIC_INT 1
| #define P_NEEDS_GNU_CXX_NAMESPACE 1
| #define P_HAS_SEMAPHORES 1
| #define P_PTHREADS_XPG6 1
| #define P_HAS_SEMAPHORES_XPG6 1
| #define P_HAS_RECURSIVE_MUTEX 1
| #define P_SETPGRP_NOPARM 1
| #define HAVE_REGEX_H 1
| #define P_REGEX 1
| #define HAVE_DLFCN_H 1
| #define P_DYNALINK 1
| #define P_PLUGINS 1
| #define P_DEFAULT_PLUGIN_DIR "/usr/local/lib/ptlib-2.10.11"
| #define P_DNS 1
| #define P_HAS_RES_NINIT 1
| /* end confdefs.h.  */
|  #include <sasl/sasl.h>
| int
| main ()
| {
|  int v = SASL_LOG_PASS;
|   ;
|   return 0;
| }
configure:7623: result: no
configure:7671: SUN mlib disabled
configure:7780: checking ldap.h usability
configure:7780: arm-arago-linux-gnueabi-gcc -c -g -O2   conftest.c >&5
conftest.c:84:18: fatal error: ldap.h: No such file or directory
compilation terminated.
configure:7780: $? = 1
configure: failed program was:
| /* confdefs.h */
| #define PACKAGE_NAME ""
| #define PACKAGE_TARNAME ""
| #define PACKAGE_VERSION ""
| #define PACKAGE_STRING ""
| #define PACKAGE_BUGREPORT ""
| #define PACKAGE_URL ""
| #define PTLIB_MAJOR 2
| #define PTLIB_MINOR 10
| #define PTLIB_BUILD 11
| #define PTLIB_VERSION "2.10.11"
| #define P_PTHREADS 1
| #define USE_SYSTEM_SWAB /**/
| #define P_LINUX "3.16.0-30-generic"
| #define P_SHAREDLIBEXT $SHAREDLIBEXT
| #define STDC_HEADERS 1
| #define HAVE_SYS_TYPES_H 1
| #define HAVE_SYS_STAT_H 1
| #define HAVE_STDLIB_H 1
| #define HAVE_STRING_H 1
| #define HAVE_MEMORY_H 1
| #define HAVE_STRINGS_H 1
| #define HAVE_INTTYPES_H 1
| #define HAVE_STDINT_H 1
| #define HAVE_UNISTD_H 1
| #define PBYTE_ORDER PLITTLE_ENDIAN
| #define SIZEOF_INT 4
| #define PNO_LONG_DOUBLE /**/
| #define P_HAS_POSIX_READDIR_R 3
| #define P_USE_STANDARD_CXX_BOOL 1
| #define P_HAS_RECVMSG 1
| #define P_HAS_IPV6_ADD_MEMBERSHIP 1
| #define P_HAS_NETLINK 1
| #define P_HAS_STL_STREAMS 1
| #define P_HAS_ATOMIC_INT 1
| #define P_NEEDS_GNU_CXX_NAMESPACE 1
| #define P_HAS_SEMAPHORES 1
| #define P_PTHREADS_XPG6 1
| #define P_HAS_SEMAPHORES_XPG6 1
| #define P_HAS_RECURSIVE_MUTEX 1
| #define P_SETPGRP_NOPARM 1
| #define HAVE_REGEX_H 1
| #define P_REGEX 1
| #define HAVE_DLFCN_H 1
| #define P_DYNALINK 1
| #define P_PLUGINS 1
| #define P_DEFAULT_PLUGIN_DIR "/usr/local/lib/ptlib-2.10.11"
| #define P_DNS 1
| #define P_HAS_RES_NINIT 1
| /* end confdefs.h.  */
| #include <stdio.h>
| #ifdef HAVE_SYS_TYPES_H
| # include <sys/types.h>
| #endif
| #ifdef HAVE_SYS_STAT_H
| # include <sys/stat.h>
| #endif
| #ifdef STDC_HEADERS
| # include <stdlib.h>
| # include <stddef.h>
| #else
| # ifdef HAVE_STDLIB_H
| #  include <stdlib.h>
| # endif
| #endif
| #ifdef HAVE_STRING_H
| # if !defined STDC_HEADERS && defined HAVE_MEMORY_H
| #  include <memory.h>
| # endif
| # include <string.h>
| #endif
| #ifdef HAVE_STRINGS_H
| # include <strings.h>
| #endif
| #ifdef HAVE_INTTYPES_H
| # include <inttypes.h>
| #endif
| #ifdef HAVE_STDINT_H
| # include <stdint.h>
| #endif
| #ifdef HAVE_UNISTD_H
| # include <unistd.h>
| #endif
| #include <ldap.h>
configure:7780: result: no
configure:7780: checking ldap.h presence
configure:7780: arm-arago-linux-gnueabi-gcc -E  conftest.c
conftest.c:51:18: fatal error: ldap.h: No such file or directory
compilation terminated.
configure:7780: $? = 1
configure: failed program was:
| /* confdefs.h */
| #define PACKAGE_NAME ""
| #define PACKAGE_TARNAME ""
| #define PACKAGE_VERSION ""
| #define PACKAGE_STRING ""
| #define PACKAGE_BUGREPORT ""
| #define PACKAGE_URL ""
| #define PTLIB_MAJOR 2
| #define PTLIB_MINOR 10
| #define PTLIB_BUILD 11
| #define PTLIB_VERSION "2.10.11"
| #define P_PTHREADS 1
| #define USE_SYSTEM_SWAB /**/
| #define P_LINUX "3.16.0-30-generic"
| #define P_SHAREDLIBEXT $SHAREDLIBEXT
| #define STDC_HEADERS 1
| #define HAVE_SYS_TYPES_H 1
| #define HAVE_SYS_STAT_H 1
| #define HAVE_STDLIB_H 1
| #define HAVE_STRING_H 1
| #define HAVE_MEMORY_H 1
| #define HAVE_STRINGS_H 1
| #define HAVE_INTTYPES_H 1
| #define HAVE_STDINT_H 1
| #define HAVE_UNISTD_H 1
| #define PBYTE_ORDER PLITTLE_ENDIAN
| #define SIZEOF_INT 4
| #define PNO_LONG_DOUBLE /**/
| #define P_HAS_POSIX_READDIR_R 3
| #define P_USE_STANDARD_CXX_BOOL 1
| #define P_HAS_RECVMSG 1
| #define P_HAS_IPV6_ADD_MEMBERSHIP 1
| #define P_HAS_NETLINK 1
| #define P_HAS_STL_STREAMS 1
| #define P_HAS_ATOMIC_INT 1
| #define P_NEEDS_GNU_CXX_NAMESPACE 1
| #define P_HAS_SEMAPHORES 1
| #define P_PTHREADS_XPG6 1
| #define P_HAS_SEMAPHORES_XPG6 1
| #define P_HAS_RECURSIVE_MUTEX 1
| #define P_SETPGRP_NOPARM 1
| #define HAVE_REGEX_H 1
| #define P_REGEX 1
| #define HAVE_DLFCN_H 1
| #define P_DYNALINK 1
| #define P_PLUGINS 1
| #define P_DEFAULT_PLUGIN_DIR "/usr/local/lib/ptlib-2.10.11"
| #define P_DNS 1
| #define P_HAS_RES_NINIT 1
| /* end confdefs.h.  */
| #include <ldap.h>
configure:7780: result: no
configure:7780: checking for ldap.h
configure:7780: result: no
configure:7879: checking for OPENSSL
configure:7942: result: yes
configure:7961: checking openssl/aes.h usability
configure:7961: arm-arago-linux-gnueabi-gcc -c -g -O2 -I/usr/local/ssl/include  conftest.c >&5
configure:7961: $? = 0
configure:7961: result: yes
configure:7961: checking openssl/aes.h presence
configure:7961: arm-arago-linux-gnueabi-gcc -E  conftest.c
configure:7961: $? = 0
configure:7961: result: yes
configure:7961: checking for openssl/aes.h
configure:7961: result: yes
configure:7997: checking for const arg to d2i_AutoPrivateKey
configure:8014: arm-arago-linux-gnueabi-g++ -c -g -O2 -I/usr/local/ssl/include  conftest.cpp >&5
configure:8014: $? = 0
configure:8018: result: yes
configure:8043: checking for d2i_DHparams_bio variants
configure:8057: arm-arago-linux-gnueabi-g++ -c -g -O2  conftest.cpp >&5
configure:8057: $? = 0
configure:8069: result: new
configure:8120: checking expat.h usability
configure:8120: arm-arago-linux-gnueabi-g++ -c -g -O2   conftest.cpp >&5
configure:8120: $? = 0
configure:8120: result: yes
configure:8120: checking expat.h presence
configure:8120: arm-arago-linux-gnueabi-g++ -E   conftest.cpp
configure:8120: $? = 0
configure:8120: result: yes
configure:8120: checking for expat.h
configure:8120: result: yes
configure:8133: checking for XML_ParserCreate in -lexpat
configure:8158: arm-arago-linux-gnueabi-g++ -o conftest -g -O2   -L/usr/local/ssl/lib conftest.cpp -lexpat    >&5
configure:8158: $? = 0
configure:8167: result: yes
configure:8245: checking lua.h usability
configure:8245: arm-arago-linux-gnueabi-g++ -c -g -O2   conftest.cpp >&5
conftest.cpp:90:17: fatal error: lua.h: No such file or directory
compilation terminated.
configure:8245: $? = 1
configure: failed program was:
| /* confdefs.h */
| #define PACKAGE_NAME ""
| #define PACKAGE_TARNAME ""
| #define PACKAGE_VERSION ""
| #define PACKAGE_STRING ""
| #define PACKAGE_BUGREPORT ""
| #define PACKAGE_URL ""
| #define PTLIB_MAJOR 2
| #define PTLIB_MINOR 10
| #define PTLIB_BUILD 11
| #define PTLIB_VERSION "2.10.11"
| #define P_PTHREADS 1
| #define USE_SYSTEM_SWAB /**/
| #define P_LINUX "3.16.0-30-generic"
| #define P_SHAREDLIBEXT $SHAREDLIBEXT
| #define STDC_HEADERS 1
| #define HAVE_SYS_TYPES_H 1
| #define HAVE_SYS_STAT_H 1
| #define HAVE_STDLIB_H 1
| #define HAVE_STRING_H 1
| #define HAVE_MEMORY_H 1
| #define HAVE_STRINGS_H 1
| #define HAVE_INTTYPES_H 1
| #define HAVE_STDINT_H 1
| #define HAVE_UNISTD_H 1
| #define PBYTE_ORDER PLITTLE_ENDIAN
| #define SIZEOF_INT 4
| #define PNO_LONG_DOUBLE /**/
| #define P_HAS_POSIX_READDIR_R 3
| #define P_USE_STANDARD_CXX_BOOL 1
| #define P_HAS_RECVMSG 1
| #define P_HAS_IPV6_ADD_MEMBERSHIP 1
| #define P_HAS_NETLINK 1
| #define P_HAS_STL_STREAMS 1
| #define P_HAS_ATOMIC_INT 1
| #define P_NEEDS_GNU_CXX_NAMESPACE 1
| #define P_HAS_SEMAPHORES 1
| #define P_PTHREADS_XPG6 1
| #define P_HAS_SEMAPHORES_XPG6 1
| #define P_HAS_RECURSIVE_MUTEX 1
| #define P_SETPGRP_NOPARM 1
| #define HAVE_REGEX_H 1
| #define P_REGEX 1
| #define HAVE_DLFCN_H 1
| #define P_DYNALINK 1
| #define P_PLUGINS 1
| #define P_DEFAULT_PLUGIN_DIR "/usr/local/lib/ptlib-2.10.11"
| #define P_DNS 1
| #define P_HAS_RES_NINIT 1
| #define P_OSSL 1
| #define HAVE_OPENSSL_AES_H 1
| #define P_OSSL_AES 1
| #define P_SSL_USE_CONST 1
| #define HAVE_EXPAT_H 1
| #define P_OEXPAT 1
| /* end confdefs.h.  */
| #include <stdio.h>
| #ifdef HAVE_SYS_TYPES_H
| # include <sys/types.h>
| #endif
| #ifdef HAVE_SYS_STAT_H
| # include <sys/stat.h>
| #endif
| #ifdef STDC_HEADERS
| # include <stdlib.h>
| # include <stddef.h>
| #else
| # ifdef HAVE_STDLIB_H
| #  include <stdlib.h>
| # endif
| #endif
| #ifdef HAVE_STRING_H
| # if !defined STDC_HEADERS && defined HAVE_MEMORY_H
| #  include <memory.h>
| # endif
| # include <string.h>
| #endif
| #ifdef HAVE_STRINGS_H
| # include <strings.h>
| #endif
| #ifdef HAVE_INTTYPES_H
| # include <inttypes.h>
| #endif
| #ifdef HAVE_STDINT_H
| # include <stdint.h>
| #endif
| #ifdef HAVE_UNISTD_H
| # include <unistd.h>
| #endif
| #include <lua.h>
configure:8245: result: no
configure:8245: checking lua.h presence
configure:8245: arm-arago-linux-gnueabi-g++ -E   conftest.cpp
conftest.cpp:57:17: fatal error: lua.h: No such file or directory
compilation terminated.
configure:8245: $? = 1
configure: failed program was:
| /* confdefs.h */
| #define PACKAGE_NAME ""
| #define PACKAGE_TARNAME ""
| #define PACKAGE_VERSION ""
| #define PACKAGE_STRING ""
| #define PACKAGE_BUGREPORT ""
| #define PACKAGE_URL ""
| #define PTLIB_MAJOR 2
| #define PTLIB_MINOR 10
| #define PTLIB_BUILD 11
| #define PTLIB_VERSION "2.10.11"
| #define P_PTHREADS 1
| #define USE_SYSTEM_SWAB /**/
| #define P_LINUX "3.16.0-30-generic"
| #define P_SHAREDLIBEXT $SHAREDLIBEXT
| #define STDC_HEADERS 1
| #define HAVE_SYS_TYPES_H 1
| #define HAVE_SYS_STAT_H 1
| #define HAVE_STDLIB_H 1
| #define HAVE_STRING_H 1
| #define HAVE_MEMORY_H 1
| #define HAVE_STRINGS_H 1
| #define HAVE_INTTYPES_H 1
| #define HAVE_STDINT_H 1
| #define HAVE_UNISTD_H 1
| #define PBYTE_ORDER PLITTLE_ENDIAN
| #define SIZEOF_INT 4
| #define PNO_LONG_DOUBLE /**/
| #define P_HAS_POSIX_READDIR_R 3
| #define P_USE_STANDARD_CXX_BOOL 1
| #define P_HAS_RECVMSG 1
| #define P_HAS_IPV6_ADD_MEMBERSHIP 1
| #define P_HAS_NETLINK 1
| #define P_HAS_STL_STREAMS 1
| #define P_HAS_ATOMIC_INT 1
| #define P_NEEDS_GNU_CXX_NAMESPACE 1
| #define P_HAS_SEMAPHORES 1
| #define P_PTHREADS_XPG6 1
| #define P_HAS_SEMAPHORES_XPG6 1
| #define P_HAS_RECURSIVE_MUTEX 1
| #define P_SETPGRP_NOPARM 1
| #define HAVE_REGEX_H 1
| #define P_REGEX 1
| #define HAVE_DLFCN_H 1
| #define P_DYNALINK 1
| #define P_PLUGINS 1
| #define P_DEFAULT_PLUGIN_DIR "/usr/local/lib/ptlib-2.10.11"
| #define P_DNS 1
| #define P_HAS_RES_NINIT 1
| #define P_OSSL 1
| #define HAVE_OPENSSL_AES_H 1
| #define P_OSSL_AES 1
| #define P_SSL_USE_CONST 1
| #define HAVE_EXPAT_H 1
| #define P_OEXPAT 1
| /* end confdefs.h.  */
| #include <lua.h>
configure:8245: result: no
configure:8245: checking for lua.h
configure:8245: result: no
configure:8344: IPV6 disabled
configure:8405: checking for inet_ntop
configure:8420: arm-arago-linux-gnueabi-g++ -c -g -O2  conftest.cpp >&5
configure:8420: $? = 0
configure:8432: result: yes
configure:8438: checking enable config file support
configure:8474: result: yes
configure:8488: checking enable URL support
configure:8524: result: yes
configure:8538: checking enable HTTP support
configure:8574: result: yes
configure:8588: checking enable HTTP forms support
configure:8624: result: yes
configure:8639: checking enable HTTP server support
configure:8675: result: yes
configure:8689: checking enable Jabber support
configure:8725: result: yes
configure:8739: checking enable VXML support
configure:8775: result: yes
configure:8789: checking enable XMLRPC support
configure:8825: result: yes
configure:8839: checking enable SOAP support
configure:8875: result: yes
configure:8891: checking enable Text-To-Speech server support
configure:8927: result: yes
configure:8941: checking enable ASN decoding/encoding support
configure:8977: result: yes
configure:8991: checking enable STUN support
configure:9027: result: yes
configure:9041: checking enable pipechannel support
configure:9077: result: yes
configure:9091: checking enable DTMF protocol support
configure:9127: result: yes
configure:9141: checking enable SOCKS protocol support
configure:9177: result: yes
configure:9191: checking enable FTP protocol support
configure:9227: result: yes
configure:9241: checking enable SNMP protocol support
configure:9277: result: yes
configure:9291: checking enable TELNET protocol support
configure:9327: result: yes
configure:9341: checking enable remote connection support
configure:9377: result: yes
configure:9391: checking enable serial port support
configure:9427: result: yes
configure:9441: checking enable POP3/SMTP support
configure:9477: result: yes
configure:9491: checking enable audio support
configure:9527: result: yes
configure:9541: checking enable WAVFILE support
configure:9577: result: yes
configure:9593: checking enable QOS support
configure:9629: result: yes
configure:9643: checking enable video device support
configure:9679: result: yes
configure:9698: checking enable video file support
configure:9734: result: yes
configure:9748: checking enable FFMpeg video file support
configure:9784: result: yes
configure:9798: checking enable application sharing support
configure:9838: result: no
configure:9848: checking enable shared memory video devices
configure:9884: result: yes
configure:9913: SDL disabled
configure:10196: checking enable video for windows capture
configure:10236: result: no
configure:10325: checking sql.h usability
configure:10325: arm-arago-linux-gnueabi-g++ -c -g -O2   conftest.cpp >&5
conftest.cpp:119:17: fatal error: sql.h: No such file or directory
compilation terminated.
configure:10325: $? = 1
configure: failed program was:
| /* confdefs.h */
| #define PACKAGE_NAME ""
| #define PACKAGE_TARNAME ""
| #define PACKAGE_VERSION ""
| #define PACKAGE_STRING ""
| #define PACKAGE_BUGREPORT ""
| #define PACKAGE_URL ""
| #define PTLIB_MAJOR 2
| #define PTLIB_MINOR 10
| #define PTLIB_BUILD 11
| #define PTLIB_VERSION "2.10.11"
| #define P_PTHREADS 1
| #define USE_SYSTEM_SWAB /**/
| #define P_LINUX "3.16.0-30-generic"
| #define P_SHAREDLIBEXT $SHAREDLIBEXT
| #define STDC_HEADERS 1
| #define HAVE_SYS_TYPES_H 1
| #define HAVE_SYS_STAT_H 1
| #define HAVE_STDLIB_H 1
| #define HAVE_STRING_H 1
| #define HAVE_MEMORY_H 1
| #define HAVE_STRINGS_H 1
| #define HAVE_INTTYPES_H 1
| #define HAVE_STDINT_H 1
| #define HAVE_UNISTD_H 1
| #define PBYTE_ORDER PLITTLE_ENDIAN
| #define SIZEOF_INT 4
| #define PNO_LONG_DOUBLE /**/
| #define P_HAS_POSIX_READDIR_R 3
| #define P_USE_STANDARD_CXX_BOOL 1
| #define P_HAS_RECVMSG 1
| #define P_HAS_IPV6_ADD_MEMBERSHIP 1
| #define P_HAS_NETLINK 1
| #define P_HAS_STL_STREAMS 1
| #define P_HAS_ATOMIC_INT 1
| #define P_NEEDS_GNU_CXX_NAMESPACE 1
| #define P_HAS_SEMAPHORES 1
| #define P_PTHREADS_XPG6 1
| #define P_HAS_SEMAPHORES_XPG6 1
| #define P_HAS_RECURSIVE_MUTEX 1
| #define P_SETPGRP_NOPARM 1
| #define HAVE_REGEX_H 1
| #define P_REGEX 1
| #define HAVE_DLFCN_H 1
| #define P_DYNALINK 1
| #define P_PLUGINS 1
| #define P_DEFAULT_PLUGIN_DIR "/usr/local/lib/ptlib-2.10.11"
| #define P_DNS 1
| #define P_HAS_RES_NINIT 1
| #define P_OSSL 1
| #define HAVE_OPENSSL_AES_H 1
| #define P_OSSL_AES 1
| #define P_SSL_USE_CONST 1
| #define HAVE_EXPAT_H 1
| #define P_OEXPAT 1
| #define P_HAS_INET_NTOP 1
| #define P_CONFIG_FILE 1
| #define P_URL 1
| #define P_HTTP 1
| #define P_HTTPFORMS 1
| #define P_HTTPSVC 1
| #define P_JABBER 1
| #define P_VXML 1
| #define P_XMLRPC 1
| #define P_SOAP 1
| #define P_TTS 1
| #define P_ASN 1
| #define P_STUN 1
| #define P_PIPECHAN 1
| #define P_DTMF 1
| #define P_SOCKS 1
| #define P_FTP 1
| #define P_SNMP 1
| #define P_TELNET 1
| #define P_REMCONN 1
| #define P_SERIAL 1
| #define P_POP3SMTP 1
| #define P_AUDIO 1
| #define P_WAVFILE 1
| #define P_QOS 1
| #define P_VIDEO 1
| #define P_VIDFILE 1
| #define P_FFVDEV 1
| #define P_SHM_VIDEO 1
| /* end confdefs.h.  */
| #include <stdio.h>
| #ifdef HAVE_SYS_TYPES_H
| # include <sys/types.h>
| #endif
| #ifdef HAVE_SYS_STAT_H
| # include <sys/stat.h>
| #endif
| #ifdef STDC_HEADERS
| # include <stdlib.h>
| # include <stddef.h>
| #else
| # ifdef HAVE_STDLIB_H
| #  include <stdlib.h>
| # endif
| #endif
| #ifdef HAVE_STRING_H
| # if !defined STDC_HEADERS && defined HAVE_MEMORY_H
| #  include <memory.h>
| # endif
| # include <string.h>
| #endif
| #ifdef HAVE_STRINGS_H
| # include <strings.h>
| #endif
| #ifdef HAVE_INTTYPES_H
| # include <inttypes.h>
| #endif
| #ifdef HAVE_STDINT_H
| # include <stdint.h>
| #endif
| #ifdef HAVE_UNISTD_H
| # include <unistd.h>
| #endif
| #include <sql.h>
configure:10325: result: no
configure:10325: checking sql.h presence
configure:10325: arm-arago-linux-gnueabi-g++ -E   conftest.cpp
conftest.cpp:86:17: fatal error: sql.h: No such file or directory
compilation terminated.
configure:10325: $? = 1
configure: failed program was:
| /* confdefs.h */
| #define PACKAGE_NAME ""
| #define PACKAGE_TARNAME ""
| #define PACKAGE_VERSION ""
| #define PACKAGE_STRING ""
| #define PACKAGE_BUGREPORT ""
| #define PACKAGE_URL ""
| #define PTLIB_MAJOR 2
| #define PTLIB_MINOR 10
| #define PTLIB_BUILD 11
| #define PTLIB_VERSION "2.10.11"
| #define P_PTHREADS 1
| #define USE_SYSTEM_SWAB /**/
| #define P_LINUX "3.16.0-30-generic"
| #define P_SHAREDLIBEXT $SHAREDLIBEXT
| #define STDC_HEADERS 1
| #define HAVE_SYS_TYPES_H 1
| #define HAVE_SYS_STAT_H 1
| #define HAVE_STDLIB_H 1
| #define HAVE_STRING_H 1
| #define HAVE_MEMORY_H 1
| #define HAVE_STRINGS_H 1
| #define HAVE_INTTYPES_H 1
| #define HAVE_STDINT_H 1
| #define HAVE_UNISTD_H 1
| #define PBYTE_ORDER PLITTLE_ENDIAN
| #define SIZEOF_INT 4
| #define PNO_LONG_DOUBLE /**/
| #define P_HAS_POSIX_READDIR_R 3
| #define P_USE_STANDARD_CXX_BOOL 1
| #define P_HAS_RECVMSG 1
| #define P_HAS_IPV6_ADD_MEMBERSHIP 1
| #define P_HAS_NETLINK 1
| #define P_HAS_STL_STREAMS 1
| #define P_HAS_ATOMIC_INT 1
| #define P_NEEDS_GNU_CXX_NAMESPACE 1
| #define P_HAS_SEMAPHORES 1
| #define P_PTHREADS_XPG6 1
| #define P_HAS_SEMAPHORES_XPG6 1
| #define P_HAS_RECURSIVE_MUTEX 1
| #define P_SETPGRP_NOPARM 1
| #define HAVE_REGEX_H 1
| #define P_REGEX 1
| #define HAVE_DLFCN_H 1
| #define P_DYNALINK 1
| #define P_PLUGINS 1
| #define P_DEFAULT_PLUGIN_DIR "/usr/local/lib/ptlib-2.10.11"
| #define P_DNS 1
| #define P_HAS_RES_NINIT 1
| #define P_OSSL 1
| #define HAVE_OPENSSL_AES_H 1
| #define P_OSSL_AES 1
| #define P_SSL_USE_CONST 1
| #define HAVE_EXPAT_H 1
| #define P_OEXPAT 1
| #define P_HAS_INET_NTOP 1
| #define P_CONFIG_FILE 1
| #define P_URL 1
| #define P_HTTP 1
| #define P_HTTPFORMS 1
| #define P_HTTPSVC 1
| #define P_JABBER 1
| #define P_VXML 1
| #define P_XMLRPC 1
| #define P_SOAP 1
| #define P_TTS 1
| #define P_ASN 1
| #define P_STUN 1
| #define P_PIPECHAN 1
| #define P_DTMF 1
| #define P_SOCKS 1
| #define P_FTP 1
| #define P_SNMP 1
| #define P_TELNET 1
| #define P_REMCONN 1
| #define P_SERIAL 1
| #define P_POP3SMTP 1
| #define P_AUDIO 1
| #define P_WAVFILE 1
| #define P_QOS 1
| #define P_VIDEO 1
| #define P_VIDFILE 1
| #define P_FFVDEV 1
| #define P_SHM_VIDEO 1
| /* end confdefs.h.  */
| #include <sql.h>
configure:10325: result: no
configure:10325: checking for sql.h
configure:10325: result: no
configure:10424: checking enable C++ exceptions
configure:10464: result: no
configure:10902: checking for a BSD-compatible install
configure:10970: result: /usr/bin/install -c
configure:11111: creating ./config.status

## ---------------------- ##
## Running config.status. ##
## ---------------------- ##

This file was extended by config.status, which was
generated by GNU Autoconf 2.68.  Invocation command line was

  CONFIG_FILES    = 
  CONFIG_HEADERS  = 
  CONFIG_LINKS    = 
  CONFIG_COMMANDS = 
  $ ./config.status 

on sdt-SMBIOS

config.status:1020: creating make/ptbuildopts.mak
config.status:1020: creating make/ptlib-config
config.status:1020: creating Makefile
config.status:1020: creating ptlib_cfg.dxy
config.status:1020: creating ptlib.pc
config.status:1020: creating include/ptbuildopts.h
config.status:1195: include/ptbuildopts.h is unchanged
configure:12362: === configuring in plugins (/home/lee/sm_for_certify/sanweixinan/crypto_voip_sm/crypto_opal/ptlib-2.10.11_arm/plugins)
configure:12425: running /bin/sh ./configure --disable-option-checking '--prefix=/usr/local'  'CXX=arm-arago-linux-gnueabi-g++' 'CC=arm-arago-linux-gnueabi-gcc' '--build=i686-pc-linux-gnu' '--host=arm-linux' '--target=arm-linux' '--disable-sdl' 'OPENSSL_CFLAGS=-I/usr/local/ssl/include' 'LDFLAGS=-L/usr/local/ssl/lib' 'OPENSSL_LIBS=-lssl -lcrypto' 'build_alias=i686-pc-linux-gnu' 'host_alias=arm-linux' 'target_alias=arm-linux' --cache-file=/dev/null --srcdir=.

## ---------------- ##
## Cache variables. ##
## ---------------- ##

ac_cv_build=i686-pc-linux-gnu
ac_cv_c_bigendian=no
ac_cv_c_compiler_gnu=yes
ac_cv_c_long_double=no
ac_cv_cxx_compiler_gnu=yes
ac_cv_env_CCC_set=
ac_cv_env_CCC_value=
ac_cv_env_CC_set=set
ac_cv_env_CC_value=arm-arago-linux-gnueabi-gcc
ac_cv_env_CFLAGS_set=
ac_cv_env_CFLAGS_value=
ac_cv_env_CPPFLAGS_set=
ac_cv_env_CPPFLAGS_value=
ac_cv_env_CPP_set=
ac_cv_env_CPP_value=
ac_cv_env_CXXCPP_set=
ac_cv_env_CXXCPP_value=
ac_cv_env_CXXFLAGS_set=
ac_cv_env_CXXFLAGS_value=
ac_cv_env_CXX_set=set
ac_cv_env_CXX_value=arm-arago-linux-gnueabi-g++
ac_cv_env_LDFLAGS_set=set
ac_cv_env_LDFLAGS_value=-L/usr/local/ssl/lib
ac_cv_env_LIBS_set=
ac_cv_env_LIBS_value=
ac_cv_env_OPENSSL_CFLAGS_set=set
ac_cv_env_OPENSSL_CFLAGS_value=-I/usr/local/ssl/include
ac_cv_env_OPENSSL_LIBS_set=set
ac_cv_env_OPENSSL_LIBS_value='-lssl -lcrypto'
ac_cv_env_PKG_CONFIG_LIBDIR_set=
ac_cv_env_PKG_CONFIG_LIBDIR_value=
ac_cv_env_PKG_CONFIG_PATH_set=
ac_cv_env_PKG_CONFIG_PATH_value=
ac_cv_env_PKG_CONFIG_set=
ac_cv_env_PKG_CONFIG_value=
ac_cv_env_SDL_CFLAGS_set=
ac_cv_env_SDL_CFLAGS_value=
ac_cv_env_SDL_LIBS_set=
ac_cv_env_SDL_LIBS_value=
ac_cv_env_build_alias_set=set
ac_cv_env_build_alias_value=i686-pc-linux-gnu
ac_cv_env_host_alias_set=set
ac_cv_env_host_alias_value=arm-linux
ac_cv_env_target_alias_set=set
ac_cv_env_target_alias_value=arm-linux
ac_cv_func_regcomp=yes
ac_cv_func_res_ninit=no
ac_cv_func_swab=yes
ac_cv_header_dlfcn_h=yes
ac_cv_header_expat_h=yes
ac_cv_header_inttypes_h=yes
ac_cv_header_ldap_h=no
ac_cv_header_lua_h=no
ac_cv_header_memory_h=yes
ac_cv_header_openssl_aes_h=yes
ac_cv_header_regex_h=yes
ac_cv_header_sql_h=no
ac_cv_header_stdc=yes
ac_cv_header_stdint_h=yes
ac_cv_header_stdlib_h=yes
ac_cv_header_string_h=yes
ac_cv_header_strings_h=yes
ac_cv_header_sys_stat_h=yes
ac_cv_header_sys_types_h=yes
ac_cv_header_unistd_h=yes
ac_cv_host=arm-unknown-linux-gnu
ac_cv_lib_dl_dlopen=yes
ac_cv_lib_expat_XML_ParserCreate=yes
ac_cv_lib_pthread_pthread_create=yes
ac_cv_lib_pthread_sem_timedwait=yes
ac_cv_lib_rt_clock_gettime=yes
ac_cv_lib_sasl2_sasl_version=no
ac_cv_lib_sasl_sasl_client_out=no
ac_cv_objext=o
ac_cv_path_BISON=/usr/local/bin/bison
ac_cv_path_EGREP='/bin/grep -E'
ac_cv_path_FLEX=/usr/bin/flex
ac_cv_path_GREP=/bin/grep
ac_cv_path_ac_pt_PKG_CONFIG=/usr/bin/pkg-config
ac_cv_path_install='/usr/bin/install -c'
ac_cv_prog_CC=arm-arago-linux-gnueabi-gcc
ac_cv_prog_CPP='arm-arago-linux-gnueabi-gcc -E'
ac_cv_prog_CXXCPP='arm-arago-linux-gnueabi-g++ -E'
ac_cv_prog_ac_ct_AR=ar
ac_cv_prog_cc_c89=
ac_cv_prog_cc_g=yes
ac_cv_prog_cxx_g=yes
ac_cv_sizeof_int=4
ac_cv_target=arm-unknown-linux-gnu
ac_cv_type_long_double_wider=no
pkg_cv_OPENSSL_CFLAGS=-I/usr/local/ssl/include
pkg_cv_OPENSSL_LIBS='-lssl -lcrypto'

## ----------------- ##
## Output variables. ##
## ----------------- ##

AR='ar'
BISON='/usr/local/bin/bison'
BUILD_NUMBER='11'
BUILD_TYPE='.'
CC='arm-arago-linux-gnueabi-gcc'
CFLAGS='-g -O2'
CPP='arm-arago-linux-gnueabi-gcc -E'
CPPFLAGS=''
CXX='arm-arago-linux-gnueabi-g++'
CXXCPP='arm-arago-linux-gnueabi-g++ -E'
CXXFLAGS='-g -O2'
DEBUG_FLAG='-g3 -ggdb -O0'
DEFS='-DHAVE_CONFIG_H'
DEV_PLUGIN_DIR='ptlib-2.10.11/devices'
ECHO_C=''
ECHO_N='-n'
ECHO_T=''
EGREP='/bin/grep -E'
ENDLDLIBS=' -lpthread -lrt -lssl -lcrypto -lexpat  -lresolv -ldl'
EXEEXT=''
FLEX='/usr/bin/flex'
GREP='/bin/grep'
HAS_APPSHARE=''
HAS_ASN='1'
HAS_AUDIO='1'
HAS_CONFIG_FILE='1'
HAS_DIRECTSHOW=''
HAS_DIRECTSOUND=''
HAS_DTMF='1'
HAS_EXCEPTIONS=''
HAS_EXPAT='1'
HAS_FFVDEV='1'
HAS_FTP='1'
HAS_HTTP='1'
HAS_HTTPFORMS='1'
HAS_HTTPSVC='1'
HAS_IPV6=''
HAS_JABBER='1'
HAS_LUA=''
HAS_ODBC=''
HAS_OPENLDAP=''
HAS_OPENSSL='1'
HAS_PIPECHAN='1'
HAS_PLUGINS='1'
HAS_POP3SMTP='1'
HAS_QOS='1'
HAS_REGEX='1'
HAS_REMCONN='1'
HAS_RESOLVER='1'
HAS_SAMPLES=''
HAS_SASL2=''
HAS_SASL=''
HAS_SDL=''
HAS_SERIAL='1'
HAS_SHM_VIDEO='1'
HAS_SNMP='1'
HAS_SOAP='1'
HAS_SOCKS='1'
HAS_STUN='1'
HAS_TELNET='1'
HAS_TTS='1'
HAS_URL='1'
HAS_VFW_CAPTURE=''
HAS_VIDEO='1'
HAS_VIDEO_CAPTURE='1'
HAS_VIDFILE='1'
HAS_VXML='1'
HAS_WAVFILE='1'
HAS_XMLRPC='1'
INSTALL_DATA='${INSTALL} -m 644'
INSTALL_PROGRAM='${INSTALL}'
INSTALL_SCRIPT='${INSTALL}'
LDFLAGS='-L/usr/local/ssl/lib'
LIBDIR='${exec_prefix}/lib'
LIBOBJS=''
LIBS=''
LTLIBOBJS=''
MACHTYPE='arm'
MAJOR_VERSION='2'
MINOR_VERSION='10'
OBJEXT='o'
OPENSSL_CFLAGS='-I/usr/local/ssl/include'
OPENSSL_LIBS='-lssl -lcrypto'
OPTSTDCCFLAGS=''
OSRELEASE='"3.16.0-30-generic"'
OSTYPE='linux'
PACKAGE_BUGREPORT=''
PACKAGE_NAME=''
PACKAGE_STRING=''
PACKAGE_TARNAME=''
PACKAGE_URL=''
PACKAGE_VERSION=''
PATH_SEPARATOR=':'
PKG_CONFIG='/usr/bin/pkg-config'
PKG_CONFIG_LIBDIR=''
PKG_CONFIG_PATH=''
PTINSTDIR=''
PTLIBDIR='/home/lee/sm_for_certify/sanweixinan/crypto_voip_sm/crypto_opal/ptlib-2.10.11_arm'
PTLIB_ASN='yes'
PTLIB_AUDIO='yes'
PTLIB_CONFIG_FILE='yes'
PTLIB_DTMF='yes'
PTLIB_EXPAT='yes'
PTLIB_FFVDEV='yes'
PTLIB_FTP='yes'
PTLIB_HTTP='yes'
PTLIB_HTTPFORMS='yes'
PTLIB_HTTPSVC='yes'
PTLIB_IPV6='no'
PTLIB_JABBER='yes'
PTLIB_ODBC='no'
PTLIB_OPENLDAP='no'
PTLIB_OPENSSL='yes'
PTLIB_OPENSSL_AES='yes'
PTLIB_PIPECHAN='yes'
PTLIB_POP3SMTP='yes'
PTLIB_REGEX='yes'
PTLIB_REMCONN='yes'
PTLIB_RESOLVER='yes'
PTLIB_SASL2='no'
PTLIB_SASL='no'
PTLIB_SDL='no'
PTLIB_SERIAL='yes'
PTLIB_SHM_VIDEO='yes'
PTLIB_SNMP='yes'
PTLIB_SOAP='yes'
PTLIB_SOCKS='yes'
PTLIB_STUN='yes'
PTLIB_TELNET='yes'
PTLIB_TTS='yes'
PTLIB_URL='yes'
PTLIB_VERSION='2.10.11'
PTLIB_VIDEO='yes'
PTLIB_VIDEO_CAPTURE='yes'
PTLIB_VIDFILE='yes'
PTLIB_VXML='yes'
PTLIB_WAVFILE='yes'
PTLIB_XMLRPC='yes'
P_STATIC_ENDLDLIBS=''
P_STATIC_LDFLAGS=''
SDL_CFLAGS=''
SDL_LIBS=''
SHAREDLIBEXT='so'
SHELL='/bin/sh'
STDCCFLAGS=' -DPTRACING=1 -D_REENTRANT -I/usr/local/ssl/include   -fno-exceptions'
STDCXXFLAGS=' -felide-constructors -Wreorder'
TARGETDIR='unix'
USE_GCC='yes'
USE_PCH=''
ac_ct_CC=''
ac_ct_CXX=''
bindir='${exec_prefix}/bin'
build='i686-pc-linux-gnu'
build_alias='i686-pc-linux-gnu'
build_cpu='i686'
build_os='linux-gnu'
build_vendor='pc'
datadir='${datarootdir}'
datarootdir='${prefix}/share'
docdir='${datarootdir}/doc/${PACKAGE}'
dvidir='${docdir}'
exec_prefix='${prefix}'
host='arm-unknown-linux-gnu'
host_alias='arm-linux'
host_cpu='arm'
host_os='linux-gnu'
host_vendor='unknown'
htmldir='${docdir}'
includedir='${prefix}/include'
infodir='${datarootdir}/info'
libdir='${exec_prefix}/lib'
libexecdir='${exec_prefix}/libexec'
localedir='${datarootdir}/locale'
localstatedir='${prefix}/var'
mandir='${datarootdir}/man'
oldincludedir='/usr/include'
pdfdir='${docdir}'
prefix='/usr/local'
program_transform_name='s,x,x,'
psdir='${docdir}'
sbindir='${exec_prefix}/sbin'
sharedstatedir='${prefix}/com'
subdirs=' plugins'
sysconfdir='${prefix}/etc'
target='arm-unknown-linux-gnu'
target_alias='arm-linux'
target_cpu='arm'
target_os='linux-gnu'
target_vendor='unknown'

## ----------- ##
## confdefs.h. ##
## ----------- ##

/* confdefs.h */
#define PACKAGE_NAME ""
#define PACKAGE_TARNAME ""
#define PACKAGE_VERSION ""
#define PACKAGE_STRING ""
#define PACKAGE_BUGREPORT ""
#define PACKAGE_URL ""
#define PTLIB_MAJOR 2
#define PTLIB_MINOR 10
#define PTLIB_BUILD 11
#define PTLIB_VERSION "2.10.11"
#define P_PTHREADS 1
#define USE_SYSTEM_SWAB /**/
#define P_LINUX "3.16.0-30-generic"
#define P_SHAREDLIBEXT $SHAREDLIBEXT
#define STDC_HEADERS 1
#define HAVE_SYS_TYPES_H 1
#define HAVE_SYS_STAT_H 1
#define HAVE_STDLIB_H 1
#define HAVE_STRING_H 1
#define HAVE_MEMORY_H 1
#define HAVE_STRINGS_H 1
#define HAVE_INTTYPES_H 1
#define HAVE_STDINT_H 1
#define HAVE_UNISTD_H 1
#define PBYTE_ORDER PLITTLE_ENDIAN
#define SIZEOF_INT 4
#define PNO_LONG_DOUBLE /**/
#define P_HAS_POSIX_READDIR_R 3
#define P_USE_STANDARD_CXX_BOOL 1
#define P_HAS_RECVMSG 1
#define P_HAS_IPV6_ADD_MEMBERSHIP 1
#define P_HAS_NETLINK 1
#define P_HAS_STL_STREAMS 1
#define P_HAS_ATOMIC_INT 1
#define P_NEEDS_GNU_CXX_NAMESPACE 1
#define P_HAS_SEMAPHORES 1
#define P_PTHREADS_XPG6 1
#define P_HAS_SEMAPHORES_XPG6 1
#define P_HAS_RECURSIVE_MUTEX 1
#define P_SETPGRP_NOPARM 1
#define HAVE_REGEX_H 1
#define P_REGEX 1
#define HAVE_DLFCN_H 1
#define P_DYNALINK 1
#define P_PLUGINS 1
#define P_DEFAULT_PLUGIN_DIR "/usr/local/lib/ptlib-2.10.11"
#define P_DNS 1
#define P_HAS_RES_NINIT 1
#define P_OSSL 1
#define HAVE_OPENSSL_AES_H 1
#define P_OSSL_AES 1
#define P_SSL_USE_CONST 1
#define HAVE_EXPAT_H 1
#define P_OEXPAT 1
#define P_HAS_INET_NTOP 1
#define P_CONFIG_FILE 1
#define P_URL 1
#define P_HTTP 1
#define P_HTTPFORMS 1
#define P_HTTPSVC 1
#define P_JABBER 1
#define P_VXML 1
#define P_XMLRPC 1
#define P_SOAP 1
#define P_TTS 1
#define P_ASN 1
#define P_STUN 1
#define P_PIPECHAN 1
#define P_DTMF 1
#define P_SOCKS 1
#define P_FTP 1
#define P_SNMP 1
#define P_TELNET 1
#define P_REMCONN 1
#define P_SERIAL 1
#define P_POP3SMTP 1
#define P_AUDIO 1
#define P_WAVFILE 1
#define P_QOS 1
#define P_VIDEO 1
#define P_VIDFILE 1
#define P_FFVDEV 1
#define P_SHM_VIDEO 1

configure: exit 0
