This file contains any messages produced by compilers while
running configure, to aid debugging if configure makes a mistake.

It was created by libzrtp configure 1.2.0, which was
generated by GNU Autoconf 2.69.  Invocation command line was

  $ ./configure CXX=arm-arago-linux-gnueabi-g++ CC=arm-arago-linux-gnueabi-gcc --build=i686-pc-linux-gnu --host=arm-linux --enable-test

## --------- ##
## Platform. ##
## --------- ##

hostname = sdt-SMBIOS
uname -m = x86_64
uname -r = 3.16.0-30-generic
uname -s = Linux
uname -v = #40~14.04.1-Ubuntu SMP Thu Jan 15 17:43:14 UTC 2015

/usr/bin/uname -p = unknown
/bin/uname -X     = unknown

/bin/arch              = unknown
/usr/bin/arch -k       = unknown
/usr/convex/getsysinfo = unknown
/usr/bin/hostinfo      = unknown
/bin/machine           = unknown
/usr/bin/oslevel       = unknown
/bin/universe          = unknown

PATH: /root/anaconda2/bin
PATH: /usr/local/sbin
PATH: /usr/local/bin
PATH: /usr/sbin
PATH: /usr/bin
PATH: /sbin
PATH: /bin
PATH: /usr/games
PATH: /usr/local/games
PATH: /usr/local/dvrrdk/DVRRDK_04.00.00.03/ti_tools/cgt_a8/arago/linux-devkit/bin
PATH: /usr/local/ffmpeg/bin
PATH: /usr/local/valgrind/bin
PATH: /root/CodeSourcery/Sourcery_G++_Lite/bin
PATH: /usr/local/dvrrdk/DVRRDK_04.00.00.03/ti_tools/cgt_a8/arago/linux-devkit/bin
PATH: /usr/local/dvrrdk/DVRRDK_04.00.00.03/ti_tools/cgt_a8/arago/linux-devkit/bin
PATH: /usr/local/ffmpeg/bin
PATH: /usr/local/valgrind/bin
PATH: /home/lee/mem_leak_check/perl/perl_install/bin
PATH: /usr/local/dvrrdk/DVRRDK_04.00.00.03/ti_tools/cgt_a8/arago/linux-devkit/bin
PATH: /usr/local/ffmpeg/bin
PATH: /usr/local/valgrind/bin
PATH: /home/lee/mem_leak_check/perl/perl_install/bin
PATH: /usr/local/dvrrdk/DVRRDK_04.00.00.03/ti_tools/cgt_a8/arago/linux-devkit/bin
PATH: /usr/local/ffmpeg/bin


## ----------- ##
## Core tests. ##
## ----------- ##

configure:2317: checking build system type
configure:2331: result: i686-pc-linux-gnu
configure:2351: checking host system type
configure:2364: result: arm-unknown-linux-gnu
configure:2384: checking target system type
configure:2397: result: arm-unknown-linux-gnu
configure:2457: checking for a BSD-compatible install
configure:2525: result: /usr/bin/install -c
configure:2536: checking whether build environment is sane
configure:2591: result: yes
configure:2650: checking for arm-linux-strip
configure:2680: result: no
configure:2690: checking for strip
configure:2706: found /usr/bin/strip
configure:2717: result: strip
configure:2729: WARNING: using cross tools not prefixed with host triplet
configure:2742: checking for a thread-safe mkdir -p
configure:2781: result: /bin/mkdir -p
configure:2788: checking for gawk
configure:2804: found /usr/bin/gawk
configure:2815: result: gawk
configure:2826: checking whether make sets $(MAKE)
configure:2848: result: yes
configure:2877: checking whether make supports nested variables
configure:2894: result: yes
configure:3041: checking for arm-linux-gcc
configure:3068: result: arm-arago-linux-gnueabi-gcc
configure:3337: checking for C compiler version
configure:3346: arm-arago-linux-gnueabi-gcc --version >&5
arm-arago-linux-gnueabi-gcc (GCC) 4.5.3 20110311 (prerelease)
Copyright (C) 2010 Free Software Foundation, Inc.
This is free software; see the source for copying conditions.  There is NO
warranty; not even for MERCHANTABILITY or FITNESS FOR A PARTICULAR PURPOSE.

configure:3357: $? = 0
configure:3346: arm-arago-linux-gnueabi-gcc -v >&5
Using built-in specs.
COLLECT_GCC=arm-arago-linux-gnueabi-gcc
Target: arm-arago-linux-gnueabi
Configured with: /sim/scratch_a0850442/arago-tmp-arago/work/i686-armv7a-sdk-arago-linux-gnueabi/gcc-cross-sdk-4.5-r41.2+svnr170880/gcc-4_5-branch/configure --build=i686-linux --host=i686-linux --target=arm-arago-linux-gnueabi --prefix=/arago-2011.09/armv7a --exec_prefix=/arago-2011.09/armv7a --bindir=/arago-2011.09/armv7a/bin --sbindir=/arago-2011.09/armv7a/bin --libexecdir=/arago-2011.09/armv7a/libexec --datadir=/arago-2011.09/armv7a/share --sysconfdir=/arago-2011.09/armv7a/etc --sharedstatedir=/arago-2011.09/armv7a/share/com --localstatedir=/arago-2011.09/armv7a/var --libdir=/arago-2011.09/armv7a/lib --includedir=/arago-2011.09/armv7a/include --oldincludedir=/arago-2011.09/armv7a/include --infodir=/arago-2011.09/armv7a/share/info --mandir=/arago-2011.09/armv7a/share/man --enable-largefile --disable-nls --enable-ipv6 --with-gnu-ld --enable-shared --enable-languages=c,c++,objc,fortran --enable-threads=posix --disable-multilib --enable-c99 --enable-long-long --enable-symvers=gnu --enable-libstdcxx-pch --program-prefix=arm-arago-linux-gnueabi- --enable-target-optspace --enable-lto --enable-libssp --disable-bootstrap --disable-libgomp --disable-libmudflap --with-float=softfp --with-sysroot=/arago-2011.09/armv7a/arm-arago-linux-gnueabi --with-build-time-tools=/sim/scratch_a0850442/arago-tmp-arago/sysroots/i686-linux/usr/armv7a/arm-arago-linux-gnueabi/bin --with-build-sysroot=/sim/scratch_a0850442/arago-tmp-arago/sysroots/armv7a-arago-linux-gnueabi --disable-libunwind-exceptions --with-mpfr=/sim/scratch_a0850442/arago-tmp-arago/sysroots/i686-linux/usr --with-system-zlib --enable-__cxa_atexit
Thread model: posix
gcc version 4.5.3 20110311 (prerelease) (GCC) 
configure:3357: $? = 0
configure:3346: arm-arago-linux-gnueabi-gcc -V >&5
arm-arago-linux-gnueabi-gcc: '-V' option must have argument
configure:3357: $? = 1
configure:3346: arm-arago-linux-gnueabi-gcc -qversion >&5
arm-arago-linux-gnueabi-gcc: unrecognized option '-qversion'
arm-arago-linux-gnueabi-gcc: no input files
configure:3357: $? = 1
configure:3377: checking whether the C compiler works
configure:3399: arm-arago-linux-gnueabi-gcc  -std=c99 -O2 -g3 -Wall -Wextra -Wno-unused-parameter -fno-strict-aliasing -fPIC -DZRTP_AUTOMAKE=1   conftest.c  >&5
configure:3403: $? = 0
configure:3451: result: yes
configure:3454: checking for C compiler default output file name
configure:3456: result: a.out
configure:3462: checking for suffix of executables
configure:3469: arm-arago-linux-gnueabi-gcc -o conftest  -std=c99 -O2 -g3 -Wall -Wextra -Wno-unused-parameter -fno-strict-aliasing -fPIC -DZRTP_AUTOMAKE=1   conftest.c  >&5
configure:3473: $? = 0
configure:3495: result: 
configure:3517: checking whether we are cross compiling
configure:3555: result: yes
configure:3560: checking for suffix of object files
configure:3582: arm-arago-linux-gnueabi-gcc -c  -std=c99 -O2 -g3 -Wall -Wextra -Wno-unused-parameter -fno-strict-aliasing -fPIC -DZRTP_AUTOMAKE=1  conftest.c >&5
configure:3586: $? = 0
configure:3607: result: o
configure:3611: checking whether we are using the GNU C compiler
configure:3630: arm-arago-linux-gnueabi-gcc -c  -std=c99 -O2 -g3 -Wall -Wextra -Wno-unused-parameter -fno-strict-aliasing -fPIC -DZRTP_AUTOMAKE=1  conftest.c >&5
configure:3630: $? = 0
configure:3639: result: yes
configure:3648: checking whether arm-arago-linux-gnueabi-gcc accepts -g
configure:3668: arm-arago-linux-gnueabi-gcc -c -g  conftest.c >&5
configure:3668: $? = 0
configure:3709: result: yes
configure:3726: checking for arm-arago-linux-gnueabi-gcc option to accept ISO C89
configure:3789: arm-arago-linux-gnueabi-gcc  -c  -std=c99 -O2 -g3 -Wall -Wextra -Wno-unused-parameter -fno-strict-aliasing -fPIC -DZRTP_AUTOMAKE=1  conftest.c >&5
configure:3789: $? = 0
configure:3802: result: none needed
configure:3827: checking whether arm-arago-linux-gnueabi-gcc understands -c and -o together
configure:3849: arm-arago-linux-gnueabi-gcc -c conftest.c -o conftest2.o
configure:3852: $? = 0
configure:3849: arm-arago-linux-gnueabi-gcc -c conftest.c -o conftest2.o
configure:3852: $? = 0
configure:3864: result: yes
configure:3892: checking for style of include used by make
configure:3920: result: GNU
configure:3946: checking dependency style of arm-arago-linux-gnueabi-gcc
configure:4057: result: gcc3
configure:4184: checking for C++ compiler version
configure:4193: arm-arago-linux-gnueabi-g++ --version >&5
arm-arago-linux-gnueabi-g++ (GCC) 4.5.3 20110311 (prerelease)
Copyright (C) 2010 Free Software Foundation, Inc.
This is free software; see the source for copying conditions.  There is NO
warranty; not even for MERCHANTABILITY or FITNESS FOR A PARTICULAR PURPOSE.

configure:4204: $? = 0
configure:4193: arm-arago-linux-gnueabi-g++ -v >&5
Using built-in specs.
COLLECT_GCC=arm-arago-linux-gnueabi-g++
Target: arm-arago-linux-gnueabi
Configured with: /sim/scratch_a0850442/arago-tmp-arago/work/i686-armv7a-sdk-arago-linux-gnueabi/gcc-cross-sdk-4.5-r41.2+svnr170880/gcc-4_5-branch/configure --build=i686-linux --host=i686-linux --target=arm-arago-linux-gnueabi --prefix=/arago-2011.09/armv7a --exec_prefix=/arago-2011.09/armv7a --bindir=/arago-2011.09/armv7a/bin --sbindir=/arago-2011.09/armv7a/bin --libexecdir=/arago-2011.09/armv7a/libexec --datadir=/arago-2011.09/armv7a/share --sysconfdir=/arago-2011.09/armv7a/etc --sharedstatedir=/arago-2011.09/armv7a/share/com --localstatedir=/arago-2011.09/armv7a/var --libdir=/arago-2011.09/armv7a/lib --includedir=/arago-2011.09/armv7a/include --oldincludedir=/arago-2011.09/armv7a/include --infodir=/arago-2011.09/armv7a/share/info --mandir=/arago-2011.09/armv7a/share/man --enable-largefile --disable-nls --enable-ipv6 --with-gnu-ld --enable-shared --enable-languages=c,c++,objc,fortran --enable-threads=posix --disable-multilib --enable-c99 --enable-long-long --enable-symvers=gnu --enable-libstdcxx-pch --program-prefix=arm-arago-linux-gnueabi- --enable-target-optspace --enable-lto --enable-libssp --disable-bootstrap --disable-libgomp --disable-libmudflap --with-float=softfp --with-sysroot=/arago-2011.09/armv7a/arm-arago-linux-gnueabi --with-build-time-tools=/sim/scratch_a0850442/arago-tmp-arago/sysroots/i686-linux/usr/armv7a/arm-arago-linux-gnueabi/bin --with-build-sysroot=/sim/scratch_a0850442/arago-tmp-arago/sysroots/armv7a-arago-linux-gnueabi --disable-libunwind-exceptions --with-mpfr=/sim/scratch_a0850442/arago-tmp-arago/sysroots/i686-linux/usr --with-system-zlib --enable-__cxa_atexit
Thread model: posix
gcc version 4.5.3 20110311 (prerelease) (GCC) 
configure:4204: $? = 0
configure:4193: arm-arago-linux-gnueabi-g++ -V >&5
arm-arago-linux-gnueabi-g++: '-V' option must have argument
configure:4204: $? = 1
configure:4193: arm-arago-linux-gnueabi-g++ -qversion >&5
arm-arago-linux-gnueabi-g++: unrecognized option '-qversion'
arm-arago-linux-gnueabi-g++: no input files
configure:4204: $? = 1
configure:4208: checking whether we are using the GNU C++ compiler
configure:4227: arm-arago-linux-gnueabi-g++ -c   conftest.cpp >&5
configure:4227: $? = 0
configure:4236: result: yes
configure:4245: checking whether arm-arago-linux-gnueabi-g++ accepts -g
configure:4265: arm-arago-linux-gnueabi-g++ -c -g  conftest.cpp >&5
configure:4265: $? = 0
configure:4306: result: yes
configure:4331: checking dependency style of arm-arago-linux-gnueabi-g++
configure:4442: result: gcc3
configure:4460: checking for arm-linux-ranlib
configure:4490: result: no
configure:4500: checking for ranlib
configure:4516: found /usr/bin/ranlib
configure:4527: result: ranlib
configure:4557: checking how to run the C preprocessor
configure:4588: arm-arago-linux-gnueabi-gcc -E  conftest.c
configure:4588: $? = 0
configure:4602: arm-arago-linux-gnueabi-gcc -E  conftest.c
conftest.c:11:28: fatal error: ac_nonexistent.h: No such file or directory
compilation terminated.
configure:4602: $? = 1
configure: failed program was:
| /* confdefs.h */
| #define PACKAGE_NAME "libzrtp"
| #define PACKAGE_TARNAME "libzrtp"
| #define PACKAGE_VERSION "1.2.0"
| #define PACKAGE_STRING "libzrtp 1.2.0"
| #define PACKAGE_BUGREPORT ""
| #define PACKAGE_URL ""
| #define PACKAGE "libzrtp"
| #define VERSION "1.2.0"
| /* end confdefs.h.  */
| #include <ac_nonexistent.h>
configure:4627: result: arm-arago-linux-gnueabi-gcc -E
configure:4647: arm-arago-linux-gnueabi-gcc -E  conftest.c
configure:4647: $? = 0
configure:4661: arm-arago-linux-gnueabi-gcc -E  conftest.c
conftest.c:11:28: fatal error: ac_nonexistent.h: No such file or directory
compilation terminated.
configure:4661: $? = 1
configure: failed program was:
| /* confdefs.h */
| #define PACKAGE_NAME "libzrtp"
| #define PACKAGE_TARNAME "libzrtp"
| #define PACKAGE_VERSION "1.2.0"
| #define PACKAGE_STRING "libzrtp 1.2.0"
| #define PACKAGE_BUGREPORT ""
| #define PACKAGE_URL ""
| #define PACKAGE "libzrtp"
| #define VERSION "1.2.0"
| /* end confdefs.h.  */
| #include <ac_nonexistent.h>
configure:4690: checking for grep that handles long lines and -e
configure:4748: result: /bin/grep
configure:4753: checking for egrep
configure:4815: result: /bin/grep -E
configure:4820: checking for ANSI C header files
configure:4840: arm-arago-linux-gnueabi-gcc -c  -std=c99 -O2 -g3 -Wall -Wextra -Wno-unused-parameter -fno-strict-aliasing -fPIC -DZRTP_AUTOMAKE=1  conftest.c >&5
configure:4840: $? = 0
configure:4924: result: yes
configure:4937: checking for sys/types.h
configure:4937: arm-arago-linux-gnueabi-gcc -c  -std=c99 -O2 -g3 -Wall -Wextra -Wno-unused-parameter -fno-strict-aliasing -fPIC -DZRTP_AUTOMAKE=1  conftest.c >&5
configure:4937: $? = 0
configure:4937: result: yes
configure:4937: checking for sys/stat.h
configure:4937: arm-arago-linux-gnueabi-gcc -c  -std=c99 -O2 -g3 -Wall -Wextra -Wno-unused-parameter -fno-strict-aliasing -fPIC -DZRTP_AUTOMAKE=1  conftest.c >&5
configure:4937: $? = 0
configure:4937: result: yes
configure:4937: checking for stdlib.h
configure:4937: arm-arago-linux-gnueabi-gcc -c  -std=c99 -O2 -g3 -Wall -Wextra -Wno-unused-parameter -fno-strict-aliasing -fPIC -DZRTP_AUTOMAKE=1  conftest.c >&5
configure:4937: $? = 0
configure:4937: result: yes
configure:4937: checking for string.h
configure:4937: arm-arago-linux-gnueabi-gcc -c  -std=c99 -O2 -g3 -Wall -Wextra -Wno-unused-parameter -fno-strict-aliasing -fPIC -DZRTP_AUTOMAKE=1  conftest.c >&5
configure:4937: $? = 0
configure:4937: result: yes
configure:4937: checking for memory.h
configure:4937: arm-arago-linux-gnueabi-gcc -c  -std=c99 -O2 -g3 -Wall -Wextra -Wno-unused-parameter -fno-strict-aliasing -fPIC -DZRTP_AUTOMAKE=1  conftest.c >&5
configure:4937: $? = 0
configure:4937: result: yes
configure:4937: checking for strings.h
configure:4937: arm-arago-linux-gnueabi-gcc -c  -std=c99 -O2 -g3 -Wall -Wextra -Wno-unused-parameter -fno-strict-aliasing -fPIC -DZRTP_AUTOMAKE=1  conftest.c >&5
configure:4937: $? = 0
configure:4937: result: yes
configure:4937: checking for inttypes.h
configure:4937: arm-arago-linux-gnueabi-gcc -c  -std=c99 -O2 -g3 -Wall -Wextra -Wno-unused-parameter -fno-strict-aliasing -fPIC -DZRTP_AUTOMAKE=1  conftest.c >&5
configure:4937: $? = 0
configure:4937: result: yes
configure:4937: checking for stdint.h
configure:4937: arm-arago-linux-gnueabi-gcc -c  -std=c99 -O2 -g3 -Wall -Wextra -Wno-unused-parameter -fno-strict-aliasing -fPIC -DZRTP_AUTOMAKE=1  conftest.c >&5
configure:4937: $? = 0
configure:4937: result: yes
configure:4937: checking for unistd.h
configure:4937: arm-arago-linux-gnueabi-gcc -c  -std=c99 -O2 -g3 -Wall -Wextra -Wno-unused-parameter -fno-strict-aliasing -fPIC -DZRTP_AUTOMAKE=1  conftest.c >&5
configure:4937: $? = 0
configure:4937: result: yes
configure:4952: checking linux/version.h usability
configure:4952: arm-arago-linux-gnueabi-gcc -c  -std=c99 -O2 -g3 -Wall -Wextra -Wno-unused-parameter -fno-strict-aliasing -fPIC -DZRTP_AUTOMAKE=1  conftest.c >&5
configure:4952: $? = 0
configure:4952: result: yes
configure:4952: checking linux/version.h presence
configure:4952: arm-arago-linux-gnueabi-gcc -E  conftest.c
configure:4952: $? = 0
configure:4952: result: yes
configure:4952: checking for linux/version.h
configure:4952: result: yes
configure:4952: checking endian.h usability
configure:4952: arm-arago-linux-gnueabi-gcc -c  -std=c99 -O2 -g3 -Wall -Wextra -Wno-unused-parameter -fno-strict-aliasing -fPIC -DZRTP_AUTOMAKE=1  conftest.c >&5
configure:4952: $? = 0
configure:4952: result: yes
configure:4952: checking endian.h presence
configure:4952: arm-arago-linux-gnueabi-gcc -E  conftest.c
configure:4952: $? = 0
configure:4952: result: yes
configure:4952: checking for endian.h
configure:4952: result: yes
configure:4964: checking errno.h usability
configure:4964: arm-arago-linux-gnueabi-gcc -c  -std=c99 -O2 -g3 -Wall -Wextra -Wno-unused-parameter -fno-strict-aliasing -fPIC -DZRTP_AUTOMAKE=1  conftest.c >&5
configure:4964: $? = 0
configure:4964: result: yes
configure:4964: checking errno.h presence
configure:4964: arm-arago-linux-gnueabi-gcc -E  conftest.c
configure:4964: $? = 0
configure:4964: result: yes
configure:4964: checking for errno.h
configure:4964: result: yes
configure:4976: checking asm/types.h usability
configure:4976: arm-arago-linux-gnueabi-gcc -c  -std=c99 -O2 -g3 -Wall -Wextra -Wno-unused-parameter -fno-strict-aliasing -fPIC -DZRTP_AUTOMAKE=1  conftest.c >&5
configure:4976: $? = 0
configure:4976: result: yes
configure:4976: checking asm/types.h presence
configure:4976: arm-arago-linux-gnueabi-gcc -E  conftest.c
configure:4976: $? = 0
configure:4976: result: yes
configure:4976: checking for asm/types.h
configure:4976: result: yes
configure:4989: checking for stdlib.h
configure:4989: result: yes
configure:4989: checking for stdint.h
configure:4989: result: yes
configure:4989: checking stdarg.h usability
configure:4989: arm-arago-linux-gnueabi-gcc -c  -std=c99 -O2 -g3 -Wall -Wextra -Wno-unused-parameter -fno-strict-aliasing -fPIC -DZRTP_AUTOMAKE=1  conftest.c >&5
configure:4989: $? = 0
configure:4989: result: yes
configure:4989: checking stdarg.h presence
configure:4989: arm-arago-linux-gnueabi-gcc -E  conftest.c
configure:4989: $? = 0
configure:4989: result: yes
configure:4989: checking for stdarg.h
configure:4989: result: yes
configure:5002: checking for string.h
configure:5002: result: yes
configure:5002: checking for strings.h
configure:5002: result: yes
configure:5015: checking stdio.h usability
configure:5015: arm-arago-linux-gnueabi-gcc -c  -std=c99 -O2 -g3 -Wall -Wextra -Wno-unused-parameter -fno-strict-aliasing -fPIC -DZRTP_AUTOMAKE=1  conftest.c >&5
configure:5015: $? = 0
configure:5015: result: yes
configure:5015: checking stdio.h presence
configure:5015: arm-arago-linux-gnueabi-gcc -E  conftest.c
configure:5015: $? = 0
configure:5015: result: yes
configure:5015: checking for stdio.h
configure:5015: result: yes
configure:5015: checking for unistd.h
configure:5015: result: yes
configure:5028: checking for inttypes.h
configure:5028: result: yes
configure:5028: checking sys/inttypes.h usability
configure:5028: arm-arago-linux-gnueabi-gcc -c  -std=c99 -O2 -g3 -Wall -Wextra -Wno-unused-parameter -fno-strict-aliasing -fPIC -DZRTP_AUTOMAKE=1  conftest.c >&5
conftest.c:66:26: fatal error: sys/inttypes.h: No such file or directory
compilation terminated.
configure:5028: $? = 1
configure: failed program was:
| /* confdefs.h */
| #define PACKAGE_NAME "libzrtp"
| #define PACKAGE_TARNAME "libzrtp"
| #define PACKAGE_VERSION "1.2.0"
| #define PACKAGE_STRING "libzrtp 1.2.0"
| #define PACKAGE_BUGREPORT ""
| #define PACKAGE_URL ""
| #define PACKAGE "libzrtp"
| #define VERSION "1.2.0"
| #define STDC_HEADERS 1
| #define HAVE_SYS_TYPES_H 1
| #define HAVE_SYS_STAT_H 1
| #define HAVE_STDLIB_H 1
| #define HAVE_STRING_H 1
| #define HAVE_MEMORY_H 1
| #define HAVE_STRINGS_H 1
| #define HAVE_INTTYPES_H 1
| #define HAVE_STDINT_H 1
| #define HAVE_UNISTD_H 1
| #define HAVE_LINUX_VERSION_H 1
| #define HAVE_ENDIAN_H 1
| #define HAVE_ERRNO_H 1
| #define HAVE_ASM_TYPES_H 1
| #define HAVE_STDLIB_H 1
| #define HAVE_STDINT_H 1
| #define HAVE_STDARG_H 1
| #define HAVE_STRING_H 1
| #define HAVE_STRINGS_H 1
| #define HAVE_STDIO_H 1
| #define HAVE_UNISTD_H 1
| #define HAVE_INTTYPES_H 1
| /* end confdefs.h.  */
| #include <stdio.h>
| #ifdef HAVE_SYS_TYPES_H
| # include <sys/types.h>
| #endif
| #ifdef HAVE_SYS_STAT_H
| # include <sys/stat.h>
| #endif
| #ifdef STDC_HEADERS
| # include <stdlib.h>
| # include <stddef.h>
| #else
| # ifdef HAVE_STDLIB_H
| #  include <stdlib.h>
| # endif
| #endif
| #ifdef HAVE_STRING_H
| # if !defined STDC_HEADERS && defined HAVE_MEMORY_H
| #  include <memory.h>
| # endif
| # include <string.h>
| #endif
| #ifdef HAVE_STRINGS_H
| # include <strings.h>
| #endif
| #ifdef HAVE_INTTYPES_H
| # include <inttypes.h>
| #endif
| #ifdef HAVE_STDINT_H
| # include <stdint.h>
| #endif
| #ifdef HAVE_UNISTD_H
| # include <unistd.h>
| #endif
| #include <sys/inttypes.h>
configure:5028: result: no
configure:5028: checking sys/inttypes.h presence
configure:5028: arm-arago-linux-gnueabi-gcc -E  conftest.c
conftest.c:33:26: fatal error: sys/inttypes.h: No such file or directory
compilation terminated.
configure:5028: $? = 1
configure: failed program was:
| /* confdefs.h */
| #define PACKAGE_NAME "libzrtp"
| #define PACKAGE_TARNAME "libzrtp"
| #define PACKAGE_VERSION "1.2.0"
| #define PACKAGE_STRING "libzrtp 1.2.0"
| #define PACKAGE_BUGREPORT ""
| #define PACKAGE_URL ""
| #define PACKAGE "libzrtp"
| #define VERSION "1.2.0"
| #define STDC_HEADERS 1
| #define HAVE_SYS_TYPES_H 1
| #define HAVE_SYS_STAT_H 1
| #define HAVE_STDLIB_H 1
| #define HAVE_STRING_H 1
| #define HAVE_MEMORY_H 1
| #define HAVE_STRINGS_H 1
| #define HAVE_INTTYPES_H 1
| #define HAVE_STDINT_H 1
| #define HAVE_UNISTD_H 1
| #define HAVE_LINUX_VERSION_H 1
| #define HAVE_ENDIAN_H 1
| #define HAVE_ERRNO_H 1
| #define HAVE_ASM_TYPES_H 1
| #define HAVE_STDLIB_H 1
| #define HAVE_STDINT_H 1
| #define HAVE_STDARG_H 1
| #define HAVE_STRING_H 1
| #define HAVE_STRINGS_H 1
| #define HAVE_STDIO_H 1
| #define HAVE_UNISTD_H 1
| #define HAVE_INTTYPES_H 1
| /* end confdefs.h.  */
| #include <sys/inttypes.h>
configure:5028: result: no
configure:5028: checking for sys/inttypes.h
configure:5028: result: no
configure:5028: checking for sys/types.h
configure:5028: result: yes
configure:5028: checking machine/types.h usability
configure:5028: arm-arago-linux-gnueabi-gcc -c  -std=c99 -O2 -g3 -Wall -Wextra -Wno-unused-parameter -fno-strict-aliasing -fPIC -DZRTP_AUTOMAKE=1  conftest.c >&5
conftest.c:67:27: fatal error: machine/types.h: No such file or directory
compilation terminated.
configure:5028: $? = 1
configure: failed program was:
| /* confdefs.h */
| #define PACKAGE_NAME "libzrtp"
| #define PACKAGE_TARNAME "libzrtp"
| #define PACKAGE_VERSION "1.2.0"
| #define PACKAGE_STRING "libzrtp 1.2.0"
| #define PACKAGE_BUGREPORT ""
| #define PACKAGE_URL ""
| #define PACKAGE "libzrtp"
| #define VERSION "1.2.0"
| #define STDC_HEADERS 1
| #define HAVE_SYS_TYPES_H 1
| #define HAVE_SYS_STAT_H 1
| #define HAVE_STDLIB_H 1
| #define HAVE_STRING_H 1
| #define HAVE_MEMORY_H 1
| #define HAVE_STRINGS_H 1
| #define HAVE_INTTYPES_H 1
| #define HAVE_STDINT_H 1
| #define HAVE_UNISTD_H 1
| #define HAVE_LINUX_VERSION_H 1
| #define HAVE_ENDIAN_H 1
| #define HAVE_ERRNO_H 1
| #define HAVE_ASM_TYPES_H 1
| #define HAVE_STDLIB_H 1
| #define HAVE_STDINT_H 1
| #define HAVE_STDARG_H 1
| #define HAVE_STRING_H 1
| #define HAVE_STRINGS_H 1
| #define HAVE_STDIO_H 1
| #define HAVE_UNISTD_H 1
| #define HAVE_INTTYPES_H 1
| #define HAVE_SYS_TYPES_H 1
| /* end confdefs.h.  */
| #include <stdio.h>
| #ifdef HAVE_SYS_TYPES_H
| # include <sys/types.h>
| #endif
| #ifdef HAVE_SYS_STAT_H
| # include <sys/stat.h>
| #endif
| #ifdef STDC_HEADERS
| # include <stdlib.h>
| # include <stddef.h>
| #else
| # ifdef HAVE_STDLIB_H
| #  include <stdlib.h>
| # endif
| #endif
| #ifdef HAVE_STRING_H
| # if !defined STDC_HEADERS && defined HAVE_MEMORY_H
| #  include <memory.h>
| # endif
| # include <string.h>
| #endif
| #ifdef HAVE_STRINGS_H
| # include <strings.h>
| #endif
| #ifdef HAVE_INTTYPES_H
| # include <inttypes.h>
| #endif
| #ifdef HAVE_STDINT_H
| # include <stdint.h>
| #endif
| #ifdef HAVE_UNISTD_H
| # include <unistd.h>
| #endif
| #include <machine/types.h>
configure:5028: result: no
configure:5028: checking machine/types.h presence
configure:5028: arm-arago-linux-gnueabi-gcc -E  conftest.c
conftest.c:34:27: fatal error: machine/types.h: No such file or directory
compilation terminated.
configure:5028: $? = 1
configure: failed program was:
| /* confdefs.h */
| #define PACKAGE_NAME "libzrtp"
| #define PACKAGE_TARNAME "libzrtp"
| #define PACKAGE_VERSION "1.2.0"
| #define PACKAGE_STRING "libzrtp 1.2.0"
| #define PACKAGE_BUGREPORT ""
| #define PACKAGE_URL ""
| #define PACKAGE "libzrtp"
| #define VERSION "1.2.0"
| #define STDC_HEADERS 1
| #define HAVE_SYS_TYPES_H 1
| #define HAVE_SYS_STAT_H 1
| #define HAVE_STDLIB_H 1
| #define HAVE_STRING_H 1
| #define HAVE_MEMORY_H 1
| #define HAVE_STRINGS_H 1
| #define HAVE_INTTYPES_H 1
| #define HAVE_STDINT_H 1
| #define HAVE_UNISTD_H 1
| #define HAVE_LINUX_VERSION_H 1
| #define HAVE_ENDIAN_H 1
| #define HAVE_ERRNO_H 1
| #define HAVE_ASM_TYPES_H 1
| #define HAVE_STDLIB_H 1
| #define HAVE_STDINT_H 1
| #define HAVE_STDARG_H 1
| #define HAVE_STRING_H 1
| #define HAVE_STRINGS_H 1
| #define HAVE_STDIO_H 1
| #define HAVE_UNISTD_H 1
| #define HAVE_INTTYPES_H 1
| #define HAVE_SYS_TYPES_H 1
| /* end confdefs.h.  */
| #include <machine/types.h>
configure:5028: result: no
configure:5028: checking for machine/types.h
configure:5028: result: no
configure:5041: checking pthread.h usability
configure:5041: arm-arago-linux-gnueabi-gcc -c  -std=c99 -O2 -g3 -Wall -Wextra -Wno-unused-parameter -fno-strict-aliasing -fPIC -DZRTP_AUTOMAKE=1  conftest.c >&5
configure:5041: $? = 0
configure:5041: result: yes
configure:5041: checking pthread.h presence
configure:5041: arm-arago-linux-gnueabi-gcc -E  conftest.c
configure:5041: $? = 0
configure:5041: result: yes
configure:5041: checking for pthread.h
configure:5041: result: yes
configure:5041: checking semaphore.h usability
configure:5041: arm-arago-linux-gnueabi-gcc -c  -std=c99 -O2 -g3 -Wall -Wextra -Wno-unused-parameter -fno-strict-aliasing -fPIC -DZRTP_AUTOMAKE=1  conftest.c >&5
configure:5041: $? = 0
configure:5041: result: yes
configure:5041: checking semaphore.h presence
configure:5041: arm-arago-linux-gnueabi-gcc -E  conftest.c
configure:5041: $? = 0
configure:5041: result: yes
configure:5041: checking for semaphore.h
configure:5041: result: yes
configure:5041: checking sys/time.h usability
configure:5041: arm-arago-linux-gnueabi-gcc -c  -std=c99 -O2 -g3 -Wall -Wextra -Wno-unused-parameter -fno-strict-aliasing -fPIC -DZRTP_AUTOMAKE=1  conftest.c >&5
configure:5041: $? = 0
configure:5041: result: yes
configure:5041: checking sys/time.h presence
configure:5041: arm-arago-linux-gnueabi-gcc -E  conftest.c
configure:5041: $? = 0
configure:5041: result: yes
configure:5041: checking for sys/time.h
configure:5041: result: yes
configure:5041: checking fcntl.h usability
configure:5041: arm-arago-linux-gnueabi-gcc -c  -std=c99 -O2 -g3 -Wall -Wextra -Wno-unused-parameter -fno-strict-aliasing -fPIC -DZRTP_AUTOMAKE=1  conftest.c >&5
configure:5041: $? = 0
configure:5041: result: yes
configure:5041: checking fcntl.h presence
configure:5041: arm-arago-linux-gnueabi-gcc -E  conftest.c
configure:5041: $? = 0
configure:5041: result: yes
configure:5041: checking for fcntl.h
configure:5041: result: yes
configure:5052: checking for int8_t
configure:5052: arm-arago-linux-gnueabi-gcc -c  -std=c99 -O2 -g3 -Wall -Wextra -Wno-unused-parameter -fno-strict-aliasing -fPIC -DZRTP_AUTOMAKE=1  conftest.c >&5
configure:5052: $? = 0
configure:5052: arm-arago-linux-gnueabi-gcc -c  -std=c99 -O2 -g3 -Wall -Wextra -Wno-unused-parameter -fno-strict-aliasing -fPIC -DZRTP_AUTOMAKE=1  conftest.c >&5
conftest.c: In function 'main':
conftest.c:74:21: error: expected expression before ')' token
configure:5052: $? = 1
configure: failed program was:
| /* confdefs.h */
| #define PACKAGE_NAME "libzrtp"
| #define PACKAGE_TARNAME "libzrtp"
| #define PACKAGE_VERSION "1.2.0"
| #define PACKAGE_STRING "libzrtp 1.2.0"
| #define PACKAGE_BUGREPORT ""
| #define PACKAGE_URL ""
| #define PACKAGE "libzrtp"
| #define VERSION "1.2.0"
| #define STDC_HEADERS 1
| #define HAVE_SYS_TYPES_H 1
| #define HAVE_SYS_STAT_H 1
| #define HAVE_STDLIB_H 1
| #define HAVE_STRING_H 1
| #define HAVE_MEMORY_H 1
| #define HAVE_STRINGS_H 1
| #define HAVE_INTTYPES_H 1
| #define HAVE_STDINT_H 1
| #define HAVE_UNISTD_H 1
| #define HAVE_LINUX_VERSION_H 1
| #define HAVE_ENDIAN_H 1
| #define HAVE_ERRNO_H 1
| #define HAVE_ASM_TYPES_H 1
| #define HAVE_STDLIB_H 1
| #define HAVE_STDINT_H 1
| #define HAVE_STDARG_H 1
| #define HAVE_STRING_H 1
| #define HAVE_STRINGS_H 1
| #define HAVE_STDIO_H 1
| #define HAVE_UNISTD_H 1
| #define HAVE_INTTYPES_H 1
| #define HAVE_SYS_TYPES_H 1
| #define HAVE_PTHREAD_H 1
| #define HAVE_SEMAPHORE_H 1
| #define HAVE_SYS_TIME_H 1
| #define HAVE_FCNTL_H 1
| /* end confdefs.h.  */
| #include <stdio.h>
| #ifdef HAVE_SYS_TYPES_H
| # include <sys/types.h>
| #endif
| #ifdef HAVE_SYS_STAT_H
| # include <sys/stat.h>
| #endif
| #ifdef STDC_HEADERS
| # include <stdlib.h>
| # include <stddef.h>
| #else
| # ifdef HAVE_STDLIB_H
| #  include <stdlib.h>
| # endif
| #endif
| #ifdef HAVE_STRING_H
| # if !defined STDC_HEADERS && defined HAVE_MEMORY_H
| #  include <memory.h>
| # endif
| # include <string.h>
| #endif
| #ifdef HAVE_STRINGS_H
| # include <strings.h>
| #endif
| #ifdef HAVE_INTTYPES_H
| # include <inttypes.h>
| #endif
| #ifdef HAVE_STDINT_H
| # include <stdint.h>
| #endif
| #ifdef HAVE_UNISTD_H
| # include <unistd.h>
| #endif
| int
| main ()
| {
| if (sizeof ((int8_t)))
| 	    return 0;
|   ;
|   return 0;
| }
configure:5052: result: yes
configure:5061: checking for uint8_t
configure:5061: arm-arago-linux-gnueabi-gcc -c  -std=c99 -O2 -g3 -Wall -Wextra -Wno-unused-parameter -fno-strict-aliasing -fPIC -DZRTP_AUTOMAKE=1  conftest.c >&5
configure:5061: $? = 0
configure:5061: arm-arago-linux-gnueabi-gcc -c  -std=c99 -O2 -g3 -Wall -Wextra -Wno-unused-parameter -fno-strict-aliasing -fPIC -DZRTP_AUTOMAKE=1  conftest.c >&5
conftest.c: In function 'main':
conftest.c:75:22: error: expected expression before ')' token
configure:5061: $? = 1
configure: failed program was:
| /* confdefs.h */
| #define PACKAGE_NAME "libzrtp"
| #define PACKAGE_TARNAME "libzrtp"
| #define PACKAGE_VERSION "1.2.0"
| #define PACKAGE_STRING "libzrtp 1.2.0"
| #define PACKAGE_BUGREPORT ""
| #define PACKAGE_URL ""
| #define PACKAGE "libzrtp"
| #define VERSION "1.2.0"
| #define STDC_HEADERS 1
| #define HAVE_SYS_TYPES_H 1
| #define HAVE_SYS_STAT_H 1
| #define HAVE_STDLIB_H 1
| #define HAVE_STRING_H 1
| #define HAVE_MEMORY_H 1
| #define HAVE_STRINGS_H 1
| #define HAVE_INTTYPES_H 1
| #define HAVE_STDINT_H 1
| #define HAVE_UNISTD_H 1
| #define HAVE_LINUX_VERSION_H 1
| #define HAVE_ENDIAN_H 1
| #define HAVE_ERRNO_H 1
| #define HAVE_ASM_TYPES_H 1
| #define HAVE_STDLIB_H 1
| #define HAVE_STDINT_H 1
| #define HAVE_STDARG_H 1
| #define HAVE_STRING_H 1
| #define HAVE_STRINGS_H 1
| #define HAVE_STDIO_H 1
| #define HAVE_UNISTD_H 1
| #define HAVE_INTTYPES_H 1
| #define HAVE_SYS_TYPES_H 1
| #define HAVE_PTHREAD_H 1
| #define HAVE_SEMAPHORE_H 1
| #define HAVE_SYS_TIME_H 1
| #define HAVE_FCNTL_H 1
| #define HAVE_INT8_T 1
| /* end confdefs.h.  */
| #include <stdio.h>
| #ifdef HAVE_SYS_TYPES_H
| # include <sys/types.h>
| #endif
| #ifdef HAVE_SYS_STAT_H
| # include <sys/stat.h>
| #endif
| #ifdef STDC_HEADERS
| # include <stdlib.h>
| # include <stddef.h>
| #else
| # ifdef HAVE_STDLIB_H
| #  include <stdlib.h>
| # endif
| #endif
| #ifdef HAVE_STRING_H
| # if !defined STDC_HEADERS && defined HAVE_MEMORY_H
| #  include <memory.h>
| # endif
| # include <string.h>
| #endif
| #ifdef HAVE_STRINGS_H
| # include <strings.h>
| #endif
| #ifdef HAVE_INTTYPES_H
| # include <inttypes.h>
| #endif
| #ifdef HAVE_STDINT_H
| # include <stdint.h>
| #endif
| #ifdef HAVE_UNISTD_H
| # include <unistd.h>
| #endif
| int
| main ()
| {
| if (sizeof ((uint8_t)))
| 	    return 0;
|   ;
|   return 0;
| }
configure:5061: result: yes
configure:5070: checking for int16_t
configure:5070: arm-arago-linux-gnueabi-gcc -c  -std=c99 -O2 -g3 -Wall -Wextra -Wno-unused-parameter -fno-strict-aliasing -fPIC -DZRTP_AUTOMAKE=1  conftest.c >&5
configure:5070: $? = 0
configure:5070: arm-arago-linux-gnueabi-gcc -c  -std=c99 -O2 -g3 -Wall -Wextra -Wno-unused-parameter -fno-strict-aliasing -fPIC -DZRTP_AUTOMAKE=1  conftest.c >&5
conftest.c: In function 'main':
conftest.c:76:22: error: expected expression before ')' token
configure:5070: $? = 1
configure: failed program was:
| /* confdefs.h */
| #define PACKAGE_NAME "libzrtp"
| #define PACKAGE_TARNAME "libzrtp"
| #define PACKAGE_VERSION "1.2.0"
| #define PACKAGE_STRING "libzrtp 1.2.0"
| #define PACKAGE_BUGREPORT ""
| #define PACKAGE_URL ""
| #define PACKAGE "libzrtp"
| #define VERSION "1.2.0"
| #define STDC_HEADERS 1
| #define HAVE_SYS_TYPES_H 1
| #define HAVE_SYS_STAT_H 1
| #define HAVE_STDLIB_H 1
| #define HAVE_STRING_H 1
| #define HAVE_MEMORY_H 1
| #define HAVE_STRINGS_H 1
| #define HAVE_INTTYPES_H 1
| #define HAVE_STDINT_H 1
| #define HAVE_UNISTD_H 1
| #define HAVE_LINUX_VERSION_H 1
| #define HAVE_ENDIAN_H 1
| #define HAVE_ERRNO_H 1
| #define HAVE_ASM_TYPES_H 1
| #define HAVE_STDLIB_H 1
| #define HAVE_STDINT_H 1
| #define HAVE_STDARG_H 1
| #define HAVE_STRING_H 1
| #define HAVE_STRINGS_H 1
| #define HAVE_STDIO_H 1
| #define HAVE_UNISTD_H 1
| #define HAVE_INTTYPES_H 1
| #define HAVE_SYS_TYPES_H 1
| #define HAVE_PTHREAD_H 1
| #define HAVE_SEMAPHORE_H 1
| #define HAVE_SYS_TIME_H 1
| #define HAVE_FCNTL_H 1
| #define HAVE_INT8_T 1
| #define HAVE_UINT8_T 1
| /* end confdefs.h.  */
| #include <stdio.h>
| #ifdef HAVE_SYS_TYPES_H
| # include <sys/types.h>
| #endif
| #ifdef HAVE_SYS_STAT_H
| # include <sys/stat.h>
| #endif
| #ifdef STDC_HEADERS
| # include <stdlib.h>
| # include <stddef.h>
| #else
| # ifdef HAVE_STDLIB_H
| #  include <stdlib.h>
| # endif
| #endif
| #ifdef HAVE_STRING_H
| # if !defined STDC_HEADERS && defined HAVE_MEMORY_H
| #  include <memory.h>
| # endif
| # include <string.h>
| #endif
| #ifdef HAVE_STRINGS_H
| # include <strings.h>
| #endif
| #ifdef HAVE_INTTYPES_H
| # include <inttypes.h>
| #endif
| #ifdef HAVE_STDINT_H
| # include <stdint.h>
| #endif
| #ifdef HAVE_UNISTD_H
| # include <unistd.h>
| #endif
| int
| main ()
| {
| if (sizeof ((int16_t)))
| 	    return 0;
|   ;
|   return 0;
| }
configure:5070: result: yes
configure:5079: checking for uint16_t
configure:5079: arm-arago-linux-gnueabi-gcc -c  -std=c99 -O2 -g3 -Wall -Wextra -Wno-unused-parameter -fno-strict-aliasing -fPIC -DZRTP_AUTOMAKE=1  conftest.c >&5
configure:5079: $? = 0
configure:5079: arm-arago-linux-gnueabi-gcc -c  -std=c99 -O2 -g3 -Wall -Wextra -Wno-unused-parameter -fno-strict-aliasing -fPIC -DZRTP_AUTOMAKE=1  conftest.c >&5
conftest.c: In function 'main':
conftest.c:77:23: error: expected expression before ')' token
configure:5079: $? = 1
configure: failed program was:
| /* confdefs.h */
| #define PACKAGE_NAME "libzrtp"
| #define PACKAGE_TARNAME "libzrtp"
| #define PACKAGE_VERSION "1.2.0"
| #define PACKAGE_STRING "libzrtp 1.2.0"
| #define PACKAGE_BUGREPORT ""
| #define PACKAGE_URL ""
| #define PACKAGE "libzrtp"
| #define VERSION "1.2.0"
| #define STDC_HEADERS 1
| #define HAVE_SYS_TYPES_H 1
| #define HAVE_SYS_STAT_H 1
| #define HAVE_STDLIB_H 1
| #define HAVE_STRING_H 1
| #define HAVE_MEMORY_H 1
| #define HAVE_STRINGS_H 1
| #define HAVE_INTTYPES_H 1
| #define HAVE_STDINT_H 1
| #define HAVE_UNISTD_H 1
| #define HAVE_LINUX_VERSION_H 1
| #define HAVE_ENDIAN_H 1
| #define HAVE_ERRNO_H 1
| #define HAVE_ASM_TYPES_H 1
| #define HAVE_STDLIB_H 1
| #define HAVE_STDINT_H 1
| #define HAVE_STDARG_H 1
| #define HAVE_STRING_H 1
| #define HAVE_STRINGS_H 1
| #define HAVE_STDIO_H 1
| #define HAVE_UNISTD_H 1
| #define HAVE_INTTYPES_H 1
| #define HAVE_SYS_TYPES_H 1
| #define HAVE_PTHREAD_H 1
| #define HAVE_SEMAPHORE_H 1
| #define HAVE_SYS_TIME_H 1
| #define HAVE_FCNTL_H 1
| #define HAVE_INT8_T 1
| #define HAVE_UINT8_T 1
| #define HAVE_INT16_T 1
| /* end confdefs.h.  */
| #include <stdio.h>
| #ifdef HAVE_SYS_TYPES_H
| # include <sys/types.h>
| #endif
| #ifdef HAVE_SYS_STAT_H
| # include <sys/stat.h>
| #endif
| #ifdef STDC_HEADERS
| # include <stdlib.h>
| # include <stddef.h>
| #else
| # ifdef HAVE_STDLIB_H
| #  include <stdlib.h>
| # endif
| #endif
| #ifdef HAVE_STRING_H
| # if !defined STDC_HEADERS && defined HAVE_MEMORY_H
| #  include <memory.h>
| # endif
| # include <string.h>
| #endif
| #ifdef HAVE_STRINGS_H
| # include <strings.h>
| #endif
| #ifdef HAVE_INTTYPES_H
| # include <inttypes.h>
| #endif
| #ifdef HAVE_STDINT_H
| # include <stdint.h>
| #endif
| #ifdef HAVE_UNISTD_H
| # include <unistd.h>
| #endif
| int
| main ()
| {
| if (sizeof ((uint16_t)))
| 	    return 0;
|   ;
|   return 0;
| }
configure:5079: result: yes
configure:5088: checking for int32_t
configure:5088: arm-arago-linux-gnueabi-gcc -c  -std=c99 -O2 -g3 -Wall -Wextra -Wno-unused-parameter -fno-strict-aliasing -fPIC -DZRTP_AUTOMAKE=1  conftest.c >&5
configure:5088: $? = 0
configure:5088: arm-arago-linux-gnueabi-gcc -c  -std=c99 -O2 -g3 -Wall -Wextra -Wno-unused-parameter -fno-strict-aliasing -fPIC -DZRTP_AUTOMAKE=1  conftest.c >&5
conftest.c: In function 'main':
conftest.c:78:22: error: expected expression before ')' token
configure:5088: $? = 1
configure: failed program was:
| /* confdefs.h */
| #define PACKAGE_NAME "libzrtp"
| #define PACKAGE_TARNAME "libzrtp"
| #define PACKAGE_VERSION "1.2.0"
| #define PACKAGE_STRING "libzrtp 1.2.0"
| #define PACKAGE_BUGREPORT ""
| #define PACKAGE_URL ""
| #define PACKAGE "libzrtp"
| #define VERSION "1.2.0"
| #define STDC_HEADERS 1
| #define HAVE_SYS_TYPES_H 1
| #define HAVE_SYS_STAT_H 1
| #define HAVE_STDLIB_H 1
| #define HAVE_STRING_H 1
| #define HAVE_MEMORY_H 1
| #define HAVE_STRINGS_H 1
| #define HAVE_INTTYPES_H 1
| #define HAVE_STDINT_H 1
| #define HAVE_UNISTD_H 1
| #define HAVE_LINUX_VERSION_H 1
| #define HAVE_ENDIAN_H 1
| #define HAVE_ERRNO_H 1
| #define HAVE_ASM_TYPES_H 1
| #define HAVE_STDLIB_H 1
| #define HAVE_STDINT_H 1
| #define HAVE_STDARG_H 1
| #define HAVE_STRING_H 1
| #define HAVE_STRINGS_H 1
| #define HAVE_STDIO_H 1
| #define HAVE_UNISTD_H 1
| #define HAVE_INTTYPES_H 1
| #define HAVE_SYS_TYPES_H 1
| #define HAVE_PTHREAD_H 1
| #define HAVE_SEMAPHORE_H 1
| #define HAVE_SYS_TIME_H 1
| #define HAVE_FCNTL_H 1
| #define HAVE_INT8_T 1
| #define HAVE_UINT8_T 1
| #define HAVE_INT16_T 1
| #define HAVE_UINT16_T 1
| /* end confdefs.h.  */
| #include <stdio.h>
| #ifdef HAVE_SYS_TYPES_H
| # include <sys/types.h>
| #endif
| #ifdef HAVE_SYS_STAT_H
| # include <sys/stat.h>
| #endif
| #ifdef STDC_HEADERS
| # include <stdlib.h>
| # include <stddef.h>
| #else
| # ifdef HAVE_STDLIB_H
| #  include <stdlib.h>
| # endif
| #endif
| #ifdef HAVE_STRING_H
| # if !defined STDC_HEADERS && defined HAVE_MEMORY_H
| #  include <memory.h>
| # endif
| # include <string.h>
| #endif
| #ifdef HAVE_STRINGS_H
| # include <strings.h>
| #endif
| #ifdef HAVE_INTTYPES_H
| # include <inttypes.h>
| #endif
| #ifdef HAVE_STDINT_H
| # include <stdint.h>
| #endif
| #ifdef HAVE_UNISTD_H
| # include <unistd.h>
| #endif
| int
| main ()
| {
| if (sizeof ((int32_t)))
| 	    return 0;
|   ;
|   return 0;
| }
configure:5088: result: yes
configure:5097: checking for uint32_t
configure:5097: arm-arago-linux-gnueabi-gcc -c  -std=c99 -O2 -g3 -Wall -Wextra -Wno-unused-parameter -fno-strict-aliasing -fPIC -DZRTP_AUTOMAKE=1  conftest.c >&5
configure:5097: $? = 0
configure:5097: arm-arago-linux-gnueabi-gcc -c  -std=c99 -O2 -g3 -Wall -Wextra -Wno-unused-parameter -fno-strict-aliasing -fPIC -DZRTP_AUTOMAKE=1  conftest.c >&5
conftest.c: In function 'main':
conftest.c:79:23: error: expected expression before ')' token
configure:5097: $? = 1
configure: failed program was:
| /* confdefs.h */
| #define PACKAGE_NAME "libzrtp"
| #define PACKAGE_TARNAME "libzrtp"
| #define PACKAGE_VERSION "1.2.0"
| #define PACKAGE_STRING "libzrtp 1.2.0"
| #define PACKAGE_BUGREPORT ""
| #define PACKAGE_URL ""
| #define PACKAGE "libzrtp"
| #define VERSION "1.2.0"
| #define STDC_HEADERS 1
| #define HAVE_SYS_TYPES_H 1
| #define HAVE_SYS_STAT_H 1
| #define HAVE_STDLIB_H 1
| #define HAVE_STRING_H 1
| #define HAVE_MEMORY_H 1
| #define HAVE_STRINGS_H 1
| #define HAVE_INTTYPES_H 1
| #define HAVE_STDINT_H 1
| #define HAVE_UNISTD_H 1
| #define HAVE_LINUX_VERSION_H 1
| #define HAVE_ENDIAN_H 1
| #define HAVE_ERRNO_H 1
| #define HAVE_ASM_TYPES_H 1
| #define HAVE_STDLIB_H 1
| #define HAVE_STDINT_H 1
| #define HAVE_STDARG_H 1
| #define HAVE_STRING_H 1
| #define HAVE_STRINGS_H 1
| #define HAVE_STDIO_H 1
| #define HAVE_UNISTD_H 1
| #define HAVE_INTTYPES_H 1
| #define HAVE_SYS_TYPES_H 1
| #define HAVE_PTHREAD_H 1
| #define HAVE_SEMAPHORE_H 1
| #define HAVE_SYS_TIME_H 1
| #define HAVE_FCNTL_H 1
| #define HAVE_INT8_T 1
| #define HAVE_UINT8_T 1
| #define HAVE_INT16_T 1
| #define HAVE_UINT16_T 1
| #define HAVE_INT32_T 1
| /* end confdefs.h.  */
| #include <stdio.h>
| #ifdef HAVE_SYS_TYPES_H
| # include <sys/types.h>
| #endif
| #ifdef HAVE_SYS_STAT_H
| # include <sys/stat.h>
| #endif
| #ifdef STDC_HEADERS
| # include <stdlib.h>
| # include <stddef.h>
| #else
| # ifdef HAVE_STDLIB_H
| #  include <stdlib.h>
| # endif
| #endif
| #ifdef HAVE_STRING_H
| # if !defined STDC_HEADERS && defined HAVE_MEMORY_H
| #  include <memory.h>
| # endif
| # include <string.h>
| #endif
| #ifdef HAVE_STRINGS_H
| # include <strings.h>
| #endif
| #ifdef HAVE_INTTYPES_H
| # include <inttypes.h>
| #endif
| #ifdef HAVE_STDINT_H
| # include <stdint.h>
| #endif
| #ifdef HAVE_UNISTD_H
| # include <unistd.h>
| #endif
| int
| main ()
| {
| if (sizeof ((uint32_t)))
| 	    return 0;
|   ;
|   return 0;
| }
configure:5097: result: yes
configure:5106: checking for uint64_t
configure:5106: arm-arago-linux-gnueabi-gcc -c  -std=c99 -O2 -g3 -Wall -Wextra -Wno-unused-parameter -fno-strict-aliasing -fPIC -DZRTP_AUTOMAKE=1  conftest.c >&5
configure:5106: $? = 0
configure:5106: arm-arago-linux-gnueabi-gcc -c  -std=c99 -O2 -g3 -Wall -Wextra -Wno-unused-parameter -fno-strict-aliasing -fPIC -DZRTP_AUTOMAKE=1  conftest.c >&5
conftest.c: In function 'main':
conftest.c:80:23: error: expected expression before ')' token
configure:5106: $? = 1
configure: failed program was:
| /* confdefs.h */
| #define PACKAGE_NAME "libzrtp"
| #define PACKAGE_TARNAME "libzrtp"
| #define PACKAGE_VERSION "1.2.0"
| #define PACKAGE_STRING "libzrtp 1.2.0"
| #define PACKAGE_BUGREPORT ""
| #define PACKAGE_URL ""
| #define PACKAGE "libzrtp"
| #define VERSION "1.2.0"
| #define STDC_HEADERS 1
| #define HAVE_SYS_TYPES_H 1
| #define HAVE_SYS_STAT_H 1
| #define HAVE_STDLIB_H 1
| #define HAVE_STRING_H 1
| #define HAVE_MEMORY_H 1
| #define HAVE_STRINGS_H 1
| #define HAVE_INTTYPES_H 1
| #define HAVE_STDINT_H 1
| #define HAVE_UNISTD_H 1
| #define HAVE_LINUX_VERSION_H 1
| #define HAVE_ENDIAN_H 1
| #define HAVE_ERRNO_H 1
| #define HAVE_ASM_TYPES_H 1
| #define HAVE_STDLIB_H 1
| #define HAVE_STDINT_H 1
| #define HAVE_STDARG_H 1
| #define HAVE_STRING_H 1
| #define HAVE_STRINGS_H 1
| #define HAVE_STDIO_H 1
| #define HAVE_UNISTD_H 1
| #define HAVE_INTTYPES_H 1
| #define HAVE_SYS_TYPES_H 1
| #define HAVE_PTHREAD_H 1
| #define HAVE_SEMAPHORE_H 1
| #define HAVE_SYS_TIME_H 1
| #define HAVE_FCNTL_H 1
| #define HAVE_INT8_T 1
| #define HAVE_UINT8_T 1
| #define HAVE_INT16_T 1
| #define HAVE_UINT16_T 1
| #define HAVE_INT32_T 1
| #define HAVE_UINT32_T 1
| /* end confdefs.h.  */
| #include <stdio.h>
| #ifdef HAVE_SYS_TYPES_H
| # include <sys/types.h>
| #endif
| #ifdef HAVE_SYS_STAT_H
| # include <sys/stat.h>
| #endif
| #ifdef STDC_HEADERS
| # include <stdlib.h>
| # include <stddef.h>
| #else
| # ifdef HAVE_STDLIB_H
| #  include <stdlib.h>
| # endif
| #endif
| #ifdef HAVE_STRING_H
| # if !defined STDC_HEADERS && defined HAVE_MEMORY_H
| #  include <memory.h>
| # endif
| # include <string.h>
| #endif
| #ifdef HAVE_STRINGS_H
| # include <strings.h>
| #endif
| #ifdef HAVE_INTTYPES_H
| # include <inttypes.h>
| #endif
| #ifdef HAVE_STDINT_H
| # include <stdint.h>
| #endif
| #ifdef HAVE_UNISTD_H
| # include <unistd.h>
| #endif
| int
| main ()
| {
| if (sizeof ((uint64_t)))
| 	    return 0;
|   ;
|   return 0;
| }
configure:5106: result: yes
configure:5115: checking for int64_t
configure:5115: arm-arago-linux-gnueabi-gcc -c  -std=c99 -O2 -g3 -Wall -Wextra -Wno-unused-parameter -fno-strict-aliasing -fPIC -DZRTP_AUTOMAKE=1  conftest.c >&5
configure:5115: $? = 0
configure:5115: arm-arago-linux-gnueabi-gcc -c  -std=c99 -O2 -g3 -Wall -Wextra -Wno-unused-parameter -fno-strict-aliasing -fPIC -DZRTP_AUTOMAKE=1  conftest.c >&5
conftest.c: In function 'main':
conftest.c:81:22: error: expected expression before ')' token
configure:5115: $? = 1
configure: failed program was:
| /* confdefs.h */
| #define PACKAGE_NAME "libzrtp"
| #define PACKAGE_TARNAME "libzrtp"
| #define PACKAGE_VERSION "1.2.0"
| #define PACKAGE_STRING "libzrtp 1.2.0"
| #define PACKAGE_BUGREPORT ""
| #define PACKAGE_URL ""
| #define PACKAGE "libzrtp"
| #define VERSION "1.2.0"
| #define STDC_HEADERS 1
| #define HAVE_SYS_TYPES_H 1
| #define HAVE_SYS_STAT_H 1
| #define HAVE_STDLIB_H 1
| #define HAVE_STRING_H 1
| #define HAVE_MEMORY_H 1
| #define HAVE_STRINGS_H 1
| #define HAVE_INTTYPES_H 1
| #define HAVE_STDINT_H 1
| #define HAVE_UNISTD_H 1
| #define HAVE_LINUX_VERSION_H 1
| #define HAVE_ENDIAN_H 1
| #define HAVE_ERRNO_H 1
| #define HAVE_ASM_TYPES_H 1
| #define HAVE_STDLIB_H 1
| #define HAVE_STDINT_H 1
| #define HAVE_STDARG_H 1
| #define HAVE_STRING_H 1
| #define HAVE_STRINGS_H 1
| #define HAVE_STDIO_H 1
| #define HAVE_UNISTD_H 1
| #define HAVE_INTTYPES_H 1
| #define HAVE_SYS_TYPES_H 1
| #define HAVE_PTHREAD_H 1
| #define HAVE_SEMAPHORE_H 1
| #define HAVE_SYS_TIME_H 1
| #define HAVE_FCNTL_H 1
| #define HAVE_INT8_T 1
| #define HAVE_UINT8_T 1
| #define HAVE_INT16_T 1
| #define HAVE_UINT16_T 1
| #define HAVE_INT32_T 1
| #define HAVE_UINT32_T 1
| #define HAVE_UINT64_T 1
| /* end confdefs.h.  */
| #include <stdio.h>
| #ifdef HAVE_SYS_TYPES_H
| # include <sys/types.h>
| #endif
| #ifdef HAVE_SYS_STAT_H
| # include <sys/stat.h>
| #endif
| #ifdef STDC_HEADERS
| # include <stdlib.h>
| # include <stddef.h>
| #else
| # ifdef HAVE_STDLIB_H
| #  include <stdlib.h>
| # endif
| #endif
| #ifdef HAVE_STRING_H
| # if !defined STDC_HEADERS && defined HAVE_MEMORY_H
| #  include <memory.h>
| # endif
| # include <string.h>
| #endif
| #ifdef HAVE_STRINGS_H
| # include <strings.h>
| #endif
| #ifdef HAVE_INTTYPES_H
| # include <inttypes.h>
| #endif
| #ifdef HAVE_STDINT_H
| # include <stdint.h>
| #endif
| #ifdef HAVE_UNISTD_H
| # include <unistd.h>
| #endif
| int
| main ()
| {
| if (sizeof ((int64_t)))
| 	    return 0;
|   ;
|   return 0;
| }
configure:5115: result: yes
configure:5127: checking for an ANSI C-conforming const
configure:5193: arm-arago-linux-gnueabi-gcc -c  -std=c99 -O2 -g3 -Wall -Wextra -Wno-unused-parameter -fno-strict-aliasing -fPIC -DZRTP_AUTOMAKE=1  conftest.c >&5
configure:5193: $? = 0
configure:5200: result: yes
configure:5212: checking for stdlib.h
configure:5212: result: yes
configure:5222: checking for GNU libc compatible malloc
configure:5256: result: no
configure:5280: checking for memset
configure:5280: arm-arago-linux-gnueabi-gcc -o conftest  -std=c99 -O2 -g3 -Wall -Wextra -Wno-unused-parameter -fno-strict-aliasing -fPIC -DZRTP_AUTOMAKE=1   conftest.c  >&5
conftest.c:72:6: warning: conflicting types for built-in function 'memset'
configure:5280: $? = 0
configure:5280: result: yes
configure:5280: checking for memcpy
configure:5280: arm-arago-linux-gnueabi-gcc -o conftest  -std=c99 -O2 -g3 -Wall -Wextra -Wno-unused-parameter -fno-strict-aliasing -fPIC -DZRTP_AUTOMAKE=1   conftest.c  >&5
conftest.c:73:6: warning: conflicting types for built-in function 'memcpy'
configure:5280: $? = 0
configure:5280: result: yes
configure:5280: checking for malloc
configure:5280: arm-arago-linux-gnueabi-gcc -o conftest  -std=c99 -O2 -g3 -Wall -Wextra -Wno-unused-parameter -fno-strict-aliasing -fPIC -DZRTP_AUTOMAKE=1   conftest.c  >&5
conftest.c:53:0: warning: "malloc" redefined
conftest.c:47:0: note: this is the location of the previous definition
conftest.c:74:6: warning: conflicting types for built-in function 'malloc'
configure:5280: $? = 0
configure:5280: result: yes
configure:5280: checking for free
configure:5280: arm-arago-linux-gnueabi-gcc -o conftest  -std=c99 -O2 -g3 -Wall -Wextra -Wno-unused-parameter -fno-strict-aliasing -fPIC -DZRTP_AUTOMAKE=1   conftest.c  >&5
conftest.c:50:0: warning: "HAVE_MALLOC" redefined
conftest.c:46:0: note: this is the location of the previous definition
conftest.c:75:6: warning: conflicting types for built-in function 'free'
configure:5280: $? = 0
configure:5280: result: yes
configure:5291: checking for usleep
configure:5291: arm-arago-linux-gnueabi-gcc -o conftest  -std=c99 -O2 -g3 -Wall -Wextra -Wno-unused-parameter -fno-strict-aliasing -fPIC -DZRTP_AUTOMAKE=1   conftest.c  >&5
conftest.c:50:0: warning: "HAVE_MALLOC" redefined
conftest.c:46:0: note: this is the location of the previous definition
configure:5291: $? = 0
configure:5291: result: yes
configure:5303: checking for fopen
configure:5303: arm-arago-linux-gnueabi-gcc -o conftest  -std=c99 -O2 -g3 -Wall -Wextra -Wno-unused-parameter -fno-strict-aliasing -fPIC -DZRTP_AUTOMAKE=1   conftest.c  >&5
conftest.c:50:0: warning: "HAVE_MALLOC" redefined
conftest.c:46:0: note: this is the location of the previous definition
configure:5303: $? = 0
configure:5303: result: yes
configure:5303: checking for fread
configure:5303: arm-arago-linux-gnueabi-gcc -o conftest  -std=c99 -O2 -g3 -Wall -Wextra -Wno-unused-parameter -fno-strict-aliasing -fPIC -DZRTP_AUTOMAKE=1   conftest.c  >&5
conftest.c:50:0: warning: "HAVE_MALLOC" redefined
conftest.c:46:0: note: this is the location of the previous definition
configure:5303: $? = 0
configure:5303: result: yes
configure:5315: checking for pthread_mutex_lock
configure:5315: arm-arago-linux-gnueabi-gcc -o conftest  -std=c99 -O2 -g3 -Wall -Wextra -Wno-unused-parameter -fno-strict-aliasing -fPIC -DZRTP_AUTOMAKE=1   conftest.c  >&5
conftest.c:50:0: warning: "HAVE_MALLOC" redefined
conftest.c:46:0: note: this is the location of the previous definition
configure:5315: $? = 0
configure:5315: result: yes
configure:5315: checking for pthread_mutex_unlock
configure:5315: arm-arago-linux-gnueabi-gcc -o conftest  -std=c99 -O2 -g3 -Wall -Wextra -Wno-unused-parameter -fno-strict-aliasing -fPIC -DZRTP_AUTOMAKE=1   conftest.c  >&5
conftest.c:50:0: warning: "HAVE_MALLOC" redefined
conftest.c:46:0: note: this is the location of the previous definition
configure:5315: $? = 0
configure:5315: result: yes
configure:5315: checking for pthread_mutex_init
configure:5315: arm-arago-linux-gnueabi-gcc -o conftest  -std=c99 -O2 -g3 -Wall -Wextra -Wno-unused-parameter -fno-strict-aliasing -fPIC -DZRTP_AUTOMAKE=1   conftest.c  >&5
conftest.c:50:0: warning: "HAVE_MALLOC" redefined
conftest.c:46:0: note: this is the location of the previous definition
configure:5315: $? = 0
configure:5315: result: yes
configure:5315: checking for pthread_mutex_destroy
configure:5315: arm-arago-linux-gnueabi-gcc -o conftest  -std=c99 -O2 -g3 -Wall -Wextra -Wno-unused-parameter -fno-strict-aliasing -fPIC -DZRTP_AUTOMAKE=1   conftest.c  >&5
conftest.c:50:0: warning: "HAVE_MALLOC" redefined
conftest.c:46:0: note: this is the location of the previous definition
configure:5315: $? = 0
configure:5315: result: yes
configure:5327: checking for pthread_attr_init
configure:5327: arm-arago-linux-gnueabi-gcc -o conftest  -std=c99 -O2 -g3 -Wall -Wextra -Wno-unused-parameter -fno-strict-aliasing -fPIC -DZRTP_AUTOMAKE=1   conftest.c  >&5
conftest.c:50:0: warning: "HAVE_MALLOC" redefined
conftest.c:46:0: note: this is the location of the previous definition
configure:5327: $? = 0
configure:5327: result: yes
configure:5327: checking for pthread_attr_setdetachstate
configure:5327: arm-arago-linux-gnueabi-gcc -o conftest  -std=c99 -O2 -g3 -Wall -Wextra -Wno-unused-parameter -fno-strict-aliasing -fPIC -DZRTP_AUTOMAKE=1   conftest.c  >&5
conftest.c:50:0: warning: "HAVE_MALLOC" redefined
conftest.c:46:0: note: this is the location of the previous definition
configure:5327: $? = 0
configure:5327: result: yes
configure:5327: checking for pthread_create
configure:5327: arm-arago-linux-gnueabi-gcc -o conftest  -std=c99 -O2 -g3 -Wall -Wextra -Wno-unused-parameter -fno-strict-aliasing -fPIC -DZRTP_AUTOMAKE=1   conftest.c  >&5
conftest.c:50:0: warning: "HAVE_MALLOC" redefined
conftest.c:46:0: note: this is the location of the previous definition
/tmp/ccIyXPYY.o: In function `main':
/home/lee/zrtp_bruce/zrtp_rebuild/rebuild/libzrtp/trunk/conftest.c:96: undefined reference to `pthread_create'
collect2: ld returned 1 exit status
configure:5327: $? = 1
configure: failed program was:
| /* confdefs.h */
| #define PACKAGE_NAME "libzrtp"
| #define PACKAGE_TARNAME "libzrtp"
| #define PACKAGE_VERSION "1.2.0"
| #define PACKAGE_STRING "libzrtp 1.2.0"
| #define PACKAGE_BUGREPORT ""
| #define PACKAGE_URL ""
| #define PACKAGE "libzrtp"
| #define VERSION "1.2.0"
| #define STDC_HEADERS 1
| #define HAVE_SYS_TYPES_H 1
| #define HAVE_SYS_STAT_H 1
| #define HAVE_STDLIB_H 1
| #define HAVE_STRING_H 1
| #define HAVE_MEMORY_H 1
| #define HAVE_STRINGS_H 1
| #define HAVE_INTTYPES_H 1
| #define HAVE_STDINT_H 1
| #define HAVE_UNISTD_H 1
| #define HAVE_LINUX_VERSION_H 1
| #define HAVE_ENDIAN_H 1
| #define HAVE_ERRNO_H 1
| #define HAVE_ASM_TYPES_H 1
| #define HAVE_STDLIB_H 1
| #define HAVE_STDINT_H 1
| #define HAVE_STDARG_H 1
| #define HAVE_STRING_H 1
| #define HAVE_STRINGS_H 1
| #define HAVE_STDIO_H 1
| #define HAVE_UNISTD_H 1
| #define HAVE_INTTYPES_H 1
| #define HAVE_SYS_TYPES_H 1
| #define HAVE_PTHREAD_H 1
| #define HAVE_SEMAPHORE_H 1
| #define HAVE_SYS_TIME_H 1
| #define HAVE_FCNTL_H 1
| #define HAVE_INT8_T 1
| #define HAVE_UINT8_T 1
| #define HAVE_INT16_T 1
| #define HAVE_UINT16_T 1
| #define HAVE_INT32_T 1
| #define HAVE_UINT32_T 1
| #define HAVE_UINT64_T 1
| #define HAVE_INT64_T 1
| #define HAVE_STDLIB_H 1
| #define HAVE_MALLOC 0
| #define malloc rpl_malloc
| #define HAVE_MEMSET 1
| #define HAVE_MEMCPY 1
| #define HAVE_MALLOC 1
| #define HAVE_FREE 1
| #define HAVE_USLEEP 1
| #define HAVE_FOPEN 1
| #define HAVE_FREAD 1
| #define HAVE_PTHREAD_MUTEX_LOCK 1
| #define HAVE_PTHREAD_MUTEX_UNLOCK 1
| #define HAVE_PTHREAD_MUTEX_INIT 1
| #define HAVE_PTHREAD_MUTEX_DESTROY 1
| #define HAVE_PTHREAD_ATTR_INIT 1
| #define HAVE_PTHREAD_ATTR_SETDETACHSTATE 1
| /* end confdefs.h.  */
| /* Define pthread_create to an innocuous variant, in case <limits.h> declares pthread_create.
|    For example, HP-UX 11i <limits.h> declares gettimeofday.  */
| #define pthread_create innocuous_pthread_create
| 
| /* System header to define __stub macros and hopefully few prototypes,
|     which can conflict with char pthread_create (); below.
|     Prefer <limits.h> to <assert.h> if __STDC__ is defined, since
|     <limits.h> exists even on freestanding compilers.  */
| 
| #ifdef __STDC__
| # include <limits.h>
| #else
| # include <assert.h>
| #endif
| 
| #undef pthread_create
| 
| /* Override any GCC internal prototype to avoid an error.
|    Use char because int might match the return type of a GCC
|    builtin and then its argument prototype would still apply.  */
| #ifdef __cplusplus
| extern "C"
| #endif
| char pthread_create ();
| /* The GNU C library defines this for functions which it implements
|     to always fail with ENOSYS.  Some functions are actually named
|     something starting with __ and the normal name is an alias.  */
| #if defined __stub_pthread_create || defined __stub___pthread_create
| choke me
| #endif
| 
| int
| main ()
| {
| return pthread_create ();
|   ;
|   return 0;
| }
configure:5327: result: no
configure:5339: checking for sem_wait
configure:5339: arm-arago-linux-gnueabi-gcc -o conftest  -std=c99 -O2 -g3 -Wall -Wextra -Wno-unused-parameter -fno-strict-aliasing -fPIC -DZRTP_AUTOMAKE=1   conftest.c  >&5
conftest.c:50:0: warning: "HAVE_MALLOC" redefined
conftest.c:46:0: note: this is the location of the previous definition
/tmp/ccyHtxK8.o: In function `main':
/home/lee/zrtp_bruce/zrtp_rebuild/rebuild/libzrtp/trunk/conftest.c:96: undefined reference to `sem_wait'
collect2: ld returned 1 exit status
configure:5339: $? = 1
configure: failed program was:
| /* confdefs.h */
| #define PACKAGE_NAME "libzrtp"
| #define PACKAGE_TARNAME "libzrtp"
| #define PACKAGE_VERSION "1.2.0"
| #define PACKAGE_STRING "libzrtp 1.2.0"
| #define PACKAGE_BUGREPORT ""
| #define PACKAGE_URL ""
| #define PACKAGE "libzrtp"
| #define VERSION "1.2.0"
| #define STDC_HEADERS 1
| #define HAVE_SYS_TYPES_H 1
| #define HAVE_SYS_STAT_H 1
| #define HAVE_STDLIB_H 1
| #define HAVE_STRING_H 1
| #define HAVE_MEMORY_H 1
| #define HAVE_STRINGS_H 1
| #define HAVE_INTTYPES_H 1
| #define HAVE_STDINT_H 1
| #define HAVE_UNISTD_H 1
| #define HAVE_LINUX_VERSION_H 1
| #define HAVE_ENDIAN_H 1
| #define HAVE_ERRNO_H 1
| #define HAVE_ASM_TYPES_H 1
| #define HAVE_STDLIB_H 1
| #define HAVE_STDINT_H 1
| #define HAVE_STDARG_H 1
| #define HAVE_STRING_H 1
| #define HAVE_STRINGS_H 1
| #define HAVE_STDIO_H 1
| #define HAVE_UNISTD_H 1
| #define HAVE_INTTYPES_H 1
| #define HAVE_SYS_TYPES_H 1
| #define HAVE_PTHREAD_H 1
| #define HAVE_SEMAPHORE_H 1
| #define HAVE_SYS_TIME_H 1
| #define HAVE_FCNTL_H 1
| #define HAVE_INT8_T 1
| #define HAVE_UINT8_T 1
| #define HAVE_INT16_T 1
| #define HAVE_UINT16_T 1
| #define HAVE_INT32_T 1
| #define HAVE_UINT32_T 1
| #define HAVE_UINT64_T 1
| #define HAVE_INT64_T 1
| #define HAVE_STDLIB_H 1
| #define HAVE_MALLOC 0
| #define malloc rpl_malloc
| #define HAVE_MEMSET 1
| #define HAVE_MEMCPY 1
| #define HAVE_MALLOC 1
| #define HAVE_FREE 1
| #define HAVE_USLEEP 1
| #define HAVE_FOPEN 1
| #define HAVE_FREAD 1
| #define HAVE_PTHREAD_MUTEX_LOCK 1
| #define HAVE_PTHREAD_MUTEX_UNLOCK 1
| #define HAVE_PTHREAD_MUTEX_INIT 1
| #define HAVE_PTHREAD_MUTEX_DESTROY 1
| #define HAVE_PTHREAD_ATTR_INIT 1
| #define HAVE_PTHREAD_ATTR_SETDETACHSTATE 1
| /* end confdefs.h.  */
| /* Define sem_wait to an innocuous variant, in case <limits.h> declares sem_wait.
|    For example, HP-UX 11i <limits.h> declares gettimeofday.  */
| #define sem_wait innocuous_sem_wait
| 
| /* System header to define __stub macros and hopefully few prototypes,
|     which can conflict with char sem_wait (); below.
|     Prefer <limits.h> to <assert.h> if __STDC__ is defined, since
|     <limits.h> exists even on freestanding compilers.  */
| 
| #ifdef __STDC__
| # include <limits.h>
| #else
| # include <assert.h>
| #endif
| 
| #undef sem_wait
| 
| /* Override any GCC internal prototype to avoid an error.
|    Use char because int might match the return type of a GCC
|    builtin and then its argument prototype would still apply.  */
| #ifdef __cplusplus
| extern "C"
| #endif
| char sem_wait ();
| /* The GNU C library defines this for functions which it implements
|     to always fail with ENOSYS.  Some functions are actually named
|     something starting with __ and the normal name is an alias.  */
| #if defined __stub_sem_wait || defined __stub___sem_wait
| choke me
| #endif
| 
| int
| main ()
| {
| return sem_wait ();
|   ;
|   return 0;
| }
configure:5339: result: no
configure:5339: checking for sem_trywait
configure:5339: arm-arago-linux-gnueabi-gcc -o conftest  -std=c99 -O2 -g3 -Wall -Wextra -Wno-unused-parameter -fno-strict-aliasing -fPIC -DZRTP_AUTOMAKE=1   conftest.c  >&5
conftest.c:50:0: warning: "HAVE_MALLOC" redefined
conftest.c:46:0: note: this is the location of the previous definition
/tmp/ccUKgXbg.o: In function `main':
/home/lee/zrtp_bruce/zrtp_rebuild/rebuild/libzrtp/trunk/conftest.c:96: undefined reference to `sem_trywait'
collect2: ld returned 1 exit status
configure:5339: $? = 1
configure: failed program was:
| /* confdefs.h */
| #define PACKAGE_NAME "libzrtp"
| #define PACKAGE_TARNAME "libzrtp"
| #define PACKAGE_VERSION "1.2.0"
| #define PACKAGE_STRING "libzrtp 1.2.0"
| #define PACKAGE_BUGREPORT ""
| #define PACKAGE_URL ""
| #define PACKAGE "libzrtp"
| #define VERSION "1.2.0"
| #define STDC_HEADERS 1
| #define HAVE_SYS_TYPES_H 1
| #define HAVE_SYS_STAT_H 1
| #define HAVE_STDLIB_H 1
| #define HAVE_STRING_H 1
| #define HAVE_MEMORY_H 1
| #define HAVE_STRINGS_H 1
| #define HAVE_INTTYPES_H 1
| #define HAVE_STDINT_H 1
| #define HAVE_UNISTD_H 1
| #define HAVE_LINUX_VERSION_H 1
| #define HAVE_ENDIAN_H 1
| #define HAVE_ERRNO_H 1
| #define HAVE_ASM_TYPES_H 1
| #define HAVE_STDLIB_H 1
| #define HAVE_STDINT_H 1
| #define HAVE_STDARG_H 1
| #define HAVE_STRING_H 1
| #define HAVE_STRINGS_H 1
| #define HAVE_STDIO_H 1
| #define HAVE_UNISTD_H 1
| #define HAVE_INTTYPES_H 1
| #define HAVE_SYS_TYPES_H 1
| #define HAVE_PTHREAD_H 1
| #define HAVE_SEMAPHORE_H 1
| #define HAVE_SYS_TIME_H 1
| #define HAVE_FCNTL_H 1
| #define HAVE_INT8_T 1
| #define HAVE_UINT8_T 1
| #define HAVE_INT16_T 1
| #define HAVE_UINT16_T 1
| #define HAVE_INT32_T 1
| #define HAVE_UINT32_T 1
| #define HAVE_UINT64_T 1
| #define HAVE_INT64_T 1
| #define HAVE_STDLIB_H 1
| #define HAVE_MALLOC 0
| #define malloc rpl_malloc
| #define HAVE_MEMSET 1
| #define HAVE_MEMCPY 1
| #define HAVE_MALLOC 1
| #define HAVE_FREE 1
| #define HAVE_USLEEP 1
| #define HAVE_FOPEN 1
| #define HAVE_FREAD 1
| #define HAVE_PTHREAD_MUTEX_LOCK 1
| #define HAVE_PTHREAD_MUTEX_UNLOCK 1
| #define HAVE_PTHREAD_MUTEX_INIT 1
| #define HAVE_PTHREAD_MUTEX_DESTROY 1
| #define HAVE_PTHREAD_ATTR_INIT 1
| #define HAVE_PTHREAD_ATTR_SETDETACHSTATE 1
| /* end confdefs.h.  */
| /* Define sem_trywait to an innocuous variant, in case <limits.h> declares sem_trywait.
|    For example, HP-UX 11i <limits.h> declares gettimeofday.  */
| #define sem_trywait innocuous_sem_trywait
| 
| /* System header to define __stub macros and hopefully few prototypes,
|     which can conflict with char sem_trywait (); below.
|     Prefer <limits.h> to <assert.h> if __STDC__ is defined, since
|     <limits.h> exists even on freestanding compilers.  */
| 
| #ifdef __STDC__
| # include <limits.h>
| #else
| # include <assert.h>
| #endif
| 
| #undef sem_trywait
| 
| /* Override any GCC internal prototype to avoid an error.
|    Use char because int might match the return type of a GCC
|    builtin and then its argument prototype would still apply.  */
| #ifdef __cplusplus
| extern "C"
| #endif
| char sem_trywait ();
| /* The GNU C library defines this for functions which it implements
|     to always fail with ENOSYS.  Some functions are actually named
|     something starting with __ and the normal name is an alias.  */
| #if defined __stub_sem_trywait || defined __stub___sem_trywait
| choke me
| #endif
| 
| int
| main ()
| {
| return sem_trywait ();
|   ;
|   return 0;
| }
configure:5339: result: no
configure:5339: checking for sem_post
configure:5339: arm-arago-linux-gnueabi-gcc -o conftest  -std=c99 -O2 -g3 -Wall -Wextra -Wno-unused-parameter -fno-strict-aliasing -fPIC -DZRTP_AUTOMAKE=1   conftest.c  >&5
conftest.c:50:0: warning: "HAVE_MALLOC" redefined
conftest.c:46:0: note: this is the location of the previous definition
/tmp/ccuXKOKn.o: In function `main':
/home/lee/zrtp_bruce/zrtp_rebuild/rebuild/libzrtp/trunk/conftest.c:96: undefined reference to `sem_post'
collect2: ld returned 1 exit status
configure:5339: $? = 1
configure: failed program was:
| /* confdefs.h */
| #define PACKAGE_NAME "libzrtp"
| #define PACKAGE_TARNAME "libzrtp"
| #define PACKAGE_VERSION "1.2.0"
| #define PACKAGE_STRING "libzrtp 1.2.0"
| #define PACKAGE_BUGREPORT ""
| #define PACKAGE_URL ""
| #define PACKAGE "libzrtp"
| #define VERSION "1.2.0"
| #define STDC_HEADERS 1
| #define HAVE_SYS_TYPES_H 1
| #define HAVE_SYS_STAT_H 1
| #define HAVE_STDLIB_H 1
| #define HAVE_STRING_H 1
| #define HAVE_MEMORY_H 1
| #define HAVE_STRINGS_H 1
| #define HAVE_INTTYPES_H 1
| #define HAVE_STDINT_H 1
| #define HAVE_UNISTD_H 1
| #define HAVE_LINUX_VERSION_H 1
| #define HAVE_ENDIAN_H 1
| #define HAVE_ERRNO_H 1
| #define HAVE_ASM_TYPES_H 1
| #define HAVE_STDLIB_H 1
| #define HAVE_STDINT_H 1
| #define HAVE_STDARG_H 1
| #define HAVE_STRING_H 1
| #define HAVE_STRINGS_H 1
| #define HAVE_STDIO_H 1
| #define HAVE_UNISTD_H 1
| #define HAVE_INTTYPES_H 1
| #define HAVE_SYS_TYPES_H 1
| #define HAVE_PTHREAD_H 1
| #define HAVE_SEMAPHORE_H 1
| #define HAVE_SYS_TIME_H 1
| #define HAVE_FCNTL_H 1
| #define HAVE_INT8_T 1
| #define HAVE_UINT8_T 1
| #define HAVE_INT16_T 1
| #define HAVE_UINT16_T 1
| #define HAVE_INT32_T 1
| #define HAVE_UINT32_T 1
| #define HAVE_UINT64_T 1
| #define HAVE_INT64_T 1
| #define HAVE_STDLIB_H 1
| #define HAVE_MALLOC 0
| #define malloc rpl_malloc
| #define HAVE_MEMSET 1
| #define HAVE_MEMCPY 1
| #define HAVE_MALLOC 1
| #define HAVE_FREE 1
| #define HAVE_USLEEP 1
| #define HAVE_FOPEN 1
| #define HAVE_FREAD 1
| #define HAVE_PTHREAD_MUTEX_LOCK 1
| #define HAVE_PTHREAD_MUTEX_UNLOCK 1
| #define HAVE_PTHREAD_MUTEX_INIT 1
| #define HAVE_PTHREAD_MUTEX_DESTROY 1
| #define HAVE_PTHREAD_ATTR_INIT 1
| #define HAVE_PTHREAD_ATTR_SETDETACHSTATE 1
| /* end confdefs.h.  */
| /* Define sem_post to an innocuous variant, in case <limits.h> declares sem_post.
|    For example, HP-UX 11i <limits.h> declares gettimeofday.  */
| #define sem_post innocuous_sem_post
| 
| /* System header to define __stub macros and hopefully few prototypes,
|     which can conflict with char sem_post (); below.
|     Prefer <limits.h> to <assert.h> if __STDC__ is defined, since
|     <limits.h> exists even on freestanding compilers.  */
| 
| #ifdef __STDC__
| # include <limits.h>
| #else
| # include <assert.h>
| #endif
| 
| #undef sem_post
| 
| /* Override any GCC internal prototype to avoid an error.
|    Use char because int might match the return type of a GCC
|    builtin and then its argument prototype would still apply.  */
| #ifdef __cplusplus
| extern "C"
| #endif
| char sem_post ();
| /* The GNU C library defines this for functions which it implements
|     to always fail with ENOSYS.  Some functions are actually named
|     something starting with __ and the normal name is an alias.  */
| #if defined __stub_sem_post || defined __stub___sem_post
| choke me
| #endif
| 
| int
| main ()
| {
| return sem_post ();
|   ;
|   return 0;
| }
configure:5339: result: no
configure:5339: checking for sem_unlink
configure:5339: arm-arago-linux-gnueabi-gcc -o conftest  -std=c99 -O2 -g3 -Wall -Wextra -Wno-unused-parameter -fno-strict-aliasing -fPIC -DZRTP_AUTOMAKE=1   conftest.c  >&5
conftest.c:50:0: warning: "HAVE_MALLOC" redefined
conftest.c:46:0: note: this is the location of the previous definition
/tmp/cc4hXSZw.o: In function `main':
/home/lee/zrtp_bruce/zrtp_rebuild/rebuild/libzrtp/trunk/conftest.c:96: undefined reference to `sem_unlink'
collect2: ld returned 1 exit status
configure:5339: $? = 1
configure: failed program was:
| /* confdefs.h */
| #define PACKAGE_NAME "libzrtp"
| #define PACKAGE_TARNAME "libzrtp"
| #define PACKAGE_VERSION "1.2.0"
| #define PACKAGE_STRING "libzrtp 1.2.0"
| #define PACKAGE_BUGREPORT ""
| #define PACKAGE_URL ""
| #define PACKAGE "libzrtp"
| #define VERSION "1.2.0"
| #define STDC_HEADERS 1
| #define HAVE_SYS_TYPES_H 1
| #define HAVE_SYS_STAT_H 1
| #define HAVE_STDLIB_H 1
| #define HAVE_STRING_H 1
| #define HAVE_MEMORY_H 1
| #define HAVE_STRINGS_H 1
| #define HAVE_INTTYPES_H 1
| #define HAVE_STDINT_H 1
| #define HAVE_UNISTD_H 1
| #define HAVE_LINUX_VERSION_H 1
| #define HAVE_ENDIAN_H 1
| #define HAVE_ERRNO_H 1
| #define HAVE_ASM_TYPES_H 1
| #define HAVE_STDLIB_H 1
| #define HAVE_STDINT_H 1
| #define HAVE_STDARG_H 1
| #define HAVE_STRING_H 1
| #define HAVE_STRINGS_H 1
| #define HAVE_STDIO_H 1
| #define HAVE_UNISTD_H 1
| #define HAVE_INTTYPES_H 1
| #define HAVE_SYS_TYPES_H 1
| #define HAVE_PTHREAD_H 1
| #define HAVE_SEMAPHORE_H 1
| #define HAVE_SYS_TIME_H 1
| #define HAVE_FCNTL_H 1
| #define HAVE_INT8_T 1
| #define HAVE_UINT8_T 1
| #define HAVE_INT16_T 1
| #define HAVE_UINT16_T 1
| #define HAVE_INT32_T 1
| #define HAVE_UINT32_T 1
| #define HAVE_UINT64_T 1
| #define HAVE_INT64_T 1
| #define HAVE_STDLIB_H 1
| #define HAVE_MALLOC 0
| #define malloc rpl_malloc
| #define HAVE_MEMSET 1
| #define HAVE_MEMCPY 1
| #define HAVE_MALLOC 1
| #define HAVE_FREE 1
| #define HAVE_USLEEP 1
| #define HAVE_FOPEN 1
| #define HAVE_FREAD 1
| #define HAVE_PTHREAD_MUTEX_LOCK 1
| #define HAVE_PTHREAD_MUTEX_UNLOCK 1
| #define HAVE_PTHREAD_MUTEX_INIT 1
| #define HAVE_PTHREAD_MUTEX_DESTROY 1
| #define HAVE_PTHREAD_ATTR_INIT 1
| #define HAVE_PTHREAD_ATTR_SETDETACHSTATE 1
| /* end confdefs.h.  */
| /* Define sem_unlink to an innocuous variant, in case <limits.h> declares sem_unlink.
|    For example, HP-UX 11i <limits.h> declares gettimeofday.  */
| #define sem_unlink innocuous_sem_unlink
| 
| /* System header to define __stub macros and hopefully few prototypes,
|     which can conflict with char sem_unlink (); below.
|     Prefer <limits.h> to <assert.h> if __STDC__ is defined, since
|     <limits.h> exists even on freestanding compilers.  */
| 
| #ifdef __STDC__
| # include <limits.h>
| #else
| # include <assert.h>
| #endif
| 
| #undef sem_unlink
| 
| /* Override any GCC internal prototype to avoid an error.
|    Use char because int might match the return type of a GCC
|    builtin and then its argument prototype would still apply.  */
| #ifdef __cplusplus
| extern "C"
| #endif
| char sem_unlink ();
| /* The GNU C library defines this for functions which it implements
|     to always fail with ENOSYS.  Some functions are actually named
|     something starting with __ and the normal name is an alias.  */
| #if defined __stub_sem_unlink || defined __stub___sem_unlink
| choke me
| #endif
| 
| int
| main ()
| {
| return sem_unlink ();
|   ;
|   return 0;
| }
configure:5339: result: no
configure:5339: checking for sem_destroy
configure:5339: arm-arago-linux-gnueabi-gcc -o conftest  -std=c99 -O2 -g3 -Wall -Wextra -Wno-unused-parameter -fno-strict-aliasing -fPIC -DZRTP_AUTOMAKE=1   conftest.c  >&5
conftest.c:50:0: warning: "HAVE_MALLOC" redefined
conftest.c:46:0: note: this is the location of the previous definition
/tmp/ccWjFmoG.o: In function `main':
/home/lee/zrtp_bruce/zrtp_rebuild/rebuild/libzrtp/trunk/conftest.c:96: undefined reference to `sem_destroy'
collect2: ld returned 1 exit status
configure:5339: $? = 1
configure: failed program was:
| /* confdefs.h */
| #define PACKAGE_NAME "libzrtp"
| #define PACKAGE_TARNAME "libzrtp"
| #define PACKAGE_VERSION "1.2.0"
| #define PACKAGE_STRING "libzrtp 1.2.0"
| #define PACKAGE_BUGREPORT ""
| #define PACKAGE_URL ""
| #define PACKAGE "libzrtp"
| #define VERSION "1.2.0"
| #define STDC_HEADERS 1
| #define HAVE_SYS_TYPES_H 1
| #define HAVE_SYS_STAT_H 1
| #define HAVE_STDLIB_H 1
| #define HAVE_STRING_H 1
| #define HAVE_MEMORY_H 1
| #define HAVE_STRINGS_H 1
| #define HAVE_INTTYPES_H 1
| #define HAVE_STDINT_H 1
| #define HAVE_UNISTD_H 1
| #define HAVE_LINUX_VERSION_H 1
| #define HAVE_ENDIAN_H 1
| #define HAVE_ERRNO_H 1
| #define HAVE_ASM_TYPES_H 1
| #define HAVE_STDLIB_H 1
| #define HAVE_STDINT_H 1
| #define HAVE_STDARG_H 1
| #define HAVE_STRING_H 1
| #define HAVE_STRINGS_H 1
| #define HAVE_STDIO_H 1
| #define HAVE_UNISTD_H 1
| #define HAVE_INTTYPES_H 1
| #define HAVE_SYS_TYPES_H 1
| #define HAVE_PTHREAD_H 1
| #define HAVE_SEMAPHORE_H 1
| #define HAVE_SYS_TIME_H 1
| #define HAVE_FCNTL_H 1
| #define HAVE_INT8_T 1
| #define HAVE_UINT8_T 1
| #define HAVE_INT16_T 1
| #define HAVE_UINT16_T 1
| #define HAVE_INT32_T 1
| #define HAVE_UINT32_T 1
| #define HAVE_UINT64_T 1
| #define HAVE_INT64_T 1
| #define HAVE_STDLIB_H 1
| #define HAVE_MALLOC 0
| #define malloc rpl_malloc
| #define HAVE_MEMSET 1
| #define HAVE_MEMCPY 1
| #define HAVE_MALLOC 1
| #define HAVE_FREE 1
| #define HAVE_USLEEP 1
| #define HAVE_FOPEN 1
| #define HAVE_FREAD 1
| #define HAVE_PTHREAD_MUTEX_LOCK 1
| #define HAVE_PTHREAD_MUTEX_UNLOCK 1
| #define HAVE_PTHREAD_MUTEX_INIT 1
| #define HAVE_PTHREAD_MUTEX_DESTROY 1
| #define HAVE_PTHREAD_ATTR_INIT 1
| #define HAVE_PTHREAD_ATTR_SETDETACHSTATE 1
| /* end confdefs.h.  */
| /* Define sem_destroy to an innocuous variant, in case <limits.h> declares sem_destroy.
|    For example, HP-UX 11i <limits.h> declares gettimeofday.  */
| #define sem_destroy innocuous_sem_destroy
| 
| /* System header to define __stub macros and hopefully few prototypes,
|     which can conflict with char sem_destroy (); below.
|     Prefer <limits.h> to <assert.h> if __STDC__ is defined, since
|     <limits.h> exists even on freestanding compilers.  */
| 
| #ifdef __STDC__
| # include <limits.h>
| #else
| # include <assert.h>
| #endif
| 
| #undef sem_destroy
| 
| /* Override any GCC internal prototype to avoid an error.
|    Use char because int might match the return type of a GCC
|    builtin and then its argument prototype would still apply.  */
| #ifdef __cplusplus
| extern "C"
| #endif
| char sem_destroy ();
| /* The GNU C library defines this for functions which it implements
|     to always fail with ENOSYS.  Some functions are actually named
|     something starting with __ and the normal name is an alias.  */
| #if defined __stub_sem_destroy || defined __stub___sem_destroy
| choke me
| #endif
| 
| int
| main ()
| {
| return sem_destroy ();
|   ;
|   return 0;
| }
configure:5339: result: no
configure:5339: checking for sem_open
configure:5339: arm-arago-linux-gnueabi-gcc -o conftest  -std=c99 -O2 -g3 -Wall -Wextra -Wno-unused-parameter -fno-strict-aliasing -fPIC -DZRTP_AUTOMAKE=1   conftest.c  >&5
conftest.c:50:0: warning: "HAVE_MALLOC" redefined
conftest.c:46:0: note: this is the location of the previous definition
/tmp/ccIMK64P.o: In function `main':
/home/lee/zrtp_bruce/zrtp_rebuild/rebuild/libzrtp/trunk/conftest.c:96: undefined reference to `sem_open'
collect2: ld returned 1 exit status
configure:5339: $? = 1
configure: failed program was:
| /* confdefs.h */
| #define PACKAGE_NAME "libzrtp"
| #define PACKAGE_TARNAME "libzrtp"
| #define PACKAGE_VERSION "1.2.0"
| #define PACKAGE_STRING "libzrtp 1.2.0"
| #define PACKAGE_BUGREPORT ""
| #define PACKAGE_URL ""
| #define PACKAGE "libzrtp"
| #define VERSION "1.2.0"
| #define STDC_HEADERS 1
| #define HAVE_SYS_TYPES_H 1
| #define HAVE_SYS_STAT_H 1
| #define HAVE_STDLIB_H 1
| #define HAVE_STRING_H 1
| #define HAVE_MEMORY_H 1
| #define HAVE_STRINGS_H 1
| #define HAVE_INTTYPES_H 1
| #define HAVE_STDINT_H 1
| #define HAVE_UNISTD_H 1
| #define HAVE_LINUX_VERSION_H 1
| #define HAVE_ENDIAN_H 1
| #define HAVE_ERRNO_H 1
| #define HAVE_ASM_TYPES_H 1
| #define HAVE_STDLIB_H 1
| #define HAVE_STDINT_H 1
| #define HAVE_STDARG_H 1
| #define HAVE_STRING_H 1
| #define HAVE_STRINGS_H 1
| #define HAVE_STDIO_H 1
| #define HAVE_UNISTD_H 1
| #define HAVE_INTTYPES_H 1
| #define HAVE_SYS_TYPES_H 1
| #define HAVE_PTHREAD_H 1
| #define HAVE_SEMAPHORE_H 1
| #define HAVE_SYS_TIME_H 1
| #define HAVE_FCNTL_H 1
| #define HAVE_INT8_T 1
| #define HAVE_UINT8_T 1
| #define HAVE_INT16_T 1
| #define HAVE_UINT16_T 1
| #define HAVE_INT32_T 1
| #define HAVE_UINT32_T 1
| #define HAVE_UINT64_T 1
| #define HAVE_INT64_T 1
| #define HAVE_STDLIB_H 1
| #define HAVE_MALLOC 0
| #define malloc rpl_malloc
| #define HAVE_MEMSET 1
| #define HAVE_MEMCPY 1
| #define HAVE_MALLOC 1
| #define HAVE_FREE 1
| #define HAVE_USLEEP 1
| #define HAVE_FOPEN 1
| #define HAVE_FREAD 1
| #define HAVE_PTHREAD_MUTEX_LOCK 1
| #define HAVE_PTHREAD_MUTEX_UNLOCK 1
| #define HAVE_PTHREAD_MUTEX_INIT 1
| #define HAVE_PTHREAD_MUTEX_DESTROY 1
| #define HAVE_PTHREAD_ATTR_INIT 1
| #define HAVE_PTHREAD_ATTR_SETDETACHSTATE 1
| /* end confdefs.h.  */
| /* Define sem_open to an innocuous variant, in case <limits.h> declares sem_open.
|    For example, HP-UX 11i <limits.h> declares gettimeofday.  */
| #define sem_open innocuous_sem_open
| 
| /* System header to define __stub macros and hopefully few prototypes,
|     which can conflict with char sem_open (); below.
|     Prefer <limits.h> to <assert.h> if __STDC__ is defined, since
|     <limits.h> exists even on freestanding compilers.  */
| 
| #ifdef __STDC__
| # include <limits.h>
| #else
| # include <assert.h>
| #endif
| 
| #undef sem_open
| 
| /* Override any GCC internal prototype to avoid an error.
|    Use char because int might match the return type of a GCC
|    builtin and then its argument prototype would still apply.  */
| #ifdef __cplusplus
| extern "C"
| #endif
| char sem_open ();
| /* The GNU C library defines this for functions which it implements
|     to always fail with ENOSYS.  Some functions are actually named
|     something starting with __ and the normal name is an alias.  */
| #if defined __stub_sem_open || defined __stub___sem_open
| choke me
| #endif
| 
| int
| main ()
| {
| return sem_open ();
|   ;
|   return 0;
| }
configure:5339: result: no
configure:5339: checking for sem_init
configure:5339: arm-arago-linux-gnueabi-gcc -o conftest  -std=c99 -O2 -g3 -Wall -Wextra -Wno-unused-parameter -fno-strict-aliasing -fPIC -DZRTP_AUTOMAKE=1   conftest.c  >&5
conftest.c:50:0: warning: "HAVE_MALLOC" redefined
conftest.c:46:0: note: this is the location of the previous definition
/tmp/ccG1JuzZ.o: In function `main':
/home/lee/zrtp_bruce/zrtp_rebuild/rebuild/libzrtp/trunk/conftest.c:96: undefined reference to `sem_init'
collect2: ld returned 1 exit status
configure:5339: $? = 1
configure: failed program was:
| /* confdefs.h */
| #define PACKAGE_NAME "libzrtp"
| #define PACKAGE_TARNAME "libzrtp"
| #define PACKAGE_VERSION "1.2.0"
| #define PACKAGE_STRING "libzrtp 1.2.0"
| #define PACKAGE_BUGREPORT ""
| #define PACKAGE_URL ""
| #define PACKAGE "libzrtp"
| #define VERSION "1.2.0"
| #define STDC_HEADERS 1
| #define HAVE_SYS_TYPES_H 1
| #define HAVE_SYS_STAT_H 1
| #define HAVE_STDLIB_H 1
| #define HAVE_STRING_H 1
| #define HAVE_MEMORY_H 1
| #define HAVE_STRINGS_H 1
| #define HAVE_INTTYPES_H 1
| #define HAVE_STDINT_H 1
| #define HAVE_UNISTD_H 1
| #define HAVE_LINUX_VERSION_H 1
| #define HAVE_ENDIAN_H 1
| #define HAVE_ERRNO_H 1
| #define HAVE_ASM_TYPES_H 1
| #define HAVE_STDLIB_H 1
| #define HAVE_STDINT_H 1
| #define HAVE_STDARG_H 1
| #define HAVE_STRING_H 1
| #define HAVE_STRINGS_H 1
| #define HAVE_STDIO_H 1
| #define HAVE_UNISTD_H 1
| #define HAVE_INTTYPES_H 1
| #define HAVE_SYS_TYPES_H 1
| #define HAVE_PTHREAD_H 1
| #define HAVE_SEMAPHORE_H 1
| #define HAVE_SYS_TIME_H 1
| #define HAVE_FCNTL_H 1
| #define HAVE_INT8_T 1
| #define HAVE_UINT8_T 1
| #define HAVE_INT16_T 1
| #define HAVE_UINT16_T 1
| #define HAVE_INT32_T 1
| #define HAVE_UINT32_T 1
| #define HAVE_UINT64_T 1
| #define HAVE_INT64_T 1
| #define HAVE_STDLIB_H 1
| #define HAVE_MALLOC 0
| #define malloc rpl_malloc
| #define HAVE_MEMSET 1
| #define HAVE_MEMCPY 1
| #define HAVE_MALLOC 1
| #define HAVE_FREE 1
| #define HAVE_USLEEP 1
| #define HAVE_FOPEN 1
| #define HAVE_FREAD 1
| #define HAVE_PTHREAD_MUTEX_LOCK 1
| #define HAVE_PTHREAD_MUTEX_UNLOCK 1
| #define HAVE_PTHREAD_MUTEX_INIT 1
| #define HAVE_PTHREAD_MUTEX_DESTROY 1
| #define HAVE_PTHREAD_ATTR_INIT 1
| #define HAVE_PTHREAD_ATTR_SETDETACHSTATE 1
| /* end confdefs.h.  */
| /* Define sem_init to an innocuous variant, in case <limits.h> declares sem_init.
|    For example, HP-UX 11i <limits.h> declares gettimeofday.  */
| #define sem_init innocuous_sem_init
| 
| /* System header to define __stub macros and hopefully few prototypes,
|     which can conflict with char sem_init (); below.
|     Prefer <limits.h> to <assert.h> if __STDC__ is defined, since
|     <limits.h> exists even on freestanding compilers.  */
| 
| #ifdef __STDC__
| # include <limits.h>
| #else
| # include <assert.h>
| #endif
| 
| #undef sem_init
| 
| /* Override any GCC internal prototype to avoid an error.
|    Use char because int might match the return type of a GCC
|    builtin and then its argument prototype would still apply.  */
| #ifdef __cplusplus
| extern "C"
| #endif
| char sem_init ();
| /* The GNU C library defines this for functions which it implements
|     to always fail with ENOSYS.  Some functions are actually named
|     something starting with __ and the normal name is an alias.  */
| #if defined __stub_sem_init || defined __stub___sem_init
| choke me
| #endif
| 
| int
| main ()
| {
| return sem_init ();
|   ;
|   return 0;
| }
configure:5339: result: no
configure:5349: checking for main in -lpthread
configure:5368: arm-arago-linux-gnueabi-gcc -o conftest  -std=c99 -O2 -g3 -Wall -Wextra -Wno-unused-parameter -fno-strict-aliasing -fPIC -DZRTP_AUTOMAKE=1   conftest.c -lpthread   >&5
conftest.c:50:0: warning: "HAVE_MALLOC" redefined
conftest.c:46:0: note: this is the location of the previous definition
configure:5368: $? = 0
configure:5377: result: yes
configure:5496: checking for doxygen
configure:5526: result: no
configure:5535: WARNING: Doxygen not found - continuing without Doxygen support
configure:5663: checking that generated files are newer than configure
configure:5669: result: done
configure:5708: creating ./config.status

## ---------------------- ##
## Running config.status. ##
## ---------------------- ##

This file was extended by libzrtp config.status 1.2.0, which was
generated by GNU Autoconf 2.69.  Invocation command line was

  CONFIG_FILES    = 
  CONFIG_HEADERS  = 
  CONFIG_LINKS    = 
  CONFIG_COMMANDS = 
  $ ./config.status 

on sdt-SMBIOS

config.status:924: creating Makefile
config.status:924: creating config/config.h
config.status:1105: config/config.h is unchanged
config.status:1153: executing include/zrtp_config_unix.h commands
config.status:1191: creating include/zrtp_config_unix.h - prefix ZRTP for config/config.h defines
config.status:1213: include/zrtp_config_unix.h is unchanged
config.status:1153: executing depfiles commands
configure:7113: WARNING: unrecognized options: --enable-test

## ---------------- ##
## Cache variables. ##
## ---------------- ##

ac_cv_build=i686-pc-linux-gnu
ac_cv_c_compiler_gnu=yes
ac_cv_c_const=yes
ac_cv_cxx_compiler_gnu=yes
ac_cv_env_CCC_set=
ac_cv_env_CCC_value=
ac_cv_env_CC_set=set
ac_cv_env_CC_value=arm-arago-linux-gnueabi-gcc
ac_cv_env_CFLAGS_set=
ac_cv_env_CFLAGS_value=
ac_cv_env_CPPFLAGS_set=
ac_cv_env_CPPFLAGS_value=
ac_cv_env_CPP_set=
ac_cv_env_CPP_value=
ac_cv_env_CXXFLAGS_set=
ac_cv_env_CXXFLAGS_value=
ac_cv_env_CXX_set=set
ac_cv_env_CXX_value=arm-arago-linux-gnueabi-g++
ac_cv_env_LDFLAGS_set=
ac_cv_env_LDFLAGS_value=
ac_cv_env_LIBS_set=
ac_cv_env_LIBS_value=
ac_cv_env_build_alias_set=set
ac_cv_env_build_alias_value=i686-pc-linux-gnu
ac_cv_env_host_alias_set=set
ac_cv_env_host_alias_value=arm-linux
ac_cv_env_target_alias_set=
ac_cv_env_target_alias_value=
ac_cv_func_fopen=yes
ac_cv_func_fread=yes
ac_cv_func_free=yes
ac_cv_func_malloc=yes
ac_cv_func_malloc_0_nonnull=no
ac_cv_func_memcpy=yes
ac_cv_func_memset=yes
ac_cv_func_pthread_attr_init=yes
ac_cv_func_pthread_attr_setdetachstate=yes
ac_cv_func_pthread_create=no
ac_cv_func_pthread_mutex_destroy=yes
ac_cv_func_pthread_mutex_init=yes
ac_cv_func_pthread_mutex_lock=yes
ac_cv_func_pthread_mutex_unlock=yes
ac_cv_func_sem_destroy=no
ac_cv_func_sem_init=no
ac_cv_func_sem_open=no
ac_cv_func_sem_post=no
ac_cv_func_sem_trywait=no
ac_cv_func_sem_unlink=no
ac_cv_func_sem_wait=no
ac_cv_func_usleep=yes
ac_cv_header_asm_types_h=yes
ac_cv_header_endian_h=yes
ac_cv_header_errno_h=yes
ac_cv_header_fcntl_h=yes
ac_cv_header_inttypes_h=yes
ac_cv_header_linux_version_h=yes
ac_cv_header_machine_types_h=no
ac_cv_header_memory_h=yes
ac_cv_header_pthread_h=yes
ac_cv_header_semaphore_h=yes
ac_cv_header_stdarg_h=yes
ac_cv_header_stdc=yes
ac_cv_header_stdint_h=yes
ac_cv_header_stdio_h=yes
ac_cv_header_stdlib_h=yes
ac_cv_header_string_h=yes
ac_cv_header_strings_h=yes
ac_cv_header_sys_inttypes_h=no
ac_cv_header_sys_stat_h=yes
ac_cv_header_sys_time_h=yes
ac_cv_header_sys_types_h=yes
ac_cv_header_unistd_h=yes
ac_cv_host=arm-unknown-linux-gnu
ac_cv_lib_pthread_main=yes
ac_cv_objext=o
ac_cv_path_EGREP='/bin/grep -E'
ac_cv_path_GREP=/bin/grep
ac_cv_path_install='/usr/bin/install -c'
ac_cv_path_mkdir=/bin/mkdir
ac_cv_prog_AWK=gawk
ac_cv_prog_CC=arm-arago-linux-gnueabi-gcc
ac_cv_prog_CPP='arm-arago-linux-gnueabi-gcc -E'
ac_cv_prog_ac_ct_RANLIB=ranlib
ac_cv_prog_ac_ct_STRIP=strip
ac_cv_prog_cc_c89=
ac_cv_prog_cc_g=yes
ac_cv_prog_cxx_g=yes
ac_cv_prog_make_make_set=yes
ac_cv_target=arm-unknown-linux-gnu
ac_cv_type_int16_t=yes
ac_cv_type_int32_t=yes
ac_cv_type_int64_t=yes
ac_cv_type_int8_t=yes
ac_cv_type_uint16_t=yes
ac_cv_type_uint32_t=yes
ac_cv_type_uint64_t=yes
ac_cv_type_uint8_t=yes
am_cv_CC_dependencies_compiler_type=gcc3
am_cv_CXX_dependencies_compiler_type=gcc3
am_cv_make_support_nested_variables=yes
am_cv_prog_cc_c_o=yes

## ----------------- ##
## Output variables. ##
## ----------------- ##

ACLOCAL='${SHELL} /home/lee/zrtp_bruce/zrtp_rebuild/rebuild/libzrtp/trunk/config/missing aclocal-1.15'
AMDEPBACKSLASH='\'
AMDEP_FALSE='#'
AMDEP_TRUE=''
AMTAR='$${TAR-tar}'
AM_BACKSLASH='\'
AM_DEFAULT_V='$(AM_DEFAULT_VERBOSITY)'
AM_DEFAULT_VERBOSITY='1'
AM_V='$(V)'
AUTOCONF='${SHELL} /home/lee/zrtp_bruce/zrtp_rebuild/rebuild/libzrtp/trunk/config/missing autoconf'
AUTOHEADER='${SHELL} /home/lee/zrtp_bruce/zrtp_rebuild/rebuild/libzrtp/trunk/config/missing autoheader'
AUTOMAKE='${SHELL} /home/lee/zrtp_bruce/zrtp_rebuild/rebuild/libzrtp/trunk/config/missing automake-1.15'
AWK='gawk'
CC='arm-arago-linux-gnueabi-gcc'
CCDEPMODE='depmode=gcc3'
CFLAGS=' -std=c99 -O2 -g3 -Wall -Wextra -Wno-unused-parameter -fno-strict-aliasing -fPIC -DZRTP_AUTOMAKE=1'
CPP='arm-arago-linux-gnueabi-gcc -E'
CPPFLAGS=''
CXX='arm-arago-linux-gnueabi-g++'
CXXDEPMODE='depmode=gcc3'
CXXFLAGS='-g -O2'
CYGPATH_W='echo'
DEFS='-DHAVE_CONFIG_H'
DEPDIR='.deps'
DOXYGEN=''
ECHO_C=''
ECHO_N='-n'
ECHO_T=''
EGREP='/bin/grep -E'
EXEEXT=''
GREP='/bin/grep'
HAVE_DOXYGEN_FALSE=''
HAVE_DOXYGEN_TRUE='#'
INSTALL_DATA='${INSTALL} -m 644'
INSTALL_PROGRAM='${INSTALL}'
INSTALL_SCRIPT='${INSTALL}'
INSTALL_STRIP_PROGRAM='$(install_sh) -c -s'
LDFLAGS=''
LIBOBJS=' ${LIBOBJDIR}malloc$U.o'
LIBS='-lpthread '
LTLIBOBJS=' ${LIBOBJDIR}malloc$U.lo'
MAKEINFO='${SHELL} /home/lee/zrtp_bruce/zrtp_rebuild/rebuild/libzrtp/trunk/config/missing makeinfo'
MKDIR_P='/bin/mkdir -p'
OBJEXT='o'
PACKAGE='libzrtp'
PACKAGE_BUGREPORT=''
PACKAGE_NAME='libzrtp'
PACKAGE_STRING='libzrtp 1.2.0'
PACKAGE_TARNAME='libzrtp'
PACKAGE_URL=''
PACKAGE_VERSION='1.2.0'
PATH_SEPARATOR=':'
RANLIB='ranlib'
SET_MAKE=''
SHELL='/bin/sh'
STRIP='strip'
VERSION='1.2.0'
ZRTP_WITH_SQLITE_FALSE=''
ZRTP_WITH_SQLITE_TRUE='#'
ac_ct_CC=''
ac_ct_CXX=''
am__EXEEXT_FALSE=''
am__EXEEXT_TRUE='#'
am__fastdepCC_FALSE='#'
am__fastdepCC_TRUE=''
am__fastdepCXX_FALSE='#'
am__fastdepCXX_TRUE=''
am__include='include'
am__isrc=''
am__leading_dot='.'
am__nodep='_no'
am__quote=''
am__tar='$${TAR-tar} chof - "$$tardir"'
am__untar='$${TAR-tar} xf -'
bindir='${exec_prefix}/bin'
build='i686-pc-linux-gnu'
build_alias='i686-pc-linux-gnu'
build_cpu='i686'
build_os='linux-gnu'
build_vendor='pc'
datadir='${datarootdir}'
datarootdir='${prefix}/share'
docdir='${datarootdir}/doc/${PACKAGE_TARNAME}'
dvidir='${docdir}'
exec_prefix='${prefix}'
host='arm-unknown-linux-gnu'
host_alias='arm-linux'
host_cpu='arm'
host_os='linux-gnu'
host_vendor='unknown'
htmldir='${docdir}'
includedir='${prefix}/include'
infodir='${datarootdir}/info'
install_sh='${SHELL} /home/lee/zrtp_bruce/zrtp_rebuild/rebuild/libzrtp/trunk/config/install-sh'
libdir='${exec_prefix}/lib'
libexecdir='${exec_prefix}/libexec'
localedir='${datarootdir}/locale'
localstatedir='${prefix}/var'
mandir='${datarootdir}/man'
mkdir_p='$(MKDIR_P)'
oldincludedir='/usr/include'
pdfdir='${docdir}'
prefix='/usr/local'
program_transform_name='s,x,x,'
psdir='${docdir}'
runstatedir='${localstatedir}/run'
sbindir='${exec_prefix}/sbin'
sharedstatedir='${prefix}/com'
sysconfdir='${prefix}/etc'
target='arm-unknown-linux-gnu'
target_alias=''
target_cpu='arm'
target_os='linux-gnu'
target_vendor='unknown'

## ----------- ##
## confdefs.h. ##
## ----------- ##

/* confdefs.h */
#define PACKAGE_NAME "libzrtp"
#define PACKAGE_TARNAME "libzrtp"
#define PACKAGE_VERSION "1.2.0"
#define PACKAGE_STRING "libzrtp 1.2.0"
#define PACKAGE_BUGREPORT ""
#define PACKAGE_URL ""
#define PACKAGE "libzrtp"
#define VERSION "1.2.0"
#define STDC_HEADERS 1
#define HAVE_SYS_TYPES_H 1
#define HAVE_SYS_STAT_H 1
#define HAVE_STDLIB_H 1
#define HAVE_STRING_H 1
#define HAVE_MEMORY_H 1
#define HAVE_STRINGS_H 1
#define HAVE_INTTYPES_H 1
#define HAVE_STDINT_H 1
#define HAVE_UNISTD_H 1
#define HAVE_LINUX_VERSION_H 1
#define HAVE_ENDIAN_H 1
#define HAVE_ERRNO_H 1
#define HAVE_ASM_TYPES_H 1
#define HAVE_STDLIB_H 1
#define HAVE_STDINT_H 1
#define HAVE_STDARG_H 1
#define HAVE_STRING_H 1
#define HAVE_STRINGS_H 1
#define HAVE_STDIO_H 1
#define HAVE_UNISTD_H 1
#define HAVE_INTTYPES_H 1
#define HAVE_SYS_TYPES_H 1
#define HAVE_PTHREAD_H 1
#define HAVE_SEMAPHORE_H 1
#define HAVE_SYS_TIME_H 1
#define HAVE_FCNTL_H 1
#define HAVE_INT8_T 1
#define HAVE_UINT8_T 1
#define HAVE_INT16_T 1
#define HAVE_UINT16_T 1
#define HAVE_INT32_T 1
#define HAVE_UINT32_T 1
#define HAVE_UINT64_T 1
#define HAVE_INT64_T 1
#define HAVE_STDLIB_H 1
#define HAVE_MALLOC 0
#define malloc rpl_malloc
#define HAVE_MEMSET 1
#define HAVE_MEMCPY 1
#define HAVE_MALLOC 1
#define HAVE_FREE 1
#define HAVE_USLEEP 1
#define HAVE_FOPEN 1
#define HAVE_FREAD 1
#define HAVE_PTHREAD_MUTEX_LOCK 1
#define HAVE_PTHREAD_MUTEX_UNLOCK 1
#define HAVE_PTHREAD_MUTEX_INIT 1
#define HAVE_PTHREAD_MUTEX_DESTROY 1
#define HAVE_PTHREAD_ATTR_INIT 1
#define HAVE_PTHREAD_ATTR_SETDETACHSTATE 1
#define PRAGMA_PACK_PUSH #pragma pack(push, 1)
#define PRAGMA_PACK_POP #pragma pack(pop)
#define INLINE static inline

configure: exit 0
