This file contains any messages produced by compilers while
running configure, to aid debugging if configure makes a mistake.

It was created by configure, which was
generated by GNU Autoconf 2.63.  Invocation command line was

  $ ./configure --disable-option-checking --prefix=/usr/local CXX=arm-arago-linux-gnueabi-g++ CC=arm-arago-linux-gnueabi-gcc --build=i686-pc-linux-gnu --host=arm-linux --target=arm-linux --disable-sdl OPENSSL_CFLAGS=-I/usr/local/ssl/include LDFLAGS=-L/usr/local/ssl/lib OPENSSL_LIBS=-lssl -lcrypto build_alias=i686-pc-linux-gnu host_alias=arm-linux target_alias=arm-linux --cache-file=/dev/null --srcdir=.

## --------- ##
## Platform. ##
## --------- ##

hostname = sdt-SMBIOS
uname -m = x86_64
uname -r = 3.16.0-30-generic
uname -s = Linux
uname -v = #40~14.04.1-Ubuntu SMP Thu Jan 15 17:43:14 UTC 2015

/usr/bin/uname -p = unknown
/bin/uname -X     = unknown

/bin/arch              = unknown
/usr/bin/arch -k       = unknown
/usr/convex/getsysinfo = unknown
/usr/bin/hostinfo      = unknown
/bin/machine           = unknown
/usr/bin/oslevel       = unknown
/bin/universe          = unknown

PATH: /root/anaconda2/bin
PATH: /usr/local/sbin
PATH: /usr/local/bin
PATH: /usr/sbin
PATH: /usr/bin
PATH: /sbin
PATH: /bin
PATH: /usr/games
PATH: /usr/local/games
PATH: /usr/local/dvrrdk/DVRRDK_04.00.00.03/ti_tools/cgt_a8/arago/linux-devkit/bin
PATH: /usr/local/ffmpeg/bin
PATH: /usr/local/ssl_x86_64/bin
PATH: /usr/local/valgrind/bin
PATH: /root/CodeSourcery/Sourcery_G++_Lite/bin
PATH: /usr/local/dvrrdk/DVRRDK_04.00.00.03/ti_tools/cgt_a8/arago/linux-devkit/bin
PATH: /usr/local/dvrrdk/DVRRDK_04.00.00.03/ti_tools/cgt_a8/arago/linux-devkit/bin
PATH: /usr/local/ffmpeg/bin
PATH: /usr/local/ssl_x86_64/bin
PATH: /usr/local/valgrind/bin


## ----------- ##
## Core tests. ##
## ----------- ##

configure:1951: checking for C++ compiler version
configure:1959: arm-arago-linux-gnueabi-g++ --version >&5
arm-arago-linux-gnueabi-g++ (GCC) 4.5.3 20110311 (prerelease)
Copyright (C) 2010 Free Software Foundation, Inc.
This is free software; see the source for copying conditions.  There is NO
warranty; not even for MERCHANTABILITY or FITNESS FOR A PARTICULAR PURPOSE.

configure:1963: $? = 0
configure:1970: arm-arago-linux-gnueabi-g++ -v >&5
Using built-in specs.
COLLECT_GCC=arm-arago-linux-gnueabi-g++
Target: arm-arago-linux-gnueabi
Configured with: /sim/scratch_a0850442/arago-tmp-arago/work/i686-armv7a-sdk-arago-linux-gnueabi/gcc-cross-sdk-4.5-r41.2+svnr170880/gcc-4_5-branch/configure --build=i686-linux --host=i686-linux --target=arm-arago-linux-gnueabi --prefix=/arago-2011.09/armv7a --exec_prefix=/arago-2011.09/armv7a --bindir=/arago-2011.09/armv7a/bin --sbindir=/arago-2011.09/armv7a/bin --libexecdir=/arago-2011.09/armv7a/libexec --datadir=/arago-2011.09/armv7a/share --sysconfdir=/arago-2011.09/armv7a/etc --sharedstatedir=/arago-2011.09/armv7a/share/com --localstatedir=/arago-2011.09/armv7a/var --libdir=/arago-2011.09/armv7a/lib --includedir=/arago-2011.09/armv7a/include --oldincludedir=/arago-2011.09/armv7a/include --infodir=/arago-2011.09/armv7a/share/info --mandir=/arago-2011.09/armv7a/share/man --enable-largefile --disable-nls --enable-ipv6 --with-gnu-ld --enable-shared --enable-languages=c,c++,objc,fortran --enable-threads=posix --disable-multilib --enable-c99 --enable-long-long --enable-symvers=gnu --enable-libstdcxx-pch --program-prefix=arm-arago-linux-gnueabi- --enable-target-optspace --enable-lto --enable-libssp --disable-bootstrap --disable-libgomp --disable-libmudflap --with-float=softfp --with-sysroot=/arago-2011.09/armv7a/arm-arago-linux-gnueabi --with-build-time-tools=/sim/scratch_a0850442/arago-tmp-arago/sysroots/i686-linux/usr/armv7a/arm-arago-linux-gnueabi/bin --with-build-sysroot=/sim/scratch_a0850442/arago-tmp-arago/sysroots/armv7a-arago-linux-gnueabi --disable-libunwind-exceptions --with-mpfr=/sim/scratch_a0850442/arago-tmp-arago/sysroots/i686-linux/usr --with-system-zlib --enable-__cxa_atexit
Thread model: posix
gcc version 4.5.3 20110311 (prerelease) (GCC) 
configure:1974: $? = 0
configure:1981: arm-arago-linux-gnueabi-g++ -V >&5
arm-arago-linux-gnueabi-g++: '-V' option must have argument
configure:1985: $? = 1
configure:2008: checking for C++ compiler default output file name
configure:2030: arm-arago-linux-gnueabi-g++   -L/usr/local/ssl/lib conftest.cpp  >&5
configure:2034: $? = 0
configure:2072: result: a.out
configure:2091: checking whether the C++ compiler works
configure:2124: result: yes
configure:2131: checking whether we are cross compiling
configure:2133: result: yes
configure:2136: checking for suffix of executables
configure:2143: arm-arago-linux-gnueabi-g++ -o conftest   -L/usr/local/ssl/lib conftest.cpp  >&5
configure:2147: $? = 0
configure:2173: result: 
configure:2179: checking for suffix of object files
configure:2205: arm-arago-linux-gnueabi-g++ -c   conftest.cpp >&5
configure:2209: $? = 0
configure:2234: result: o
configure:2238: checking whether we are using the GNU C++ compiler
configure:2267: arm-arago-linux-gnueabi-g++ -c   conftest.cpp >&5
configure:2274: $? = 0
configure:2291: result: yes
configure:2300: checking whether arm-arago-linux-gnueabi-g++ accepts -g
configure:2330: arm-arago-linux-gnueabi-g++ -c -g  conftest.cpp >&5
configure:2337: $? = 0
configure:2438: result: yes
configure:2469: checking for arm-linux-gcc
configure:2496: result: arm-arago-linux-gnueabi-gcc
configure:2768: checking for C compiler version
configure:2776: arm-arago-linux-gnueabi-gcc --version >&5
arm-arago-linux-gnueabi-gcc (GCC) 4.5.3 20110311 (prerelease)
Copyright (C) 2010 Free Software Foundation, Inc.
This is free software; see the source for copying conditions.  There is NO
warranty; not even for MERCHANTABILITY or FITNESS FOR A PARTICULAR PURPOSE.

configure:2780: $? = 0
configure:2787: arm-arago-linux-gnueabi-gcc -v >&5
Using built-in specs.
COLLECT_GCC=arm-arago-linux-gnueabi-gcc
Target: arm-arago-linux-gnueabi
Configured with: /sim/scratch_a0850442/arago-tmp-arago/work/i686-armv7a-sdk-arago-linux-gnueabi/gcc-cross-sdk-4.5-r41.2+svnr170880/gcc-4_5-branch/configure --build=i686-linux --host=i686-linux --target=arm-arago-linux-gnueabi --prefix=/arago-2011.09/armv7a --exec_prefix=/arago-2011.09/armv7a --bindir=/arago-2011.09/armv7a/bin --sbindir=/arago-2011.09/armv7a/bin --libexecdir=/arago-2011.09/armv7a/libexec --datadir=/arago-2011.09/armv7a/share --sysconfdir=/arago-2011.09/armv7a/etc --sharedstatedir=/arago-2011.09/armv7a/share/com --localstatedir=/arago-2011.09/armv7a/var --libdir=/arago-2011.09/armv7a/lib --includedir=/arago-2011.09/armv7a/include --oldincludedir=/arago-2011.09/armv7a/include --infodir=/arago-2011.09/armv7a/share/info --mandir=/arago-2011.09/armv7a/share/man --enable-largefile --disable-nls --enable-ipv6 --with-gnu-ld --enable-shared --enable-languages=c,c++,objc,fortran --enable-threads=posix --disable-multilib --enable-c99 --enable-long-long --enable-symvers=gnu --enable-libstdcxx-pch --program-prefix=arm-arago-linux-gnueabi- --enable-target-optspace --enable-lto --enable-libssp --disable-bootstrap --disable-libgomp --disable-libmudflap --with-float=softfp --with-sysroot=/arago-2011.09/armv7a/arm-arago-linux-gnueabi --with-build-time-tools=/sim/scratch_a0850442/arago-tmp-arago/sysroots/i686-linux/usr/armv7a/arm-arago-linux-gnueabi/bin --with-build-sysroot=/sim/scratch_a0850442/arago-tmp-arago/sysroots/armv7a-arago-linux-gnueabi --disable-libunwind-exceptions --with-mpfr=/sim/scratch_a0850442/arago-tmp-arago/sysroots/i686-linux/usr --with-system-zlib --enable-__cxa_atexit
Thread model: posix
gcc version 4.5.3 20110311 (prerelease) (GCC) 
configure:2791: $? = 0
configure:2798: arm-arago-linux-gnueabi-gcc -V >&5
arm-arago-linux-gnueabi-gcc: '-V' option must have argument
configure:2802: $? = 1
configure:2805: checking whether we are using the GNU C compiler
configure:2834: arm-arago-linux-gnueabi-gcc -c   conftest.c >&5
configure:2841: $? = 0
configure:2858: result: yes
configure:2867: checking whether arm-arago-linux-gnueabi-gcc accepts -g
configure:2897: arm-arago-linux-gnueabi-gcc -c -g  conftest.c >&5
configure:2904: $? = 0
configure:3005: result: yes
configure:3022: checking for arm-arago-linux-gnueabi-gcc option to accept ISO C89
configure:3096: arm-arago-linux-gnueabi-gcc  -c -g -O2  conftest.c >&5
configure:3103: $? = 0
configure:3126: result: none needed
configure:3149: checking how to run the C preprocessor
configure:3189: arm-arago-linux-gnueabi-gcc -E  conftest.c
configure:3196: $? = 0
configure:3227: arm-arago-linux-gnueabi-gcc -E  conftest.c
conftest.c:8:28: fatal error: ac_nonexistent.h: No such file or directory
compilation terminated.
configure:3234: $? = 1
configure: failed program was:
| /* confdefs.h.  */
| #define PACKAGE_NAME ""
| #define PACKAGE_TARNAME ""
| #define PACKAGE_VERSION ""
| #define PACKAGE_STRING ""
| #define PACKAGE_BUGREPORT ""
| /* end confdefs.h.  */
| #include <ac_nonexistent.h>
configure:3267: result: arm-arago-linux-gnueabi-gcc -E
configure:3296: arm-arago-linux-gnueabi-gcc -E  conftest.c
configure:3303: $? = 0
configure:3334: arm-arago-linux-gnueabi-gcc -E  conftest.c
conftest.c:8:28: fatal error: ac_nonexistent.h: No such file or directory
compilation terminated.
configure:3341: $? = 1
configure: failed program was:
| /* confdefs.h.  */
| #define PACKAGE_NAME ""
| #define PACKAGE_TARNAME ""
| #define PACKAGE_VERSION ""
| #define PACKAGE_STRING ""
| #define PACKAGE_BUGREPORT ""
| /* end confdefs.h.  */
| #include <ac_nonexistent.h>
configure:3418: checking build system type
configure:3436: result: i686-pc-linux-gnu
configure:3458: checking host system type
configure:3473: result: arm-unknown-linux-gnu
configure:3495: checking target system type
configure:3510: result: arm-unknown-linux-gnu
configure:3587: checking for grep that handles long lines and -e
configure:3647: result: /bin/grep
configure:3652: checking for egrep
configure:3716: result: /bin/grep -E
configure:3721: checking for ANSI C header files
configure:3751: arm-arago-linux-gnueabi-gcc -c -g -O2  conftest.c >&5
configure:3758: $? = 0
configure:3889: result: yes
configure:3913: checking for sys/types.h
configure:3934: arm-arago-linux-gnueabi-gcc -c -g -O2  conftest.c >&5
configure:3941: $? = 0
configure:3958: result: yes
configure:3913: checking for sys/stat.h
configure:3934: arm-arago-linux-gnueabi-gcc -c -g -O2  conftest.c >&5
configure:3941: $? = 0
configure:3958: result: yes
configure:3913: checking for stdlib.h
configure:3934: arm-arago-linux-gnueabi-gcc -c -g -O2  conftest.c >&5
configure:3941: $? = 0
configure:3958: result: yes
configure:3913: checking for string.h
configure:3934: arm-arago-linux-gnueabi-gcc -c -g -O2  conftest.c >&5
configure:3941: $? = 0
configure:3958: result: yes
configure:3913: checking for memory.h
configure:3934: arm-arago-linux-gnueabi-gcc -c -g -O2  conftest.c >&5
configure:3941: $? = 0
configure:3958: result: yes
configure:3913: checking for strings.h
configure:3934: arm-arago-linux-gnueabi-gcc -c -g -O2  conftest.c >&5
configure:3941: $? = 0
configure:3958: result: yes
configure:3913: checking for inttypes.h
configure:3934: arm-arago-linux-gnueabi-gcc -c -g -O2  conftest.c >&5
configure:3941: $? = 0
configure:3958: result: yes
configure:3913: checking for stdint.h
configure:3934: arm-arago-linux-gnueabi-gcc -c -g -O2  conftest.c >&5
configure:3941: $? = 0
configure:3958: result: yes
configure:3913: checking for unistd.h
configure:3934: arm-arago-linux-gnueabi-gcc -c -g -O2  conftest.c >&5
configure:3941: $? = 0
configure:3958: result: yes
configure:3982: checking alsa/asoundlib.h usability
configure:3999: arm-arago-linux-gnueabi-gcc -c -g -O2  conftest.c >&5
configure:4006: $? = 0
configure:4020: result: yes
configure:4024: checking alsa/asoundlib.h presence
configure:4039: arm-arago-linux-gnueabi-gcc -E  conftest.c
configure:4046: $? = 0
configure:4060: result: yes
configure:4088: checking for alsa/asoundlib.h
configure:4095: result: yes
configure:4104: checking for ALSA sound support
configure:4109: result: yes
configure:4447: checking pulse/simple.h usability
configure:4464: arm-arago-linux-gnueabi-gcc -c -g -O2  conftest.c >&5
configure:4471: $? = 0
configure:4485: result: yes
configure:4489: checking pulse/simple.h presence
configure:4504: arm-arago-linux-gnueabi-gcc -E  conftest.c
configure:4511: $? = 0
configure:4525: result: yes
configure:4553: checking for pulse/simple.h
configure:4560: result: yes
configure:4569: checking for Pulse sound support
configure:4574: result: yes
configure:5034: checking for linux/videodev2.h
configure:5059: arm-arago-linux-gnueabi-gcc -c -g -O2  conftest.c >&5
configure:5066: $? = 0
configure:5083: result: yes
configure:5165: checking for V4L2 video support
configure:5168: result: yes
configure:5190: checking libv4l2.h usability
configure:5207: arm-arago-linux-gnueabi-gcc -c -g -O2  conftest.c >&5
configure:5214: $? = 0
configure:5228: result: yes
configure:5232: checking libv4l2.h presence
configure:5247: arm-arago-linux-gnueabi-gcc -E  conftest.c
configure:5254: $? = 0
configure:5268: result: yes
configure:5296: checking for libv4l2.h
configure:5303: result: yes
configure:5308: checking for v4l2_fd_open in -lv4l2
configure:5343: arm-arago-linux-gnueabi-gcc -o conftest -g -O2  -L/usr/local/ssl/lib conftest.c -lv4l2   >&5
configure:5350: $? = 0
configure:5371: result: yes
configure:5382: checking for libv4l2 support
configure:5385: result: yes
configure:5415: checking machine/ioctl_meteor.h usability
configure:5432: arm-arago-linux-gnueabi-gcc -c -g -O2  conftest.c >&5
conftest.c:51:34: fatal error: machine/ioctl_meteor.h: No such file or directory
compilation terminated.
configure:5439: $? = 1
configure: failed program was:
| /* confdefs.h.  */
| #define PACKAGE_NAME ""
| #define PACKAGE_TARNAME ""
| #define PACKAGE_VERSION ""
| #define PACKAGE_STRING ""
| #define PACKAGE_BUGREPORT ""
| #define STDC_HEADERS 1
| #define HAVE_SYS_TYPES_H 1
| #define HAVE_SYS_STAT_H 1
| #define HAVE_STDLIB_H 1
| #define HAVE_STRING_H 1
| #define HAVE_MEMORY_H 1
| #define HAVE_STRINGS_H 1
| #define HAVE_INTTYPES_H 1
| #define HAVE_STDINT_H 1
| #define HAVE_UNISTD_H 1
| /* end confdefs.h.  */
| #include <stdio.h>
| #ifdef HAVE_SYS_TYPES_H
| # include <sys/types.h>
| #endif
| #ifdef HAVE_SYS_STAT_H
| # include <sys/stat.h>
| #endif
| #ifdef STDC_HEADERS
| # include <stdlib.h>
| # include <stddef.h>
| #else
| # ifdef HAVE_STDLIB_H
| #  include <stdlib.h>
| # endif
| #endif
| #ifdef HAVE_STRING_H
| # if !defined STDC_HEADERS && defined HAVE_MEMORY_H
| #  include <memory.h>
| # endif
| # include <string.h>
| #endif
| #ifdef HAVE_STRINGS_H
| # include <strings.h>
| #endif
| #ifdef HAVE_INTTYPES_H
| # include <inttypes.h>
| #endif
| #ifdef HAVE_STDINT_H
| # include <stdint.h>
| #endif
| #ifdef HAVE_UNISTD_H
| # include <unistd.h>
| #endif
| #include <machine/ioctl_meteor.h>
configure:5453: result: no
configure:5457: checking machine/ioctl_meteor.h presence
configure:5472: arm-arago-linux-gnueabi-gcc -E  conftest.c
conftest.c:18:34: fatal error: machine/ioctl_meteor.h: No such file or directory
compilation terminated.
configure:5479: $? = 1
configure: failed program was:
| /* confdefs.h.  */
| #define PACKAGE_NAME ""
| #define PACKAGE_TARNAME ""
| #define PACKAGE_VERSION ""
| #define PACKAGE_STRING ""
| #define PACKAGE_BUGREPORT ""
| #define STDC_HEADERS 1
| #define HAVE_SYS_TYPES_H 1
| #define HAVE_SYS_STAT_H 1
| #define HAVE_STDLIB_H 1
| #define HAVE_STRING_H 1
| #define HAVE_MEMORY_H 1
| #define HAVE_STRINGS_H 1
| #define HAVE_INTTYPES_H 1
| #define HAVE_STDINT_H 1
| #define HAVE_UNISTD_H 1
| /* end confdefs.h.  */
| #include <machine/ioctl_meteor.h>
configure:5493: result: no
configure:5521: checking for machine/ioctl_meteor.h
configure:5528: result: no
configure:5547: checking i386/ioctl_meteor.h usability
configure:5564: arm-arago-linux-gnueabi-gcc -c -g -O2  conftest.c >&5
conftest.c:51:31: fatal error: i386/ioctl_meteor.h: No such file or directory
compilation terminated.
configure:5571: $? = 1
configure: failed program was:
| /* confdefs.h.  */
| #define PACKAGE_NAME ""
| #define PACKAGE_TARNAME ""
| #define PACKAGE_VERSION ""
| #define PACKAGE_STRING ""
| #define PACKAGE_BUGREPORT ""
| #define STDC_HEADERS 1
| #define HAVE_SYS_TYPES_H 1
| #define HAVE_SYS_STAT_H 1
| #define HAVE_STDLIB_H 1
| #define HAVE_STRING_H 1
| #define HAVE_MEMORY_H 1
| #define HAVE_STRINGS_H 1
| #define HAVE_INTTYPES_H 1
| #define HAVE_STDINT_H 1
| #define HAVE_UNISTD_H 1
| /* end confdefs.h.  */
| #include <stdio.h>
| #ifdef HAVE_SYS_TYPES_H
| # include <sys/types.h>
| #endif
| #ifdef HAVE_SYS_STAT_H
| # include <sys/stat.h>
| #endif
| #ifdef STDC_HEADERS
| # include <stdlib.h>
| # include <stddef.h>
| #else
| # ifdef HAVE_STDLIB_H
| #  include <stdlib.h>
| # endif
| #endif
| #ifdef HAVE_STRING_H
| # if !defined STDC_HEADERS && defined HAVE_MEMORY_H
| #  include <memory.h>
| # endif
| # include <string.h>
| #endif
| #ifdef HAVE_STRINGS_H
| # include <strings.h>
| #endif
| #ifdef HAVE_INTTYPES_H
| # include <inttypes.h>
| #endif
| #ifdef HAVE_STDINT_H
| # include <stdint.h>
| #endif
| #ifdef HAVE_UNISTD_H
| # include <unistd.h>
| #endif
| #include <i386/ioctl_meteor.h>
configure:5585: result: no
configure:5589: checking i386/ioctl_meteor.h presence
configure:5604: arm-arago-linux-gnueabi-gcc -E  conftest.c
conftest.c:18:31: fatal error: i386/ioctl_meteor.h: No such file or directory
compilation terminated.
configure:5611: $? = 1
configure: failed program was:
| /* confdefs.h.  */
| #define PACKAGE_NAME ""
| #define PACKAGE_TARNAME ""
| #define PACKAGE_VERSION ""
| #define PACKAGE_STRING ""
| #define PACKAGE_BUGREPORT ""
| #define STDC_HEADERS 1
| #define HAVE_SYS_TYPES_H 1
| #define HAVE_SYS_STAT_H 1
| #define HAVE_STDLIB_H 1
| #define HAVE_STRING_H 1
| #define HAVE_MEMORY_H 1
| #define HAVE_STRINGS_H 1
| #define HAVE_INTTYPES_H 1
| #define HAVE_STDINT_H 1
| #define HAVE_UNISTD_H 1
| /* end confdefs.h.  */
| #include <i386/ioctl_meteor.h>
configure:5625: result: no
configure:5653: checking for i386/ioctl_meteor.h
configure:5660: result: no
configure:5679: checking dev/ic/bt8xx.h usability
configure:5696: arm-arago-linux-gnueabi-gcc -c -g -O2  conftest.c >&5
conftest.c:51:26: fatal error: dev/ic/bt8xx.h: No such file or directory
compilation terminated.
configure:5703: $? = 1
configure: failed program was:
| /* confdefs.h.  */
| #define PACKAGE_NAME ""
| #define PACKAGE_TARNAME ""
| #define PACKAGE_VERSION ""
| #define PACKAGE_STRING ""
| #define PACKAGE_BUGREPORT ""
| #define STDC_HEADERS 1
| #define HAVE_SYS_TYPES_H 1
| #define HAVE_SYS_STAT_H 1
| #define HAVE_STDLIB_H 1
| #define HAVE_STRING_H 1
| #define HAVE_MEMORY_H 1
| #define HAVE_STRINGS_H 1
| #define HAVE_INTTYPES_H 1
| #define HAVE_STDINT_H 1
| #define HAVE_UNISTD_H 1
| /* end confdefs.h.  */
| #include <stdio.h>
| #ifdef HAVE_SYS_TYPES_H
| # include <sys/types.h>
| #endif
| #ifdef HAVE_SYS_STAT_H
| # include <sys/stat.h>
| #endif
| #ifdef STDC_HEADERS
| # include <stdlib.h>
| # include <stddef.h>
| #else
| # ifdef HAVE_STDLIB_H
| #  include <stdlib.h>
| # endif
| #endif
| #ifdef HAVE_STRING_H
| # if !defined STDC_HEADERS && defined HAVE_MEMORY_H
| #  include <memory.h>
| # endif
| # include <string.h>
| #endif
| #ifdef HAVE_STRINGS_H
| # include <strings.h>
| #endif
| #ifdef HAVE_INTTYPES_H
| # include <inttypes.h>
| #endif
| #ifdef HAVE_STDINT_H
| # include <stdint.h>
| #endif
| #ifdef HAVE_UNISTD_H
| # include <unistd.h>
| #endif
| #include <dev/ic/bt8xx.h>
configure:5717: result: no
configure:5721: checking dev/ic/bt8xx.h presence
configure:5736: arm-arago-linux-gnueabi-gcc -E  conftest.c
conftest.c:18:26: fatal error: dev/ic/bt8xx.h: No such file or directory
compilation terminated.
configure:5743: $? = 1
configure: failed program was:
| /* confdefs.h.  */
| #define PACKAGE_NAME ""
| #define PACKAGE_TARNAME ""
| #define PACKAGE_VERSION ""
| #define PACKAGE_STRING ""
| #define PACKAGE_BUGREPORT ""
| #define STDC_HEADERS 1
| #define HAVE_SYS_TYPES_H 1
| #define HAVE_SYS_STAT_H 1
| #define HAVE_STDLIB_H 1
| #define HAVE_STRING_H 1
| #define HAVE_MEMORY_H 1
| #define HAVE_STRINGS_H 1
| #define HAVE_INTTYPES_H 1
| #define HAVE_STDINT_H 1
| #define HAVE_UNISTD_H 1
| /* end confdefs.h.  */
| #include <dev/ic/bt8xx.h>
configure:5757: result: no
configure:5785: checking for dev/ic/bt8xx.h
configure:5792: result: no
configure:5801: checking for BSD video support
configure:5809: result: no
configure:6253: checking libdc1394/dc1394_control.h usability
configure:6270: arm-arago-linux-gnueabi-gcc -c -g -O2  conftest.c >&5
conftest.c:51:38: fatal error: libdc1394/dc1394_control.h: No such file or directory
compilation terminated.
configure:6277: $? = 1
configure: failed program was:
| /* confdefs.h.  */
| #define PACKAGE_NAME ""
| #define PACKAGE_TARNAME ""
| #define PACKAGE_VERSION ""
| #define PACKAGE_STRING ""
| #define PACKAGE_BUGREPORT ""
| #define STDC_HEADERS 1
| #define HAVE_SYS_TYPES_H 1
| #define HAVE_SYS_STAT_H 1
| #define HAVE_STDLIB_H 1
| #define HAVE_STRING_H 1
| #define HAVE_MEMORY_H 1
| #define HAVE_STRINGS_H 1
| #define HAVE_INTTYPES_H 1
| #define HAVE_STDINT_H 1
| #define HAVE_UNISTD_H 1
| /* end confdefs.h.  */
| #include <stdio.h>
| #ifdef HAVE_SYS_TYPES_H
| # include <sys/types.h>
| #endif
| #ifdef HAVE_SYS_STAT_H
| # include <sys/stat.h>
| #endif
| #ifdef STDC_HEADERS
| # include <stdlib.h>
| # include <stddef.h>
| #else
| # ifdef HAVE_STDLIB_H
| #  include <stdlib.h>
| # endif
| #endif
| #ifdef HAVE_STRING_H
| # if !defined STDC_HEADERS && defined HAVE_MEMORY_H
| #  include <memory.h>
| # endif
| # include <string.h>
| #endif
| #ifdef HAVE_STRINGS_H
| # include <strings.h>
| #endif
| #ifdef HAVE_INTTYPES_H
| # include <inttypes.h>
| #endif
| #ifdef HAVE_STDINT_H
| # include <stdint.h>
| #endif
| #ifdef HAVE_UNISTD_H
| # include <unistd.h>
| #endif
| #include <libdc1394/dc1394_control.h>
configure:6291: result: no
configure:6295: checking libdc1394/dc1394_control.h presence
configure:6310: arm-arago-linux-gnueabi-gcc -E  conftest.c
conftest.c:18:38: fatal error: libdc1394/dc1394_control.h: No such file or directory
compilation terminated.
configure:6317: $? = 1
configure: failed program was:
| /* confdefs.h.  */
| #define PACKAGE_NAME ""
| #define PACKAGE_TARNAME ""
| #define PACKAGE_VERSION ""
| #define PACKAGE_STRING ""
| #define PACKAGE_BUGREPORT ""
| #define STDC_HEADERS 1
| #define HAVE_SYS_TYPES_H 1
| #define HAVE_SYS_STAT_H 1
| #define HAVE_STDLIB_H 1
| #define HAVE_STRING_H 1
| #define HAVE_MEMORY_H 1
| #define HAVE_STRINGS_H 1
| #define HAVE_INTTYPES_H 1
| #define HAVE_STDINT_H 1
| #define HAVE_UNISTD_H 1
| /* end confdefs.h.  */
| #include <libdc1394/dc1394_control.h>
configure:6331: result: no
configure:6359: checking for libdc1394/dc1394_control.h
configure:6366: result: no
configure:6385: checking libraw1394/raw1394.h usability
configure:6402: arm-arago-linux-gnueabi-gcc -c -g -O2  conftest.c >&5
conftest.c:51:32: fatal error: libraw1394/raw1394.h: No such file or directory
compilation terminated.
configure:6409: $? = 1
configure: failed program was:
| /* confdefs.h.  */
| #define PACKAGE_NAME ""
| #define PACKAGE_TARNAME ""
| #define PACKAGE_VERSION ""
| #define PACKAGE_STRING ""
| #define PACKAGE_BUGREPORT ""
| #define STDC_HEADERS 1
| #define HAVE_SYS_TYPES_H 1
| #define HAVE_SYS_STAT_H 1
| #define HAVE_STDLIB_H 1
| #define HAVE_STRING_H 1
| #define HAVE_MEMORY_H 1
| #define HAVE_STRINGS_H 1
| #define HAVE_INTTYPES_H 1
| #define HAVE_STDINT_H 1
| #define HAVE_UNISTD_H 1
| /* end confdefs.h.  */
| #include <stdio.h>
| #ifdef HAVE_SYS_TYPES_H
| # include <sys/types.h>
| #endif
| #ifdef HAVE_SYS_STAT_H
| # include <sys/stat.h>
| #endif
| #ifdef STDC_HEADERS
| # include <stdlib.h>
| # include <stddef.h>
| #else
| # ifdef HAVE_STDLIB_H
| #  include <stdlib.h>
| # endif
| #endif
| #ifdef HAVE_STRING_H
| # if !defined STDC_HEADERS && defined HAVE_MEMORY_H
| #  include <memory.h>
| # endif
| # include <string.h>
| #endif
| #ifdef HAVE_STRINGS_H
| # include <strings.h>
| #endif
| #ifdef HAVE_INTTYPES_H
| # include <inttypes.h>
| #endif
| #ifdef HAVE_STDINT_H
| # include <stdint.h>
| #endif
| #ifdef HAVE_UNISTD_H
| # include <unistd.h>
| #endif
| #include <libraw1394/raw1394.h>
configure:6423: result: no
configure:6427: checking libraw1394/raw1394.h presence
configure:6442: arm-arago-linux-gnueabi-gcc -E  conftest.c
conftest.c:18:32: fatal error: libraw1394/raw1394.h: No such file or directory
compilation terminated.
configure:6449: $? = 1
configure: failed program was:
| /* confdefs.h.  */
| #define PACKAGE_NAME ""
| #define PACKAGE_TARNAME ""
| #define PACKAGE_VERSION ""
| #define PACKAGE_STRING ""
| #define PACKAGE_BUGREPORT ""
| #define STDC_HEADERS 1
| #define HAVE_SYS_TYPES_H 1
| #define HAVE_SYS_STAT_H 1
| #define HAVE_STDLIB_H 1
| #define HAVE_STRING_H 1
| #define HAVE_MEMORY_H 1
| #define HAVE_STRINGS_H 1
| #define HAVE_INTTYPES_H 1
| #define HAVE_STDINT_H 1
| #define HAVE_UNISTD_H 1
| /* end confdefs.h.  */
| #include <libraw1394/raw1394.h>
configure:6463: result: no
configure:6491: checking for libraw1394/raw1394.h
configure:6498: result: no
configure:6507: checking for IEEE1394/DC video support
configure:6577: result: no
configure:6732: creating ./config.status

## ---------------------- ##
## Running config.status. ##
## ---------------------- ##

This file was extended by config.status, which was
generated by GNU Autoconf 2.63.  Invocation command line was

  CONFIG_FILES    = 
  CONFIG_HEADERS  = 
  CONFIG_LINKS    = 
  CONFIG_COMMANDS = 
  $ ./config.status 

on sdt-SMBIOS

config.status:679: creating Makefile
config.status:679: creating vidinput_v4l2/Makefile
config.status:679: creating vidinput_dc/Makefile

## ---------------- ##
## Cache variables. ##
## ---------------- ##

ac_cv_build=i686-pc-linux-gnu
ac_cv_c_compiler_gnu=yes
ac_cv_cxx_compiler_gnu=yes
ac_cv_env_CCC_set=
ac_cv_env_CCC_value=
ac_cv_env_CC_set=set
ac_cv_env_CC_value=arm-arago-linux-gnueabi-gcc
ac_cv_env_CFLAGS_set=
ac_cv_env_CFLAGS_value=
ac_cv_env_CPPFLAGS_set=
ac_cv_env_CPPFLAGS_value=
ac_cv_env_CPP_set=
ac_cv_env_CPP_value=
ac_cv_env_CXXFLAGS_set=
ac_cv_env_CXXFLAGS_value=
ac_cv_env_CXX_set=set
ac_cv_env_CXX_value=arm-arago-linux-gnueabi-g++
ac_cv_env_LDFLAGS_set=set
ac_cv_env_LDFLAGS_value=-L/usr/local/ssl/lib
ac_cv_env_LIBS_set=
ac_cv_env_LIBS_value=
ac_cv_env_build_alias_set=set
ac_cv_env_build_alias_value=i686-pc-linux-gnu
ac_cv_env_host_alias_set=set
ac_cv_env_host_alias_value=arm-linux
ac_cv_env_target_alias_set=set
ac_cv_env_target_alias_value=arm-linux
ac_cv_header_alsa_asoundlib_h=yes
ac_cv_header_dev_ic_bt8xx_h=no
ac_cv_header_i386_ioctl_meteor_h=no
ac_cv_header_inttypes_h=yes
ac_cv_header_libdc1394_dc1394_control_h=no
ac_cv_header_libraw1394_raw1394_h=no
ac_cv_header_libv4l2_h=yes
ac_cv_header_linux_videodev2_h=yes
ac_cv_header_machine_ioctl_meteor_h=no
ac_cv_header_memory_h=yes
ac_cv_header_pulse_simple_h=yes
ac_cv_header_stdc=yes
ac_cv_header_stdint_h=yes
ac_cv_header_stdlib_h=yes
ac_cv_header_string_h=yes
ac_cv_header_strings_h=yes
ac_cv_header_sys_stat_h=yes
ac_cv_header_sys_types_h=yes
ac_cv_header_unistd_h=yes
ac_cv_host=arm-unknown-linux-gnu
ac_cv_lib_v4l2_v4l2_fd_open=yes
ac_cv_objext=o
ac_cv_path_EGREP='/bin/grep -E'
ac_cv_path_GREP=/bin/grep
ac_cv_prog_CC=arm-arago-linux-gnueabi-gcc
ac_cv_prog_CPP='arm-arago-linux-gnueabi-gcc -E'
ac_cv_prog_cc_c89=
ac_cv_prog_cc_g=yes
ac_cv_prog_cxx_g=yes
ac_cv_target=arm-unknown-linux-gnu

## ----------------- ##
## Output variables. ##
## ----------------- ##

CC='arm-arago-linux-gnueabi-gcc'
CFLAGS='-g -O2'
CPP='arm-arago-linux-gnueabi-gcc -E'
CPPFLAGS=''
CXX='arm-arago-linux-gnueabi-g++'
CXXFLAGS='-g -O2'
DC_CFLAGS=''
DEFS='-DPACKAGE_NAME=\"\" -DPACKAGE_TARNAME=\"\" -DPACKAGE_VERSION=\"\" -DPACKAGE_STRING=\"\" -DPACKAGE_BUGREPORT=\"\" -DSTDC_HEADERS=1 -DHAVE_SYS_TYPES_H=1 -DHAVE_SYS_STAT_H=1 -DHAVE_STDLIB_H=1 -DHAVE_STRING_H=1 -DHAVE_MEMORY_H=1 -DHAVE_STRINGS_H=1 -DHAVE_INTTYPES_H=1 -DHAVE_STDINT_H=1 -DHAVE_UNISTD_H=1'
ECHO_C=''
ECHO_N='-n'
ECHO_T=''
EGREP='/bin/grep -E'
EXEEXT=''
GREP='/bin/grep'
HAS_ALSA='1'
HAS_AUDIOSHM=''
HAS_AVC1394=''
HAS_BSDVIDEOCAP=''
HAS_DC1394=''
HAS_ESD=''
HAS_LIBV4L='1'
HAS_OSS=''
HAS_PULSE='1'
HAS_SUNAUDIO=''
HAS_V4L2='1'
HAS_V4L=''
INSTALLPREFIX='/usr/local'
LDFLAGS='-L/usr/local/ssl/lib'
LIBDIR='${exec_prefix}/lib'
LIBOBJS=''
LIBS=''
LTLIBOBJS=''
OBJEXT='o'
PACKAGE_BUGREPORT=''
PACKAGE_NAME=''
PACKAGE_STRING=''
PACKAGE_TARNAME=''
PACKAGE_VERSION=''
PATH_SEPARATOR=':'
SHELL='/bin/sh'
V4L2_CXXFLAGS='-DV4L2_HEADER='\''"linux/videodev2.h"'\'''
ac_ct_CC=''
ac_ct_CXX=''
bindir='${exec_prefix}/bin'
build='i686-pc-linux-gnu'
build_alias='i686-pc-linux-gnu'
build_cpu='i686'
build_os='linux-gnu'
build_vendor='pc'
datadir='${datarootdir}'
datarootdir='${prefix}/share'
docdir='${datarootdir}/doc/${PACKAGE}'
dvidir='${docdir}'
exec_prefix='${prefix}'
host='arm-unknown-linux-gnu'
host_alias='arm-linux'
host_cpu='arm'
host_os='linux-gnu'
host_vendor='unknown'
htmldir='${docdir}'
includedir='${prefix}/include'
infodir='${datarootdir}/info'
libdir='${exec_prefix}/lib'
libexecdir='${exec_prefix}/libexec'
localedir='${datarootdir}/locale'
localstatedir='${prefix}/var'
mandir='${datarootdir}/man'
oldincludedir='/usr/include'
pdfdir='${docdir}'
prefix='/usr/local'
program_transform_name='s,x,x,'
psdir='${docdir}'
sbindir='${exec_prefix}/sbin'
sharedstatedir='${prefix}/com'
sysconfdir='${prefix}/etc'
target='arm-unknown-linux-gnu'
target_alias='arm-linux'
target_cpu='arm'
target_os='linux-gnu'
target_vendor='unknown'

## ----------- ##
## confdefs.h. ##
## ----------- ##

#define PACKAGE_NAME ""
#define PACKAGE_TARNAME ""
#define PACKAGE_VERSION ""
#define PACKAGE_STRING ""
#define PACKAGE_BUGREPORT ""
#define STDC_HEADERS 1
#define HAVE_SYS_TYPES_H 1
#define HAVE_SYS_STAT_H 1
#define HAVE_STDLIB_H 1
#define HAVE_STRING_H 1
#define HAVE_MEMORY_H 1
#define HAVE_STRINGS_H 1
#define HAVE_INTTYPES_H 1
#define HAVE_STDINT_H 1
#define HAVE_UNISTD_H 1

configure: exit 0
